#
# There is insufficient memory for the Java Runtime Environment to continue.
# Native memory allocation (mmap) failed to map 154140672 bytes for committing reserved memory.
# Possible reasons:
#   The system is out of physical RAM or swap space
#   In 32 bit mode, the process size limit was hit
# Possible solutions:
#   Reduce memory load on the system
#   Increase physical memory or swap space
#   Check if swap backing store is full
#   Use 64 bit Java on a 64 bit OS
#   Decrease Java heap size (-Xmx/-Xms)
#   Decrease number of Java threads
#   Decrease Java thread stack sizes (-Xss)
#   Set larger code cache with -XX:ReservedCodeCacheSize=
# This output file may be truncated or incomplete.
#
#  Out of Memory Error (os_linux.cpp:2627), pid=15488, tid=0x66ab0b40
#
# JRE version: Java(TM) SE Runtime Environment (8.0_101-b13) (build 1.8.0_101-b13)
# Java VM: Java HotSpot(TM) Server VM (25.101-b13 mixed mode linux-x86 )
# Failed to write core dump. Core dumps have been disabled. To enable core dumping, try "ulimit -c unlimited" before starting Java again
#

---------------  T H R E A D  ---------------

Current thread (0x63d10800):  VMThread [stack: 0x66a30000,0x66ab1000] [id=15495]

Stack: [0x66a30000,0x66ab1000],  sp=0x66aaf930,  free space=510k
Native frames: (J=compiled Java code, j=interpreted, Vv=VM code, C=native code)
V  [libjvm.so+0x8d431f]  VMError::report_and_die()+0x16f
V  [libjvm.so+0x38ddb5]  report_vm_out_of_memory(char const*, int, unsigned int, VMErrorType, char const*)+0x55
V  [libjvm.so+0x756326]  os::Linux::commit_memory_impl(char*, unsigned int, bool)+0xe6
V  [libjvm.so+0x7567f8]  os::pd_commit_memory(char*, unsigned int, unsigned int, bool)+0x28
V  [libjvm.so+0x75071c]  os::commit_memory(char*, unsigned int, unsigned int, bool)+0x2c
V  [libjvm.so+0x7bb9c8]  PSVirtualSpace::expand_by(unsigned int)+0x48
V  [libjvm.so+0x7bcaca]  PSYoungGen::resize_generation(unsigned int, unsigned int)+0xda
V  [libjvm.so+0x7bbdf9]  PSYoungGen::resize(unsigned int, unsigned int)+0x19
V  [libjvm.so+0x7b9725]  PSScavenge::invoke_no_policy()+0xd15
V  [libjvm.so+0x7b9ee8]  PSScavenge::invoke()+0x28
V  [libjvm.so+0x777d8a]  ParallelScavengeHeap::failed_mem_allocate(unsigned int)+0x5a
V  [libjvm.so+0x8d5dea]  VM_ParallelGCFailedAllocation::doit()+0x7a
V  [libjvm.so+0x8df4a7]  VM_Operation::evaluate()+0x47
V  [libjvm.so+0x8dd583]  VMThread::evaluate_operation(VM_Operation*)+0xb3
V  [libjvm.so+0x8dd920]  VMThread::loop()+0x1b0
V  [libjvm.so+0x8ddd85]  VMThread::run()+0x85
V  [libjvm.so+0x758969]  java_start(Thread*)+0x119
C  [libpthread.so.0+0x61aa]  start_thread+0xda

VM_Operation (0x638d9174): ParallelGCFailedAllocation, mode: safepoint, requested by thread 0x63dabc00


---------------  P R O C E S S  ---------------

Java Threads: ( => current thread )
  0x63dc3800 JavaThread "pool-2-thread-4" [_thread_blocked, id=15507, stack(0x63746000,0x63797000)]
  0x63dc2c00 JavaThread "pool-2-thread-3" [_thread_blocked, id=15506, stack(0x63797000,0x637e8000)]
  0x63db9800 JavaThread "pool-2-thread-2" [_thread_blocked, id=15505, stack(0x637e8000,0x63839000)]
  0x63dad000 JavaThread "pool-3-thread-1" [_thread_blocked, id=15504, stack(0x63839000,0x6388a000)]
  0x63dabc00 JavaThread "pool-2-thread-1" [_thread_blocked, id=15503, stack(0x6388a000,0x638db000)]
  0x63d39400 JavaThread "Service Thread" daemon [_thread_blocked, id=15501, stack(0x6395c000,0x639ad000)]
  0x63d36400 JavaThread "C1 CompilerThread1" daemon [_thread_blocked, id=15500, stack(0x639ad000,0x63a2e000)]
  0x63d34400 JavaThread "C2 CompilerThread0" daemon [_thread_blocked, id=15499, stack(0x63a2e000,0x63aaf000)]
  0x63d32800 JavaThread "Signal Dispatcher" daemon [_thread_blocked, id=15498, stack(0x63aaf000,0x63b00000)]
  0x63d17c00 JavaThread "Finalizer" daemon [_thread_blocked, id=15497, stack(0x63e39000,0x63e8a000)]
  0x63d15000 JavaThread "Reference Handler" daemon [_thread_blocked, id=15496, stack(0x63e8a000,0x63edb000)]
  0xb6507800 JavaThread "main" [_thread_blocked, id=15492, stack(0xb6680000,0xb66d1000)]

Other Threads:
=>0x63d10800 VMThread [stack: 0x66a30000,0x66ab1000] [id=15495]
  0x63d3b400 WatcherThread [stack: 0x638db000,0x6395c000] [id=15502]

VM state:at safepoint (normal execution)

VM Mutex/Monitor currently owned by a thread:  ([mutex/lock_event])
[0xb6504f60] Threads_lock - owner thread: 0x63d10800
[0xb6505370] Heap_lock - owner thread: 0x63dabc00

Heap:
 PSYoungGen      total 146432K, used 15350K [0x91ac0000, 0x9bac0000, 0xa7000000)
  eden space 131072K, 0% used [0x91ac0000,0x91ac0000,0x99ac0000)
  from space 15360K, 99% used [0x99ac0000,0x9a9bdbd0,0x9a9c0000)
  to   space 13312K, 0% used [0x9a9c0000,0x9a9c0000,0x9b6c0000)
 ParOldGen       total 43776K, used 41477K [0x67000000, 0x69ac0000, 0x91ac0000)
  object space 43776K, 94% used [0x67000000,0x698817a0,0x69ac0000)
 Metaspace       used 4062K, capacity 4102K, committed 4120K, reserved 4400K

Card table byte_map: [0x66dff000,0x67000000] byte_map_base: 0x66ac7000

Marking Bits: (ParMarkBitMap*) 0xb71278e0
 Begin Bits: [0x64900000, 0x65900000)
 End Bits:   [0x65900000, 0x66900000)

Polling page: 0xb773f000

CodeCache: size=245760Kb used=5521Kb max_used=5521Kb free=240239Kb
 bounds [0xa74e6000, 0xa7a4e000, 0xb64e6000]
 total_blobs=1879 nmethods=1719 adapters=75
 compilation: enabled

Compilation events (10 events):
Event: 6,775 Thread 0x63d36400 2067       2       com.android.dx.ssa.back.RegisterAllocator::insertMoveBefore (240 bytes)
Event: 6,778 Thread 0x63d36400 nmethod 2067 0xa7a47588 code [0xa7a478c0, 0xa7a48554]
Event: 6,791 Thread 0x63d36400 2070       2       com.android.dx.ssa.InterferenceRegisterMapper::areAnyPinned (81 bytes)
Event: 6,791 Thread 0x63d36400 nmethod 2070 0xa7a49c08 code [0xa7a49d60, 0xa7a49fb0]
Event: 6,792 Thread 0x63d36400 2069       2       java.util.concurrent.locks.ReentrantLock$NonfairSync::lock (25 bytes)
Event: 6,792 Thread 0x63d36400 nmethod 2069 0xa7a4a2c8 code [0xa7a4a420, 0xa7a4a5d0]
Event: 6,793 Thread 0x63d36400 2071       2       java.util.concurrent.ArrayBlockingQueue::enqueue (53 bytes)
Event: 6,793 Thread 0x63d36400 nmethod 2071 0xa7a4a708 code [0xa7a4a860, 0xa7a4aac4]
Event: 6,795 Thread 0x63d36400 2072  s    2       java.io.ByteArrayOutputStream::write (66 bytes)
Event: 6,795 Thread 0x63d36400 nmethod 2072 0xa7a4ad08 code [0xa7a4ae60, 0xa7a4b204]

GC Heap History (10 events):
Event: 2,248 GC heap after
Heap after GC invocations=2 (full 0):
 PSYoungGen      total 35840K, used 2553K [0x91ac0000, 0x94040000, 0xa7000000)
  eden space 33280K, 0% used [0x91ac0000,0x91ac0000,0x93b40000)
  from space 2560K, 99% used [0x93dc0000,0x9403e4f0,0x94040000)
  to   space 2560K, 0% used [0x93b40000,0x93b40000,0x93dc0000)
 ParOldGen       total 43776K, used 4053K [0x67000000, 0x69ac0000, 0x91ac0000)
  object space 43776K, 9% used [0x67000000,0x673f5720,0x69ac0000)
 Metaspace       used 3652K, capacity 3686K, committed 3736K, reserved 4400K
}
Event: 3,001 GC heap before
{Heap before GC invocations=3 (full 0):
 PSYoungGen      total 35840K, used 35833K [0x91ac0000, 0x94040000, 0xa7000000)
  eden space 33280K, 100% used [0x91ac0000,0x93b40000,0x93b40000)
  from space 2560K, 99% used [0x93dc0000,0x9403e4f0,0x94040000)
  to   space 2560K, 0% used [0x93b40000,0x93b40000,0x93dc0000)
 ParOldGen       total 43776K, used 4053K [0x67000000, 0x69ac0000, 0x91ac0000)
  object space 43776K, 9% used [0x67000000,0x673f5720,0x69ac0000)
 Metaspace       used 3756K, capacity 3814K, committed 3864K, reserved 4400K
Event: 3,057 GC heap after
Heap after GC invocations=3 (full 0):
 PSYoungGen      total 35840K, used 2559K [0x91ac0000, 0x960c0000, 0xa7000000)
  eden space 33280K, 0% used [0x91ac0000,0x91ac0000,0x93b40000)
  from space 2560K, 99% used [0x93b40000,0x93dbfc90,0x93dc0000)
  to   space 2560K, 0% used [0x95e40000,0x95e40000,0x960c0000)
 ParOldGen       total 43776K, used 9127K [0x67000000, 0x69ac0000, 0x91ac0000)
  object space 43776K, 20% used [0x67000000,0x678e9cf8,0x69ac0000)
 Metaspace       used 3756K, capacity 3814K, committed 3864K, reserved 4400K
}
Event: 3,662 GC heap before
{Heap before GC invocations=4 (full 0):
 PSYoungGen      total 35840K, used 35839K [0x91ac0000, 0x960c0000, 0xa7000000)
  eden space 33280K, 100% used [0x91ac0000,0x93b40000,0x93b40000)
  from space 2560K, 99% used [0x93b40000,0x93dbfc90,0x93dc0000)
  to   space 2560K, 0% used [0x95e40000,0x95e40000,0x960c0000)
 ParOldGen       total 43776K, used 9127K [0x67000000, 0x69ac0000, 0x91ac0000)
  object space 43776K, 20% used [0x67000000,0x678e9cf8,0x69ac0000)
 Metaspace       used 3797K, capacity 3846K, committed 3864K, reserved 4400K
Event: 3,736 GC heap after
Heap after GC invocations=4 (full 0):
 PSYoungGen      total 69120K, used 2555K [0x91ac0000, 0x960c0000, 0xa7000000)
  eden space 66560K, 0% used [0x91ac0000,0x91ac0000,0x95bc0000)
  from space 2560K, 99% used [0x95e40000,0x960bec10,0x960c0000)
  to   space 2560K, 0% used [0x95bc0000,0x95bc0000,0x95e40000)
 ParOldGen       total 43776K, used 14540K [0x67000000, 0x69ac0000, 0x91ac0000)
  object space 43776K, 33% used [0x67000000,0x67e33058,0x69ac0000)
 Metaspace       used 3797K, capacity 3846K, committed 3864K, reserved 4400K
}
Event: 4,765 GC heap before
{Heap before GC invocations=5 (full 0):
 PSYoungGen      total 69120K, used 69115K [0x91ac0000, 0x960c0000, 0xa7000000)
  eden space 66560K, 100% used [0x91ac0000,0x95bc0000,0x95bc0000)
  from space 2560K, 99% used [0x95e40000,0x960bec10,0x960c0000)
  to   space 2560K, 0% used [0x95bc0000,0x95bc0000,0x95e40000)
 ParOldGen       total 43776K, used 14540K [0x67000000, 0x69ac0000, 0x91ac0000)
  object space 43776K, 33% used [0x67000000,0x67e33058,0x69ac0000)
 Metaspace       used 3834K, capacity 3878K, committed 3992K, reserved 4400K
Event: 4,875 GC heap after
Heap after GC invocations=5 (full 0):
 PSYoungGen      total 69120K, used 2559K [0x91ac0000, 0x9b6c0000, 0xa7000000)
  eden space 66560K, 0% used [0x91ac0000,0x91ac0000,0x95bc0000)
  from space 2560K, 99% used [0x95bc0000,0x95e3fcd0,0x95e40000)
  to   space 13312K, 0% used [0x9a9c0000,0x9a9c0000,0x9b6c0000)
 ParOldGen       total 43776K, used 24813K [0x67000000, 0x69ac0000, 0x91ac0000)
  object space 43776K, 56% used [0x67000000,0x6883b6e0,0x69ac0000)
 Metaspace       used 3834K, capacity 3878K, committed 3992K, reserved 4400K
}
Event: 5,497 GC heap before
{Heap before GC invocations=6 (full 0):
 PSYoungGen      total 69120K, used 69119K [0x91ac0000, 0x9b6c0000, 0xa7000000)
  eden space 66560K, 100% used [0x91ac0000,0x95bc0000,0x95bc0000)
  from space 2560K, 99% used [0x95bc0000,0x95e3fcd0,0x95e40000)
  to   space 13312K, 0% used [0x9a9c0000,0x9a9c0000,0x9b6c0000)
 ParOldGen       total 43776K, used 24813K [0x67000000, 0x69ac0000, 0x91ac0000)
  object space 43776K, 56% used [0x67000000,0x6883b6e0,0x69ac0000)
 Metaspace       used 3949K, capacity 4006K, committed 4120K, reserved 4400K
Event: 5,620 GC heap after
Heap after GC invocations=6 (full 0):
 PSYoungGen      total 144384K, used 12713K [0x91ac0000, 0x9bac0000, 0xa7000000)
  eden space 131072K, 0% used [0x91ac0000,0x91ac0000,0x99ac0000)
  from space 13312K, 95% used [0x9a9c0000,0x9b62a728,0x9b6c0000)
  to   space 15360K, 0% used [0x99ac0000,0x99ac0000,0x9a9c0000)
 ParOldGen       total 43776K, used 24813K [0x67000000, 0x69ac0000, 0x91ac0000)
  object space 43776K, 56% used [0x67000000,0x6883b6e0,0x69ac0000)
 Metaspace       used 3949K, capacity 4006K, committed 4120K, reserved 4400K
}
Event: 6,850 GC heap before
{Heap before GC invocations=7 (full 0):
 PSYoungGen      total 144384K, used 143785K [0x91ac0000, 0x9bac0000, 0xa7000000)
  eden space 131072K, 100% used [0x91ac0000,0x99ac0000,0x99ac0000)
  from space 13312K, 95% used [0x9a9c0000,0x9b62a728,0x9b6c0000)
  to   space 15360K, 0% used [0x99ac0000,0x99ac0000,0x9a9c0000)
 ParOldGen       total 43776K, used 24813K [0x67000000, 0x69ac0000, 0x91ac0000)
  object space 43776K, 56% used [0x67000000,0x6883b6e0,0x69ac0000)
 Metaspace       used 4062K, capacity 4102K, committed 4120K, reserved 4400K

Deoptimization events (9 events):
Event: 0,733 Thread 0xb6507800 Uncommon trap: reason=unstable_if action=reinterpret pc=0xa75bb8b8 method=java.lang.String.indexOf(II)I @ 49
Event: 1,252 Thread 0xb6507800 Uncommon trap: reason=unstable_if action=reinterpret pc=0xa76175f0 method=java.util.HashMap.getNode(ILjava/lang/Object;)Ljava/util/HashMap$Node; @ 129
Event: 1,329 Thread 0xb6507800 Uncommon trap: reason=unstable_if action=reinterpret pc=0xa763b348 method=java.util.BitSet.nextSetBit(I)I @ 87
Event: 1,987 Thread 0xb6507800 Uncommon trap: reason=unstable_if action=reinterpret pc=0xa76bc37c method=com.android.dx.rop.code.LocalItem.hashCode()I @ 25
Event: 2,265 Thread 0x63dc2c00 Uncommon trap: reason=unstable_if action=reinterpret pc=0xa76eda2c method=com.android.dx.rop.code.RegisterSpec.equals(ILcom/android/dx/rop/type/TypeBearer;Lcom/android/dx/rop/code/LocalItem;)Z @ 42
Event: 2,377 Thread 0xb6507800 Uncommon trap: reason=bimorphic action=maybe_recompile pc=0xa765803c method=java.util.HashMap.getNode(ILjava/lang/Object;)Ljava/util/HashMap$Node; @ 126
Event: 2,482 Thread 0x63dc2c00 Uncommon trap: reason=unstable_if action=reinterpret pc=0xa7602bd8 method=java.lang.String.replace(CC)Ljava/lang/String; @ 26
Event: 2,663 Thread 0x63dc3800 Uncommon trap: reason=unstable_if action=reinterpret pc=0xa765801c method=java.util.HashMap.getNode(ILjava/lang/Object;)Ljava/util/HashMap$Node; @ 84
Event: 4,138 Thread 0x63dabc00 Uncommon trap: reason=null_check action=make_not_entrant pc=0xa77ef30c method=com.android.dx.ssa.SsaRenamer.getLocalForNewReg(I)Lcom/android/dx/rop/code/LocalItem; @ 19

Internal exceptions (6 events):
Event: 0,158 Thread 0xb6507800 Exception <a 'java/lang/NoSuchMethodError': Method sun.misc.Unsafe.defineClass(Ljava/lang/String;[BII)Ljava/lang/Class; name or signature does not match> (0x91ac6ea0) thrown at [/HUDSON/workspace/8-2-build-linux-i586/jdk8u101/7261/hotspot/src/share/vm/pri
Event: 0,158 Thread 0xb6507800 Exception <a 'java/lang/NoSuchMethodError': Method sun.misc.Unsafe.prefetchRead(Ljava/lang/Object;J)V name or signature does not match> (0x91ac7170) thrown at [/HUDSON/workspace/8-2-build-linux-i586/jdk8u101/7261/hotspot/src/share/vm/prims/jni.cpp, line 4
Event: 4,138 Thread 0x63dabc00 Implicit null exception at 0xa77ecf2a to 0xa77ef2fd
Event: 4,942 Thread 0x63db9800 Exception <a 'java/lang/ArrayIndexOutOfBoundsException': 18> (0x923015c8) thrown at [/HUDSON/workspace/8-2-build-linux-i586/jdk8u101/7261/hotspot/src/share/vm/interpreter/interpreterRuntime.cpp, line 366]
Event: 4,942 Thread 0x63db9800 Exception <a 'java/lang/ArrayIndexOutOfBoundsException': 145> (0x92302e68) thrown at [/HUDSON/workspace/8-2-build-linux-i586/jdk8u101/7261/hotspot/src/share/vm/interpreter/interpreterRuntime.cpp, line 366]
Event: 4,943 Thread 0x63db9800 Exception <a 'java/lang/ArrayIndexOutOfBoundsException': 40> (0x92303f48) thrown at [/HUDSON/workspace/8-2-build-linux-i586/jdk8u101/7261/hotspot/src/share/vm/interpreter/interpreterRuntime.cpp, line 366]

Events (10 events):
Event: 6,684 Thread 0x63db9800 DEOPT UNPACKING pc=0xa7522310 sp=0x63837684 mode 0
Event: 6,697 Thread 0x63dc3800 DEOPT PACKING pc=0xa796d5c4 sp=0x63795550
Event: 6,697 Thread 0x63dc3800 DEOPT UNPACKING pc=0xa7522310 sp=0x6379540c mode 0
Event: 6,713 Thread 0x63dabc00 DEOPT PACKING pc=0xa7639248 sp=0x638d98b0
Event: 6,713 Thread 0x63dabc00 DEOPT UNPACKING pc=0xa7522310 sp=0x638d9750 mode 0
Event: 6,714 Thread 0x63dc3800 DEOPT PACKING pc=0xa7624e99 sp=0x63795690
Event: 6,714 Thread 0x63dc3800 DEOPT UNPACKING pc=0xa7522310 sp=0x63795524 mode 0
Event: 6,743 Thread 0x63dc3800 DEOPT PACKING pc=0xa7863e51 sp=0x637954f0
Event: 6,743 Thread 0x63dc3800 DEOPT UNPACKING pc=0xa7522310 sp=0x6379538c mode 0
Event: 6,800 Executing VM operation: ParallelGCFailedAllocation


Dynamic libraries:
08048000-08049000 r-xp 00000000 08:03 1333912    /usr/lib/jvm/java-8-oracle/bin/java
08049000-0804a000 rw-p 00000000 08:03 1333912    /usr/lib/jvm/java-8-oracle/bin/java
080d0000-083c6000 rw-p 00000000 00:00 0          [heap]
63200000-63282000 rw-p 00000000 00:00 0 
63282000-63300000 ---p 00000000 00:00 0 
63400000-635fa000 rw-p 00000000 00:00 0 
635fa000-63600000 ---p 00000000 00:00 0 
63600000-636fb000 rw-p 00000000 00:00 0 
636fb000-63700000 ---p 00000000 00:00 0 
63746000-63749000 ---p 00000000 00:00 0 
63749000-63797000 rw-p 00000000 00:00 0 
63797000-6379a000 ---p 00000000 00:00 0 
6379a000-637e8000 rw-p 00000000 00:00 0 
637e8000-637eb000 ---p 00000000 00:00 0 
637eb000-63839000 rw-p 00000000 00:00 0 
63839000-6383c000 ---p 00000000 00:00 0 
6383c000-6388a000 rw-p 00000000 00:00 0 
6388a000-6388d000 ---p 00000000 00:00 0 
6388d000-638db000 rw-p 00000000 00:00 0 
638db000-638dc000 ---p 00000000 00:00 0 
638dc000-6395c000 rw-p 00000000 00:00 0 
6395c000-6395f000 ---p 00000000 00:00 0 
6395f000-639ad000 rw-p 00000000 00:00 0 
639ad000-639b0000 ---p 00000000 00:00 0 
639b0000-63a2e000 rw-p 00000000 00:00 0 
63a2e000-63a31000 ---p 00000000 00:00 0 
63a31000-63aaf000 rw-p 00000000 00:00 0 
63aaf000-63ab2000 ---p 00000000 00:00 0 
63ab2000-63b00000 rw-p 00000000 00:00 0 
63b00000-63d00000 r--p 00000000 08:03 1188778    /usr/lib/locale/locale-archive
63d00000-63dfa000 rw-p 00000000 00:00 0 
63dfa000-63e00000 ---p 00000000 00:00 0 
63e39000-63e3c000 ---p 00000000 00:00 0 
63e3c000-63e8a000 rw-p 00000000 00:00 0 
63e8a000-63e8d000 ---p 00000000 00:00 0 
63e8d000-63edb000 rw-p 00000000 00:00 0 
63edb000-640b4000 r--s 03d29000 08:03 1606475    /usr/lib/jvm/java-8-oracle/jre/lib/rt.jar
640b4000-644ba000 rw-p 00000000 00:00 0 
644ba000-64500000 ---p 00000000 00:00 0 
64500000-66900000 rw-p 00000000 00:00 0 
66900000-669ff000 rw-p 00000000 00:00 0 
669ff000-66a00000 ---p 00000000 00:00 0 
66a30000-66a31000 ---p 00000000 00:00 0 
66a31000-66b00000 rw-p 00000000 00:00 0 
66b00000-66b21000 rw-p 00000000 00:00 0 
66b21000-66c00000 ---p 00000000 00:00 0 
66c38000-66c4e000 r--s 000f1000 08:03 971698     /home/mycomputer/Geeksfarm/update/AdvanceApp/app/build/intermediates/exploded-aar/com.android.support/support-v4/23.4.0/jars/classes.jar
66c4e000-66cbf000 rw-p 00000000 00:00 0 
66cbf000-66dff000 ---p 00000000 00:00 0 
66dff000-66e15000 rw-p 00000000 00:00 0 
66e15000-66f54000 ---p 00000000 00:00 0 
66f54000-66fa5000 rw-p 00000000 00:00 0 
66fa5000-66fff000 ---p 00000000 00:00 0 
66fff000-69ac0000 rw-p 00000000 00:00 0 
69ac0000-91ac0000 ---p 00000000 00:00 0 
91ac0000-9bac0000 rw-p 00000000 00:00 0 
a4b6d000-a4dc0000 rw-p 00000000 00:00 0 
a4dc0000-a7000000 ---p 00000000 00:00 0 
a700c000-a7024000 rw-p 00000000 00:00 0 
a7024000-a7025000 ---p 00000000 00:00 0 
a7025000-a70a5000 rw-p 00000000 00:00 0 
a70a5000-a70a6000 ---p 00000000 00:00 0 
a70a6000-a713c000 rw-p 00000000 00:00 0 
a713c000-a74e6000 ---p 00000000 00:00 0 
a74e6000-a7a4e000 rwxp 00000000 00:00 0 
a7a4e000-b64e6000 ---p 00000000 00:00 0 
b64e6000-b64ff000 r-xp 00000000 08:03 1731575    /usr/lib/jvm/java-8-oracle/jre/lib/i386/libzip.so
b64ff000-b6500000 rw-p 00019000 08:03 1731575    /usr/lib/jvm/java-8-oracle/jre/lib/i386/libzip.so
b6500000-b65f9000 rw-p 00000000 00:00 0 
b65f9000-b6600000 ---p 00000000 00:00 0 
b6601000-b660c000 r-xp 00000000 08:03 524387     /lib/i386-linux-gnu/libnss_files-2.21.so
b660c000-b660d000 r--p 0000a000 08:03 524387     /lib/i386-linux-gnu/libnss_files-2.21.so
b660d000-b660e000 rw-p 0000b000 08:03 524387     /lib/i386-linux-gnu/libnss_files-2.21.so
b660e000-b6619000 r-xp 00000000 08:03 525569     /lib/i386-linux-gnu/libnss_nis-2.21.so
b6619000-b661a000 r--p 0000a000 08:03 525569     /lib/i386-linux-gnu/libnss_nis-2.21.so
b661a000-b661b000 rw-p 0000b000 08:03 525569     /lib/i386-linux-gnu/libnss_nis-2.21.so
b661b000-b6632000 r-xp 00000000 08:03 525583     /lib/i386-linux-gnu/libnsl-2.21.so
b6632000-b6633000 r--p 00016000 08:03 525583     /lib/i386-linux-gnu/libnsl-2.21.so
b6633000-b6634000 rw-p 00017000 08:03 525583     /lib/i386-linux-gnu/libnsl-2.21.so
b6634000-b6636000 rw-p 00000000 00:00 0 
b663b000-b664a000 r--s 000df000 08:03 661645     /home/mycomputer/Android/Sdk/build-tools/23.0.1/lib/dx.jar
b664a000-b6652000 rw-s 00000000 08:03 1091813    /tmp/hsperfdata_mycomputer/15488
b6652000-b6676000 r-xp 00000000 08:03 1731570    /usr/lib/jvm/java-8-oracle/jre/lib/i386/libjava.so
b6676000-b6677000 rw-p 00023000 08:03 1731570    /usr/lib/jvm/java-8-oracle/jre/lib/i386/libjava.so
b6677000-b667e000 r-xp 00000000 08:03 524388     /lib/i386-linux-gnu/librt-2.21.so
b667e000-b667f000 r--p 00006000 08:03 524388     /lib/i386-linux-gnu/librt-2.21.so
b667f000-b6680000 rw-p 00007000 08:03 524388     /lib/i386-linux-gnu/librt-2.21.so
b6680000-b6683000 ---p 00000000 00:00 0 
b6683000-b66d1000 rw-p 00000000 00:00 0 
b66d1000-b671c000 r-xp 00000000 08:03 524390     /lib/i386-linux-gnu/libm-2.21.so
b671c000-b671d000 r--p 0004a000 08:03 524390     /lib/i386-linux-gnu/libm-2.21.so
b671d000-b671e000 rw-p 0004b000 08:03 524390     /lib/i386-linux-gnu/libm-2.21.so
b671e000-b70a7000 r-xp 00000000 08:03 1731555    /usr/lib/jvm/java-8-oracle/jre/lib/i386/server/libjvm.so
b70a7000-b7114000 rw-p 00989000 08:03 1731555    /usr/lib/jvm/java-8-oracle/jre/lib/i386/server/libjvm.so
b7114000-b753d000 rw-p 00000000 00:00 0 
b753d000-b76f1000 r-xp 00000000 08:03 525654     /lib/i386-linux-gnu/libc-2.21.so
b76f1000-b76f4000 r--p 001b3000 08:03 525654     /lib/i386-linux-gnu/libc-2.21.so
b76f4000-b76f6000 rw-p 001b6000 08:03 525654     /lib/i386-linux-gnu/libc-2.21.so
b76f6000-b76f8000 rw-p 00000000 00:00 0 
b76f8000-b76fb000 r-xp 00000000 08:03 524394     /lib/i386-linux-gnu/libdl-2.21.so
b76fb000-b76fc000 r--p 00002000 08:03 524394     /lib/i386-linux-gnu/libdl-2.21.so
b76fc000-b76fd000 rw-p 00003000 08:03 524394     /lib/i386-linux-gnu/libdl-2.21.so
b76fd000-b7711000 r-xp 00000000 08:03 1468308    /usr/lib/jvm/java-8-oracle/lib/i386/jli/libjli.so
b7711000-b7712000 rw-p 00014000 08:03 1468308    /usr/lib/jvm/java-8-oracle/lib/i386/jli/libjli.so
b7712000-b7713000 rw-p 00000000 00:00 0 
b7713000-b772c000 r-xp 00000000 08:03 524391     /lib/i386-linux-gnu/libpthread-2.21.so
b772c000-b772d000 r--p 00018000 08:03 524391     /lib/i386-linux-gnu/libpthread-2.21.so
b772d000-b772e000 rw-p 00019000 08:03 524391     /lib/i386-linux-gnu/libpthread-2.21.so
b772e000-b7731000 rw-p 00000000 00:00 0 
b7731000-b7732000 rw-p 00000000 00:00 0 
b7732000-b7733000 r--p 005e0000 08:03 1188778    /usr/lib/locale/locale-archive
b7733000-b7734000 r--p 00859000 08:03 1188778    /usr/lib/locale/locale-archive
b7734000-b773c000 r-xp 00000000 08:03 524389     /lib/i386-linux-gnu/libnss_compat-2.21.so
b773c000-b773d000 r--p 00007000 08:03 524389     /lib/i386-linux-gnu/libnss_compat-2.21.so
b773d000-b773e000 rw-p 00008000 08:03 524389     /lib/i386-linux-gnu/libnss_compat-2.21.so
b773e000-b773f000 rw-p 00000000 00:00 0 
b773f000-b7740000 ---p 00000000 00:00 0 
b7740000-b774b000 r-xp 00000000 08:03 1731521    /usr/lib/jvm/java-8-oracle/jre/lib/i386/libverify.so
b774b000-b774c000 rw-p 0000b000 08:03 1731521    /usr/lib/jvm/java-8-oracle/jre/lib/i386/libverify.so
b774c000-b774e000 rw-p 00000000 00:00 0 
b774e000-b7750000 r--p 00000000 00:00 0          [vvar]
b7750000-b7751000 r-xp 00000000 00:00 0          [vdso]
b7751000-b7773000 r-xp 00000000 08:03 525584     /lib/i386-linux-gnu/ld-2.21.so
b7773000-b7774000 r--p 00021000 08:03 525584     /lib/i386-linux-gnu/ld-2.21.so
b7774000-b7775000 rw-p 00022000 08:03 525584     /lib/i386-linux-gnu/ld-2.21.so
bff0a000-bff0b000 rwxp 00000000 00:00 0 
bff3d000-bff5e000 rw-p 00000000 00:00 0          [stack]

VM Arguments:
jvm_args: -Djava.awt.headless=true -Xmx1024M -Dfile.encoding=UTF-8 -Duser.country=US -Duser.language=en -Duser.variant 
java_command: com.android.dx.command.Main --dex --force-jumbo --num-threads=4 --multi-dex --output /home/mycomputer/Geeksfarm/update/AdvanceApp/app/build/intermediates/transforms/dex/debug/folders/1000/10/com.android.support-support-v4-23.4.0_f43f9d6695b7f6748d421e497388fc7a07c21cf9 /home/mycomputer/Geeksfarm/update/AdvanceApp/app/build/intermediates/exploded-aar/com.android.support/support-v4/23.4.0/jars/classes.jar
java_class_path (initial): /home/mycomputer/Android/Sdk/build-tools/23.0.1/lib/dx.jar
Launcher Type: SUN_STANDARD

Environment Variables:
JAVA_HOME=/usr/lib/jvm/java-8-oracle
PATH=/usr/local/sbin:/usr/local/bin:/usr/sbin:/usr/bin:/sbin:/bin:/usr/games:/usr/local/games:/usr/lib/jvm/java-8-oracle/bin:/usr/lib/jvm/java-8-oracle/db/bin:/usr/lib/jvm/java-8-oracle/jre/bin:/home/mycomputer/.rvm/bin
LD_LIBRARY_PATH=/home/mycomputer/android-studio/bin:
SHELL=/bin/bash
DISPLAY=:0

Signal Handlers:
SIGSEGV: [libjvm.so+0x8d4e30], sa_mask[0]=11111111011111111101111111111110, sa_flags=SA_RESTART|SA_SIGINFO
SIGBUS: [libjvm.so+0x8d4e30], sa_mask[0]=11111111011111111101111111111110, sa_flags=SA_RESTART|SA_SIGINFO
SIGFPE: [libjvm.so+0x753000], sa_mask[0]=11111111011111111101111111111110, sa_flags=SA_RESTART|SA_SIGINFO
SIGPIPE: [libjvm.so+0x753000], sa_mask[0]=11111111011111111101111111111110, sa_flags=SA_RESTART|SA_SIGINFO
SIGXFSZ: [libjvm.so+0x753000], sa_mask[0]=11111111011111111101111111111110, sa_flags=SA_RESTART|SA_SIGINFO
SIGILL: [libjvm.so+0x753000], sa_mask[0]=11111111011111111101111111111110, sa_flags=SA_RESTART|SA_SIGINFO
SIGUSR1: SIG_DFL, sa_mask[0]=00000000000000000000000000000000, sa_flags=none
SIGUSR2: [libjvm.so+0x754680], sa_mask[0]=00100000000000000000000000000000, sa_flags=SA_RESTART|SA_SIGINFO
SIGHUP: [libjvm.so+0x755b30], sa_mask[0]=11111111011111111101111111111110, sa_flags=SA_RESTART|SA_SIGINFO
SIGINT: [libjvm.so+0x755b30], sa_mask[0]=11111111011111111101111111111110, sa_flags=SA_RESTART|SA_SIGINFO
SIGTERM: [libjvm.so+0x755b30], sa_mask[0]=11111111011111111101111111111110, sa_flags=SA_RESTART|SA_SIGINFO
SIGQUIT: [libjvm.so+0x755b30], sa_mask[0]=11111111011111111101111111111110, sa_flags=SA_RESTART|SA_SIGINFO


---------------  S Y S T E M  ---------------

OS:DISTRIB_ID=Ubuntu
DISTRIB_RELEASE=15.10
DISTRIB_CODENAME=wily
DISTRIB_DESCRIPTION="Ubuntu 15.10"

uname:Linux 4.2.0-42-generic #49-Ubuntu SMP Tue Jun 28 21:24:45 UTC 2016 i686
libc:glibc 2.21 NPTL 2.21 
rlimit: STACK 8192k, CORE 0k, NPROC 32076, NOFILE 65536, AS infinity
load average:3,65 1,63 1,33

/proc/meminfo:
MemTotal:        4138828 kB
MemFree:          231828 kB
MemAvailable:     209580 kB
Buffers:           34048 kB
Cached:           133644 kB
SwapCached:            0 kB
Active:          3687572 kB
Inactive:         107820 kB
Active(anon):    3629020 kB
Inactive(anon):    47888 kB
Active(file):      58552 kB
Inactive(file):    59932 kB
Unevictable:           0 kB
Mlocked:               0 kB
HighTotal:       3280392 kB
HighFree:          59412 kB
LowTotal:         858436 kB
LowFree:          172416 kB
SwapTotal:             0 kB
SwapFree:              0 kB
Dirty:               664 kB
Writeback:             0 kB
AnonPages:       3627756 kB
Mapped:           111668 kB
Shmem:             49152 kB
Slab:              45708 kB
SReclaimable:      22232 kB
SUnreclaim:        23476 kB
KernelStack:        5720 kB
PageTables:        23336 kB
NFS_Unstable:          0 kB
Bounce:               36 kB
WritebackTmp:          0 kB
CommitLimit:     2069412 kB
Committed_AS:   10420160 kB
VmallocTotal:     122880 kB
VmallocUsed:       41296 kB
VmallocChunk:      76484 kB
AnonHugePages:   1855488 kB
CmaTotal:              0 kB
CmaFree:               0 kB
HugePages_Total:       0
HugePages_Free:        0
HugePages_Rsvd:        0
HugePages_Surp:        0
Hugepagesize:       2048 kB
DirectMap4k:       30712 kB
DirectMap2M:      882688 kB


CPU:total 2 (2 cores per cpu, 1 threads per core) family 6 model 23 stepping 10, cmov, cx8, fxsr, mmx, sse, sse2, sse3, ssse3, sse4.1, tsc

/proc/cpuinfo:
processor	: 0
vendor_id	: GenuineIntel
cpu family	: 6
model		: 23
model name	: Intel(R) Core(TM)2 Duo CPU     E7500  @ 2.93GHz
stepping	: 10
microcode	: 0xa07
cpu MHz		: 2936.000
cache size	: 3072 KB
physical id	: 0
siblings	: 2
core id		: 0
cpu cores	: 2
apicid		: 0
initial apicid	: 0
fdiv_bug	: no
f00f_bug	: no
coma_bug	: no
fpu		: yes
fpu_exception	: yes
cpuid level	: 13
wp		: yes
flags		: fpu vme de pse tsc msr pae mce cx8 apic sep mtrr pge mca cmov pat pse36 clflush dts acpi mmx fxsr sse sse2 ss ht tm pbe nx lm constant_tsc arch_perfmon pebs bts aperfmperf pni dtes64 monitor ds_cpl vmx est tm2 ssse3 cx16 xtpr pdcm sse4_1 xsave lahf_lm dtherm tpr_shadow vnmi flexpriority
bugs		:
bogomips	: 5866.76
clflush size	: 64
cache_alignment	: 64
address sizes	: 36 bits physical, 48 bits virtual
power management:

processor	: 1
vendor_id	: GenuineIntel
cpu family	: 6
model		: 23
model name	: Intel(R) Core(TM)2 Duo CPU     E7500  @ 2.93GHz
stepping	: 10
microcode	: 0xa07
cpu MHz		: 1603.000
cache size	: 3072 KB
physical id	: 0
siblings	: 2
core id		: 1
cpu cores	: 2
apicid		: 1
initial apicid	: 1
fdiv_bug	: no
f00f_bug	: no
coma_bug	: no
fpu		: yes
fpu_exception	: yes
cpuid level	: 13
wp		: yes
flags		: fpu vme de pse tsc msr pae mce cx8 apic sep mtrr pge mca cmov pat pse36 clflush dts acpi mmx fxsr sse sse2 ss ht tm pbe nx lm constant_tsc arch_perfmon pebs bts aperfmperf pni dtes64 monitor ds_cpl vmx est tm2 ssse3 cx16 xtpr pdcm sse4_1 xsave lahf_lm dtherm tpr_shadow vnmi flexpriority
bugs		:
bogomips	: 5866.76
clflush size	: 64
cache_alignment	: 64
address sizes	: 36 bits physical, 48 bits virtual
power management:



Memory: 4k page, physical 4138828k(231828k free), swap 0k(0k free)

vm_info: Java HotSpot(TM) Server VM (25.101-b13) for linux-x86 JRE (1.8.0_101-b13), built on Jun 22 2016 02:31:35 by "java_re" with gcc 4.3.0 20080428 (Red Hat 4.3.0-8)

time: Fri Sep 23 15:38:23 2016
elapsed time: 7 seconds (0d 0h 0m 7s)

