#
# There is insufficient memory for the Java Runtime Environment to continue.
# Native memory allocation (mmap) failed to map 44040192 bytes for committing reserved memory.
# Possible reasons:
#   The system is out of physical RAM or swap space
#   In 32 bit mode, the process size limit was hit
# Possible solutions:
#   Reduce memory load on the system
#   Increase physical memory or swap space
#   Check if swap backing store is full
#   Use 64 bit Java on a 64 bit OS
#   Decrease Java heap size (-Xmx/-Xms)
#   Decrease number of Java threads
#   Decrease Java thread stack sizes (-Xss)
#   Set larger code cache with -XX:ReservedCodeCacheSize=
# This output file may be truncated or incomplete.
#
#  Out of Memory Error (os_linux.cpp:2627), pid=30528, tid=0x66ab0b40
#
# JRE version: Java(TM) SE Runtime Environment (8.0_101-b13) (build 1.8.0_101-b13)
# Java VM: Java HotSpot(TM) Server VM (25.101-b13 mixed mode linux-x86 )
# Failed to write core dump. Core dumps have been disabled. To enable core dumping, try "ulimit -c unlimited" before starting Java again
#

---------------  T H R E A D  ---------------

Current thread (0x63d10800):  VMThread [stack: 0x66a30000,0x66ab1000] [id=30539]

Stack: [0x66a30000,0x66ab1000],  sp=0x66aaf930,  free space=510k
Native frames: (J=compiled Java code, j=interpreted, Vv=VM code, C=native code)
V  [libjvm.so+0x8d431f]  VMError::report_and_die()+0x16f
V  [libjvm.so+0x38ddb5]  report_vm_out_of_memory(char const*, int, unsigned int, VMErrorType, char const*)+0x55
V  [libjvm.so+0x756326]  os::Linux::commit_memory_impl(char*, unsigned int, bool)+0xe6
V  [libjvm.so+0x7567f8]  os::pd_commit_memory(char*, unsigned int, unsigned int, bool)+0x28
V  [libjvm.so+0x75071c]  os::commit_memory(char*, unsigned int, unsigned int, bool)+0x2c
V  [libjvm.so+0x7bb9c8]  PSVirtualSpace::expand_by(unsigned int)+0x48
V  [libjvm.so+0x7bcaca]  PSYoungGen::resize_generation(unsigned int, unsigned int)+0xda
V  [libjvm.so+0x7bbdf9]  PSYoungGen::resize(unsigned int, unsigned int)+0x19
V  [libjvm.so+0x7b9725]  PSScavenge::invoke_no_policy()+0xd15
V  [libjvm.so+0x7b9ee8]  PSScavenge::invoke()+0x28
V  [libjvm.so+0x777d8a]  ParallelScavengeHeap::failed_mem_allocate(unsigned int)+0x5a
V  [libjvm.so+0x8d5dea]  VM_ParallelGCFailedAllocation::doit()+0x7a
V  [libjvm.so+0x8df4a7]  VM_Operation::evaluate()+0x47
V  [libjvm.so+0x8dd583]  VMThread::evaluate_operation(VM_Operation*)+0xb3
V  [libjvm.so+0x8dd920]  VMThread::loop()+0x1b0
V  [libjvm.so+0x8ddd85]  VMThread::run()+0x85
V  [libjvm.so+0x758969]  java_start(Thread*)+0x119
C  [libpthread.so.0+0x61aa]  start_thread+0xda

VM_Operation (0xb66f9b18): ParallelGCFailedAllocation, mode: safepoint, requested by thread 0xb6507800


---------------  P R O C E S S  ---------------

Java Threads: ( => current thread )
  0x63da9c00 JavaThread "pool-2-thread-4" [_thread_blocked, id=30566, stack(0x63746000,0x63797000)]
  0x63da8800 JavaThread "pool-2-thread-3" [_thread_blocked, id=30565, stack(0x63797000,0x637e8000)]
  0x63da7c00 JavaThread "pool-2-thread-2" [_thread_blocked, id=30564, stack(0x637e8000,0x63839000)]
  0x63da5c00 JavaThread "pool-3-thread-1" [_thread_blocked, id=30560, stack(0x63839000,0x6388a000)]
  0x63da5000 JavaThread "pool-2-thread-1" [_thread_blocked, id=30558, stack(0x6388a000,0x638db000)]
  0x63d39400 JavaThread "Service Thread" daemon [_thread_blocked, id=30553, stack(0x6395c000,0x639ad000)]
  0x63d36000 JavaThread "C1 CompilerThread1" daemon [_thread_blocked, id=30552, stack(0x639ad000,0x63a2e000)]
  0x63d34400 JavaThread "C2 CompilerThread0" daemon [_thread_blocked, id=30550, stack(0x63a2e000,0x63aaf000)]
  0x63d32800 JavaThread "Signal Dispatcher" daemon [_thread_blocked, id=30548, stack(0x63aaf000,0x63b00000)]
  0x63d17c00 JavaThread "Finalizer" daemon [_thread_blocked, id=30544, stack(0x63e39000,0x63e8a000)]
  0x63d15000 JavaThread "Reference Handler" daemon [_thread_blocked, id=30543, stack(0x63e8a000,0x63edb000)]
  0xb6507800 JavaThread "main" [_thread_blocked, id=30533, stack(0xb66aa000,0xb66fb000)]

Other Threads:
=>0x63d10800 VMThread [stack: 0x66a30000,0x66ab1000] [id=30539]
  0x63d3b000 WatcherThread [stack: 0x638db000,0x6395c000] [id=30556]

VM state:at safepoint (normal execution)

VM Mutex/Monitor currently owned by a thread:  ([mutex/lock_event])
[0xb6504f60] Threads_lock - owner thread: 0x63d10800
[0xb6505370] Heap_lock - owner thread: 0xb6507800

Heap:
 PSYoungGen      total 35840K, used 2548K [0x91ac0000, 0x94040000, 0xa7000000)
  eden space 33280K, 0% used [0x91ac0000,0x91ac0000,0x93b40000)
  from space 2560K, 99% used [0x93b40000,0x93dbd0a8,0x93dc0000)
  to   space 2560K, 0% used [0x93dc0000,0x93dc0000,0x94040000)
 ParOldGen       total 43776K, used 14088K [0x67000000, 0x69ac0000, 0x91ac0000)
  object space 43776K, 32% used [0x67000000,0x67dc2188,0x69ac0000)
 Metaspace       used 3814K, capacity 3846K, committed 3864K, reserved 4400K

Card table byte_map: [0x66dff000,0x67000000] byte_map_base: 0x66ac7000

Marking Bits: (ParMarkBitMap*) 0xb71518e0
 Begin Bits: [0x64900000, 0x65900000)
 End Bits:   [0x65900000, 0x66900000)

Polling page: 0xb7769000

CodeCache: size=245760Kb used=3421Kb max_used=3433Kb free=242338Kb
 bounds [0xa7500000, 0xa7860000, 0xb6500000]
 total_blobs=1297 nmethods=1137 adapters=75
 compilation: enabled

Compilation events (10 events):
Event: 31,533 Thread 0x63d34400 nmethod 1262 0xa7850e88 code [0xa7850fa0, 0xa78510b0]
Event: 31,533 Thread 0x63d34400  811       4       com.android.dx.ssa.SsaBasicBlock::isReachable (29 bytes)
Event: 31,533 Thread 0x63d34400 nmethod 811 0xa7856208 code [0xa7856300, 0xa7856370]
Event: 31,533 Thread 0x63d34400  539       4       java.lang.Long::bitCount (61 bytes)
Event: 31,534 Thread 0x63d34400 nmethod 539 0xa7857908 code [0xa7857a00, 0xa7857ad0]
Event: 31,534 Thread 0x63d34400  481       4       com.android.dx.util.Bits::set (19 bytes)
Event: 31,534 Thread 0x63d34400 nmethod 481 0xa78576c8 code [0xa78577c0, 0xa7857850]
Event: 31,534 Thread 0x63d34400 1174 %     4       java.util.BitSet::cardinality @ 4 (32 bytes)
Event: 31,538 Thread 0x63d34400 nmethod 1174% 0xa78570c8 code [0xa78571c0, 0xa78575f0]
Event: 31,610 Thread 0x63d36000 1267       3       com.android.dx.rop.cst.CstType::<init> (46 bytes)

GC Heap History (9 events):
Event: 14,557 GC heap before
{Heap before GC invocations=1 (full 0):
 PSYoungGen      total 19200K, used 16640K [0x91ac0000, 0x93000000, 0xa7000000)
  eden space 16640K, 100% used [0x91ac0000,0x92b00000,0x92b00000)
  from space 2560K, 0% used [0x92d80000,0x92d80000,0x93000000)
  to   space 2560K, 0% used [0x92b00000,0x92b00000,0x92d80000)
 ParOldGen       total 43776K, used 0K [0x67000000, 0x69ac0000, 0x91ac0000)
  object space 43776K, 0% used [0x67000000,0x67000000,0x69ac0000)
 Metaspace       used 3638K, capacity 3654K, committed 3736K, reserved 4400K
Event: 14,599 GC heap after
Heap after GC invocations=1 (full 0):
 PSYoungGen      total 19200K, used 2554K [0x91ac0000, 0x93000000, 0xa7000000)
  eden space 16640K, 0% used [0x91ac0000,0x91ac0000,0x92b00000)
  from space 2560K, 99% used [0x92b00000,0x92d7eae0,0x92d80000)
  to   space 2560K, 0% used [0x92d80000,0x92d80000,0x93000000)
 ParOldGen       total 43776K, used 1509K [0x67000000, 0x69ac0000, 0x91ac0000)
  object space 43776K, 3% used [0x67000000,0x67179530,0x69ac0000)
 Metaspace       used 3638K, capacity 3654K, committed 3736K, reserved 4400K
}
Event: 15,201 GC heap before
{Heap before GC invocations=2 (full 0):
 PSYoungGen      total 19200K, used 19194K [0x91ac0000, 0x93000000, 0xa7000000)
  eden space 16640K, 100% used [0x91ac0000,0x92b00000,0x92b00000)
  from space 2560K, 99% used [0x92b00000,0x92d7eae0,0x92d80000)
  to   space 2560K, 0% used [0x92d80000,0x92d80000,0x93000000)
 ParOldGen       total 43776K, used 1509K [0x67000000, 0x69ac0000, 0x91ac0000)
  object space 43776K, 3% used [0x67000000,0x67179530,0x69ac0000)
 Metaspace       used 3688K, capacity 3750K, committed 3864K, reserved 4400K
Event: 16,196 GC heap after
Heap after GC invocations=2 (full 0):
 PSYoungGen      total 19200K, used 2544K [0x91ac0000, 0x94040000, 0xa7000000)
  eden space 16640K, 0% used [0x91ac0000,0x91ac0000,0x92b00000)
  from space 2560K, 99% used [0x92d80000,0x92ffc2d0,0x93000000)
  to   space 2560K, 0% used [0x92b00000,0x92b00000,0x92d80000)
 ParOldGen       total 43776K, used 4097K [0x67000000, 0x69ac0000, 0x91ac0000)
  object space 43776K, 9% used [0x67000000,0x67400630,0x69ac0000)
 Metaspace       used 3688K, capacity 3750K, committed 3864K, reserved 4400K
}
Event: 20,587 GC heap before
{Heap before GC invocations=3 (full 0):
 PSYoungGen      total 19200K, used 19184K [0x91ac0000, 0x94040000, 0xa7000000)
  eden space 16640K, 100% used [0x91ac0000,0x92b00000,0x92b00000)
  from space 2560K, 99% used [0x92d80000,0x92ffc2d0,0x93000000)
  to   space 2560K, 0% used [0x92b00000,0x92b00000,0x92d80000)
 ParOldGen       total 43776K, used 4097K [0x67000000, 0x69ac0000, 0x91ac0000)
  object space 43776K, 9% used [0x67000000,0x67400630,0x69ac0000)
 Metaspace       used 3767K, capacity 3814K, committed 3864K, reserved 4400K
Event: 20,603 GC heap after
Heap after GC invocations=3 (full 0):
 PSYoungGen      total 19200K, used 2556K [0x91ac0000, 0x94040000, 0xa7000000)
  eden space 16640K, 0% used [0x91ac0000,0x91ac0000,0x92b00000)
  from space 2560K, 99% used [0x92b00000,0x92d7f2f0,0x92d80000)
  to   space 2560K, 0% used [0x93dc0000,0x93dc0000,0x94040000)
 ParOldGen       total 43776K, used 6573K [0x67000000, 0x69ac0000, 0x91ac0000)
  object space 43776K, 15% used [0x67000000,0x6766b6f0,0x69ac0000)
 Metaspace       used 3767K, capacity 3814K, committed 3864K, reserved 4400K
}
Event: 25,317 GC heap before
{Heap before GC invocations=4 (full 0):
 PSYoungGen      total 19200K, used 19196K [0x91ac0000, 0x94040000, 0xa7000000)
  eden space 16640K, 100% used [0x91ac0000,0x92b00000,0x92b00000)
  from space 2560K, 99% used [0x92b00000,0x92d7f2f0,0x92d80000)
  to   space 2560K, 0% used [0x93dc0000,0x93dc0000,0x94040000)
 ParOldGen       total 43776K, used 6573K [0x67000000, 0x69ac0000, 0x91ac0000)
  object space 43776K, 15% used [0x67000000,0x6766b6f0,0x69ac0000)
 Metaspace       used 3790K, capacity 3814K, committed 3864K, reserved 4400K
Event: 25,336 GC heap after
Heap after GC invocations=4 (full 0):
 PSYoungGen      total 35840K, used 2545K [0x91ac0000, 0x94040000, 0xa7000000)
  eden space 33280K, 0% used [0x91ac0000,0x91ac0000,0x93b40000)
  from space 2560K, 99% used [0x93dc0000,0x9403c6f0,0x94040000)
  to   space 2560K, 0% used [0x93b40000,0x93b40000,0x93dc0000)
 ParOldGen       total 43776K, used 9312K [0x67000000, 0x69ac0000, 0x91ac0000)
  object space 43776K, 21% used [0x67000000,0x67918018,0x69ac0000)
 Metaspace       used 3790K, capacity 3814K, committed 3864K, reserved 4400K
}
Event: 31,611 GC heap before
{Heap before GC invocations=5 (full 0):
 PSYoungGen      total 35840K, used 35825K [0x91ac0000, 0x94040000, 0xa7000000)
  eden space 33280K, 100% used [0x91ac0000,0x93b40000,0x93b40000)
  from space 2560K, 99% used [0x93dc0000,0x9403c6f0,0x94040000)
  to   space 2560K, 0% used [0x93b40000,0x93b40000,0x93dc0000)
 ParOldGen       total 43776K, used 9312K [0x67000000, 0x69ac0000, 0x91ac0000)
  object space 43776K, 21% used [0x67000000,0x67918018,0x69ac0000)
 Metaspace       used 3814K, capacity 3846K, committed 3864K, reserved 4400K

Deoptimization events (10 events):
Event: 14,385 Thread 0x63da9c00 Uncommon trap: reason=unstable_if action=reinterpret pc=0xa7680a48 method=java.util.BitSet.nextSetBit(I)I @ 87
Event: 19,547 Thread 0x63da5000 Uncommon trap: reason=class_check action=maybe_recompile pc=0xa767a000 method=com.android.dx.rop.type.Type.equals(Ljava/lang/Object;)Z @ 8
Event: 19,547 Thread 0x63da5000 Uncommon trap: reason=class_check action=maybe_recompile pc=0xa767a000 method=com.android.dx.rop.type.Type.equals(Ljava/lang/Object;)Z @ 8
Event: 19,548 Thread 0x63da5000 Uncommon trap: reason=class_check action=maybe_recompile pc=0xa767a000 method=com.android.dx.rop.type.Type.equals(Ljava/lang/Object;)Z @ 8
Event: 19,548 Thread 0x63da5000 Uncommon trap: reason=class_check action=maybe_recompile pc=0xa767a000 method=com.android.dx.rop.type.Type.equals(Ljava/lang/Object;)Z @ 8
Event: 19,881 Thread 0x63da9c00 Uncommon trap: reason=null_check action=make_not_entrant pc=0xa7706e18 method=com.android.dx.ssa.SsaRenamer.getLocalForNewReg(I)Lcom/android/dx/rop/code/LocalItem; @ 19
Event: 20,637 Thread 0x63da7c00 Uncommon trap: reason=bimorphic action=maybe_recompile pc=0xa778951c method=java.util.HashMap.getNode(ILjava/lang/Object;)Ljava/util/HashMap$Node; @ 126
Event: 20,694 Thread 0x63da8800 Uncommon trap: reason=bimorphic action=maybe_recompile pc=0xa778951c method=java.util.HashMap.getNode(ILjava/lang/Object;)Ljava/util/HashMap$Node; @ 126
Event: 20,694 Thread 0x63da8800 Uncommon trap: reason=bimorphic action=maybe_recompile pc=0xa778951c method=java.util.HashMap.getNode(ILjava/lang/Object;)Ljava/util/HashMap$Node; @ 126
Event: 20,694 Thread 0x63da8800 Uncommon trap: reason=bimorphic action=maybe_recompile pc=0xa778951c method=java.util.HashMap.getNode(ILjava/lang/Object;)Ljava/util/HashMap$Node; @ 126

Internal exceptions (3 events):
Event: 5,104 Thread 0xb6507800 Exception <a 'java/lang/NoSuchMethodError': Method sun.misc.Unsafe.defineClass(Ljava/lang/String;[BII)Ljava/lang/Class; name or signature does not match> (0x91ac6ea0) thrown at [/HUDSON/workspace/8-2-build-linux-i586/jdk8u101/7261/hotspot/src/share/vm/pri
Event: 5,105 Thread 0xb6507800 Exception <a 'java/lang/NoSuchMethodError': Method sun.misc.Unsafe.prefetchRead(Ljava/lang/Object;J)V name or signature does not match> (0x91ac7170) thrown at [/HUDSON/workspace/8-2-build-linux-i586/jdk8u101/7261/hotspot/src/share/vm/prims/jni.cpp, line 4
Event: 19,881 Thread 0x63da9c00 Implicit null exception at 0xa7704e2a to 0xa7706e09

Events (10 events):
Event: 31,218 Thread 0x63da7c00 DEOPT PACKING pc=0xa7778d6c sp=0x638376d0
Event: 31,218 Thread 0x63da7c00 DEOPT UNPACKING pc=0xa753c310 sp=0x638375d8 mode 0
Event: 31,220 Thread 0x63da8800 DEOPT UNPACKING pc=0xa753c310 sp=0x637e6650 mode 0
Event: 31,259 Thread 0x63da7c00 DEOPT PACKING pc=0xa7674c08 sp=0x638378d0
Event: 31,259 Thread 0x63da7c00 DEOPT UNPACKING pc=0xa753c310 sp=0x63837778 mode 0
Event: 31,266 Thread 0x63da5000 DEOPT PACKING pc=0xa773cad3 sp=0x638d9930
Event: 31,266 Thread 0x63da5000 DEOPT UNPACKING pc=0xa753c310 sp=0x638d97c4 mode 0
Event: 31,324 Thread 0x63da5000 DEOPT PACKING pc=0xa7674c08 sp=0x638d9920
Event: 31,324 Thread 0x63da5000 DEOPT UNPACKING pc=0xa753c310 sp=0x638d97c8 mode 0
Event: 31,611 Executing VM operation: ParallelGCFailedAllocation


Dynamic libraries:
08048000-08049000 r-xp 00000000 08:03 1333912    /usr/lib/jvm/java-8-oracle/bin/java
08049000-0804a000 rw-p 00000000 08:03 1333912    /usr/lib/jvm/java-8-oracle/bin/java
0977a000-099ef000 rw-p 00000000 00:00 0          [heap]
63400000-634ff000 rw-p 00000000 00:00 0 
634ff000-63500000 ---p 00000000 00:00 0 
63500000-63529000 rw-p 00000000 00:00 0 
63529000-63600000 ---p 00000000 00:00 0 
63600000-636fb000 rw-p 00000000 00:00 0 
636fb000-63700000 ---p 00000000 00:00 0 
63746000-63749000 ---p 00000000 00:00 0 
63749000-63797000 rw-p 00000000 00:00 0 
63797000-6379a000 ---p 00000000 00:00 0 
6379a000-637e8000 rw-p 00000000 00:00 0 
637e8000-637eb000 ---p 00000000 00:00 0 
637eb000-63839000 rw-p 00000000 00:00 0 
63839000-6383c000 ---p 00000000 00:00 0 
6383c000-6388a000 rw-p 00000000 00:00 0 
6388a000-6388d000 ---p 00000000 00:00 0 
6388d000-638db000 rw-p 00000000 00:00 0 
638db000-638dc000 ---p 00000000 00:00 0 
638dc000-6395c000 rw-p 00000000 00:00 0 
6395c000-6395f000 ---p 00000000 00:00 0 
6395f000-639ad000 rw-p 00000000 00:00 0 
639ad000-639b0000 ---p 00000000 00:00 0 
639b0000-63a2e000 rw-p 00000000 00:00 0 
63a2e000-63a31000 ---p 00000000 00:00 0 
63a31000-63aaf000 rw-p 00000000 00:00 0 
63aaf000-63ab2000 ---p 00000000 00:00 0 
63ab2000-63b00000 rw-p 00000000 00:00 0 
63b00000-63d00000 r--p 00000000 08:03 1188778    /usr/lib/locale/locale-archive
63d00000-63dd6000 rw-p 00000000 00:00 0 
63dd6000-63e00000 ---p 00000000 00:00 0 
63e39000-63e3c000 ---p 00000000 00:00 0 
63e3c000-63e8a000 rw-p 00000000 00:00 0 
63e8a000-63e8d000 ---p 00000000 00:00 0 
63e8d000-63edb000 rw-p 00000000 00:00 0 
63edb000-640b4000 r--s 03d29000 08:03 1606475    /usr/lib/jvm/java-8-oracle/jre/lib/rt.jar
640b4000-6447a000 rw-p 00000000 00:00 0 
6447a000-64500000 ---p 00000000 00:00 0 
64500000-66900000 rw-p 00000000 00:00 0 
66900000-669fb000 rw-p 00000000 00:00 0 
669fb000-66a00000 ---p 00000000 00:00 0 
66a30000-66a31000 ---p 00000000 00:00 0 
66a31000-66b00000 rw-p 00000000 00:00 0 
66b00000-66b21000 rw-p 00000000 00:00 0 
66b21000-66c00000 ---p 00000000 00:00 0 
66c4e000-66cbf000 rw-p 00000000 00:00 0 
66cbf000-66dff000 ---p 00000000 00:00 0 
66dff000-66e15000 rw-p 00000000 00:00 0 
66e15000-66f54000 ---p 00000000 00:00 0 
66f54000-66f68000 rw-p 00000000 00:00 0 
66f68000-66fff000 ---p 00000000 00:00 0 
66fff000-69ac0000 rw-p 00000000 00:00 0 
69ac0000-91ac0000 ---p 00000000 00:00 0 
91ac0000-94040000 rw-p 00000000 00:00 0 
967ed000-96a40000 rw-p 00000000 00:00 0 
96a40000-a7000000 ---p 00000000 00:00 0 
a7026000-a703e000 rw-p 00000000 00:00 0 
a703e000-a703f000 ---p 00000000 00:00 0 
a703f000-a70bf000 rw-p 00000000 00:00 0 
a70bf000-a70c0000 ---p 00000000 00:00 0 
a70c0000-a714e000 rw-p 00000000 00:00 0 
a714e000-a7500000 ---p 00000000 00:00 0 
a7500000-a7860000 rwxp 00000000 00:00 0 
a7860000-b6500000 ---p 00000000 00:00 0 
b6500000-b65f9000 rw-p 00000000 00:00 0 
b65f9000-b6600000 ---p 00000000 00:00 0 
b6608000-b6611000 r--s 0008c000 08:03 978860     /home/mycomputer/Geeksfarm/update/AdvanceApp/app/build/intermediates/exploded-aar/com.android.support/appcompat-v7/23.4.0/jars/classes.jar
b6611000-b662a000 r-xp 00000000 08:03 1731575    /usr/lib/jvm/java-8-oracle/jre/lib/i386/libzip.so
b662a000-b662b000 rw-p 00019000 08:03 1731575    /usr/lib/jvm/java-8-oracle/jre/lib/i386/libzip.so
b662b000-b6636000 r-xp 00000000 08:03 524387     /lib/i386-linux-gnu/libnss_files-2.21.so
b6636000-b6637000 r--p 0000a000 08:03 524387     /lib/i386-linux-gnu/libnss_files-2.21.so
b6637000-b6638000 rw-p 0000b000 08:03 524387     /lib/i386-linux-gnu/libnss_files-2.21.so
b6638000-b6643000 r-xp 00000000 08:03 525569     /lib/i386-linux-gnu/libnss_nis-2.21.so
b6643000-b6644000 r--p 0000a000 08:03 525569     /lib/i386-linux-gnu/libnss_nis-2.21.so
b6644000-b6645000 rw-p 0000b000 08:03 525569     /lib/i386-linux-gnu/libnss_nis-2.21.so
b6645000-b665c000 r-xp 00000000 08:03 525583     /lib/i386-linux-gnu/libnsl-2.21.so
b665c000-b665d000 r--p 00016000 08:03 525583     /lib/i386-linux-gnu/libnsl-2.21.so
b665d000-b665e000 rw-p 00017000 08:03 525583     /lib/i386-linux-gnu/libnsl-2.21.so
b665e000-b6660000 rw-p 00000000 00:00 0 
b6665000-b6674000 r--s 000df000 08:03 661645     /home/mycomputer/Android/Sdk/build-tools/23.0.1/lib/dx.jar
b6674000-b667c000 rw-s 00000000 08:03 1091849    /tmp/hsperfdata_mycomputer/30528
b667c000-b66a0000 r-xp 00000000 08:03 1731570    /usr/lib/jvm/java-8-oracle/jre/lib/i386/libjava.so
b66a0000-b66a1000 rw-p 00023000 08:03 1731570    /usr/lib/jvm/java-8-oracle/jre/lib/i386/libjava.so
b66a1000-b66a8000 r-xp 00000000 08:03 524388     /lib/i386-linux-gnu/librt-2.21.so
b66a8000-b66a9000 r--p 00006000 08:03 524388     /lib/i386-linux-gnu/librt-2.21.so
b66a9000-b66aa000 rw-p 00007000 08:03 524388     /lib/i386-linux-gnu/librt-2.21.so
b66aa000-b66ad000 ---p 00000000 00:00 0 
b66ad000-b66fb000 rw-p 00000000 00:00 0 
b66fb000-b6746000 r-xp 00000000 08:03 524390     /lib/i386-linux-gnu/libm-2.21.so
b6746000-b6747000 r--p 0004a000 08:03 524390     /lib/i386-linux-gnu/libm-2.21.so
b6747000-b6748000 rw-p 0004b000 08:03 524390     /lib/i386-linux-gnu/libm-2.21.so
b6748000-b70d1000 r-xp 00000000 08:03 1731555    /usr/lib/jvm/java-8-oracle/jre/lib/i386/server/libjvm.so
b70d1000-b713e000 rw-p 00989000 08:03 1731555    /usr/lib/jvm/java-8-oracle/jre/lib/i386/server/libjvm.so
b713e000-b7567000 rw-p 00000000 00:00 0 
b7567000-b771b000 r-xp 00000000 08:03 525654     /lib/i386-linux-gnu/libc-2.21.so
b771b000-b771e000 r--p 001b3000 08:03 525654     /lib/i386-linux-gnu/libc-2.21.so
b771e000-b7720000 rw-p 001b6000 08:03 525654     /lib/i386-linux-gnu/libc-2.21.so
b7720000-b7722000 rw-p 00000000 00:00 0 
b7722000-b7725000 r-xp 00000000 08:03 524394     /lib/i386-linux-gnu/libdl-2.21.so
b7725000-b7726000 r--p 00002000 08:03 524394     /lib/i386-linux-gnu/libdl-2.21.so
b7726000-b7727000 rw-p 00003000 08:03 524394     /lib/i386-linux-gnu/libdl-2.21.so
b7727000-b773b000 r-xp 00000000 08:03 1468308    /usr/lib/jvm/java-8-oracle/lib/i386/jli/libjli.so
b773b000-b773c000 rw-p 00014000 08:03 1468308    /usr/lib/jvm/java-8-oracle/lib/i386/jli/libjli.so
b773c000-b773d000 rw-p 00000000 00:00 0 
b773d000-b7756000 r-xp 00000000 08:03 524391     /lib/i386-linux-gnu/libpthread-2.21.so
b7756000-b7757000 r--p 00018000 08:03 524391     /lib/i386-linux-gnu/libpthread-2.21.so
b7757000-b7758000 rw-p 00019000 08:03 524391     /lib/i386-linux-gnu/libpthread-2.21.so
b7758000-b775a000 rw-p 00000000 00:00 0 
b775b000-b775c000 rw-p 00000000 00:00 0 
b775c000-b775d000 r--p 005e0000 08:03 1188778    /usr/lib/locale/locale-archive
b775d000-b775e000 r--p 00859000 08:03 1188778    /usr/lib/locale/locale-archive
b775e000-b7766000 r-xp 00000000 08:03 524389     /lib/i386-linux-gnu/libnss_compat-2.21.so
b7766000-b7767000 r--p 00007000 08:03 524389     /lib/i386-linux-gnu/libnss_compat-2.21.so
b7767000-b7768000 rw-p 00008000 08:03 524389     /lib/i386-linux-gnu/libnss_compat-2.21.so
b7768000-b7769000 rw-p 00000000 00:00 0 
b7769000-b776a000 ---p 00000000 00:00 0 
b776a000-b7775000 r-xp 00000000 08:03 1731521    /usr/lib/jvm/java-8-oracle/jre/lib/i386/libverify.so
b7775000-b7776000 rw-p 0000b000 08:03 1731521    /usr/lib/jvm/java-8-oracle/jre/lib/i386/libverify.so
b7776000-b7778000 rw-p 00000000 00:00 0 
b7778000-b777a000 r--p 00000000 00:00 0          [vvar]
b777a000-b777b000 r-xp 00000000 00:00 0          [vdso]
b777b000-b779d000 r-xp 00000000 08:03 525584     /lib/i386-linux-gnu/ld-2.21.so
b779d000-b779e000 r--p 00021000 08:03 525584     /lib/i386-linux-gnu/ld-2.21.so
b779e000-b779f000 rw-p 00022000 08:03 525584     /lib/i386-linux-gnu/ld-2.21.so
bfd4a000-bfd4b000 rwxp 00000000 00:00 0 
bfd7d000-bfd9e000 rw-p 00000000 00:00 0          [stack]

VM Arguments:
jvm_args: -Djava.awt.headless=true -Xmx1024M -Dfile.encoding=UTF-8 -Duser.country=US -Duser.language=en -Duser.variant 
java_command: com.android.dx.command.Main --dex --force-jumbo --num-threads=4 --multi-dex --output /home/mycomputer/Geeksfarm/update/AdvanceApp/app/build/intermediates/transforms/dex/debug/folders/1000/10/com.android.support-appcompat-v7-23.4.0_f6429a8be8479703266eed999a8c732566d87437 /home/mycomputer/Geeksfarm/update/AdvanceApp/app/build/intermediates/exploded-aar/com.android.support/appcompat-v7/23.4.0/jars/classes.jar
java_class_path (initial): /home/mycomputer/Android/Sdk/build-tools/23.0.1/lib/dx.jar
Launcher Type: SUN_STANDARD

Environment Variables:
JAVA_HOME=/usr/lib/jvm/java-8-oracle
PATH=/usr/local/sbin:/usr/local/bin:/usr/sbin:/usr/bin:/sbin:/bin:/usr/games:/usr/local/games:/usr/lib/jvm/java-8-oracle/bin:/usr/lib/jvm/java-8-oracle/db/bin:/usr/lib/jvm/java-8-oracle/jre/bin:/home/mycomputer/.rvm/bin
LD_LIBRARY_PATH=/home/mycomputer/android-studio/bin:
SHELL=/bin/bash
DISPLAY=:0

Signal Handlers:
SIGSEGV: [libjvm.so+0x8d4e30], sa_mask[0]=11111111011111111101111111111110, sa_flags=SA_RESTART|SA_SIGINFO
SIGBUS: [libjvm.so+0x8d4e30], sa_mask[0]=11111111011111111101111111111110, sa_flags=SA_RESTART|SA_SIGINFO
SIGFPE: [libjvm.so+0x753000], sa_mask[0]=11111111011111111101111111111110, sa_flags=SA_RESTART|SA_SIGINFO
SIGPIPE: [libjvm.so+0x753000], sa_mask[0]=11111111011111111101111111111110, sa_flags=SA_RESTART|SA_SIGINFO
SIGXFSZ: [libjvm.so+0x753000], sa_mask[0]=11111111011111111101111111111110, sa_flags=SA_RESTART|SA_SIGINFO
SIGILL: [libjvm.so+0x753000], sa_mask[0]=11111111011111111101111111111110, sa_flags=SA_RESTART|SA_SIGINFO
SIGUSR1: SIG_DFL, sa_mask[0]=00000000000000000000000000000000, sa_flags=none
SIGUSR2: [libjvm.so+0x754680], sa_mask[0]=00100000000000000000000000000000, sa_flags=SA_RESTART|SA_SIGINFO
SIGHUP: [libjvm.so+0x755b30], sa_mask[0]=11111111011111111101111111111110, sa_flags=SA_RESTART|SA_SIGINFO
SIGINT: [libjvm.so+0x755b30], sa_mask[0]=11111111011111111101111111111110, sa_flags=SA_RESTART|SA_SIGINFO
SIGTERM: [libjvm.so+0x755b30], sa_mask[0]=11111111011111111101111111111110, sa_flags=SA_RESTART|SA_SIGINFO
SIGQUIT: [libjvm.so+0x755b30], sa_mask[0]=11111111011111111101111111111110, sa_flags=SA_RESTART|SA_SIGINFO


---------------  S Y S T E M  ---------------

OS:DISTRIB_ID=Ubuntu
DISTRIB_RELEASE=15.10
DISTRIB_CODENAME=wily
DISTRIB_DESCRIPTION="Ubuntu 15.10"

uname:Linux 4.2.0-42-generic #49-Ubuntu SMP Tue Jun 28 21:24:45 UTC 2016 i686
libc:glibc 2.21 NPTL 2.21 
rlimit: STACK 8192k, CORE 0k, NPROC 32076, NOFILE 65536, AS infinity
load average:16,99 6,01 2,71

/proc/meminfo:
MemTotal:        4138828 kB
MemFree:          216452 kB
MemAvailable:     146728 kB
Buffers:            2172 kB
Cached:            83500 kB
SwapCached:            0 kB
Active:          3734320 kB
Inactive:          73168 kB
Active(anon):    3724856 kB
Inactive(anon):    56356 kB
Active(file):       9464 kB
Inactive(file):    16812 kB
Unevictable:          32 kB
Mlocked:              32 kB
HighTotal:       3280392 kB
HighFree:          41144 kB
LowTotal:         858436 kB
LowFree:          175308 kB
SwapTotal:             0 kB
SwapFree:              0 kB
Dirty:               420 kB
Writeback:             0 kB
AnonPages:       3721916 kB
Mapped:            72192 kB
Shmem:             59328 kB
Slab:              43728 kB
SReclaimable:      19484 kB
SUnreclaim:        24244 kB
KernelStack:        5328 kB
PageTables:        24068 kB
NFS_Unstable:          0 kB
Bounce:                0 kB
WritebackTmp:          0 kB
CommitLimit:     2069412 kB
Committed_AS:   10239140 kB
VmallocTotal:     122880 kB
VmallocUsed:       41340 kB
VmallocChunk:      78532 kB
AnonHugePages:   2285568 kB
CmaTotal:              0 kB
CmaFree:               0 kB
HugePages_Total:       0
HugePages_Free:        0
HugePages_Rsvd:        0
HugePages_Surp:        0
Hugepagesize:       2048 kB
DirectMap4k:       61432 kB
DirectMap2M:      851968 kB


CPU:total 2 (2 cores per cpu, 1 threads per core) family 6 model 23 stepping 10, cmov, cx8, fxsr, mmx, sse, sse2, sse3, ssse3, sse4.1, tsc

/proc/cpuinfo:
processor	: 0
vendor_id	: GenuineIntel
cpu family	: 6
model		: 23
model name	: Intel(R) Core(TM)2 Duo CPU     E7500  @ 2.93GHz
stepping	: 10
microcode	: 0xa07
cpu MHz		: 2936.000
cache size	: 3072 KB
physical id	: 0
siblings	: 2
core id		: 0
cpu cores	: 2
apicid		: 0
initial apicid	: 0
fdiv_bug	: no
f00f_bug	: no
coma_bug	: no
fpu		: yes
fpu_exception	: yes
cpuid level	: 13
wp		: yes
flags		: fpu vme de pse tsc msr pae mce cx8 apic sep mtrr pge mca cmov pat pse36 clflush dts acpi mmx fxsr sse sse2 ss ht tm pbe nx lm constant_tsc arch_perfmon pebs bts aperfmperf pni dtes64 monitor ds_cpl vmx est tm2 ssse3 cx16 xtpr pdcm sse4_1 xsave lahf_lm dtherm tpr_shadow vnmi flexpriority
bugs		:
bogomips	: 5866.50
clflush size	: 64
cache_alignment	: 64
address sizes	: 36 bits physical, 48 bits virtual
power management:

processor	: 1
vendor_id	: GenuineIntel
cpu family	: 6
model		: 23
model name	: Intel(R) Core(TM)2 Duo CPU     E7500  @ 2.93GHz
stepping	: 10
microcode	: 0xa07
cpu MHz		: 2936.000
cache size	: 3072 KB
physical id	: 0
siblings	: 2
core id		: 1
cpu cores	: 2
apicid		: 1
initial apicid	: 1
fdiv_bug	: no
f00f_bug	: no
coma_bug	: no
fpu		: yes
fpu_exception	: yes
cpuid level	: 13
wp		: yes
flags		: fpu vme de pse tsc msr pae mce cx8 apic sep mtrr pge mca cmov pat pse36 clflush dts acpi mmx fxsr sse sse2 ss ht tm pbe nx lm constant_tsc arch_perfmon pebs bts aperfmperf pni dtes64 monitor ds_cpl vmx est tm2 ssse3 cx16 xtpr pdcm sse4_1 xsave lahf_lm dtherm tpr_shadow vnmi flexpriority
bugs		:
bogomips	: 5866.50
clflush size	: 64
cache_alignment	: 64
address sizes	: 36 bits physical, 48 bits virtual
power management:



Memory: 4k page, physical 4138828k(216452k free), swap 0k(0k free)

vm_info: Java HotSpot(TM) Server VM (25.101-b13) for linux-x86 JRE (1.8.0_101-b13), built on Jun 22 2016 02:31:35 by "java_re" with gcc 4.3.0 20080428 (Red Hat 4.3.0-8)

time: Tue Sep 27 14:56:03 2016
elapsed time: 50 seconds (0d 0h 0m 50s)

