#
# There is insufficient memory for the Java Runtime Environment to continue.
# Native memory allocation (mmap) failed to map 91226112 bytes for committing reserved memory.
# Possible reasons:
#   The system is out of physical RAM or swap space
#   In 32 bit mode, the process size limit was hit
# Possible solutions:
#   Reduce memory load on the system
#   Increase physical memory or swap space
#   Check if swap backing store is full
#   Use 64 bit Java on a 64 bit OS
#   Decrease Java heap size (-Xmx/-Xms)
#   Decrease number of Java threads
#   Decrease Java thread stack sizes (-Xss)
#   Set larger code cache with -XX:ReservedCodeCacheSize=
# This output file may be truncated or incomplete.
#
#  Out of Memory Error (os_linux.cpp:2627), pid=16113, tid=0x66ab0b40
#
# JRE version: Java(TM) SE Runtime Environment (8.0_101-b13) (build 1.8.0_101-b13)
# Java VM: Java HotSpot(TM) Server VM (25.101-b13 mixed mode linux-x86 )
# Failed to write core dump. Core dumps have been disabled. To enable core dumping, try "ulimit -c unlimited" before starting Java again
#

---------------  T H R E A D  ---------------

Current thread (0x63d10800):  VMThread [stack: 0x66a30000,0x66ab1000] [id=16121]

Stack: [0x66a30000,0x66ab1000],  sp=0x66aaf8b0,  free space=510k
Native frames: (J=compiled Java code, j=interpreted, Vv=VM code, C=native code)
V  [libjvm.so+0x8d431f]  VMError::report_and_die()+0x16f
V  [libjvm.so+0x38ddb5]  report_vm_out_of_memory(char const*, int, unsigned int, VMErrorType, char const*)+0x55
V  [libjvm.so+0x756326]  os::Linux::commit_memory_impl(char*, unsigned int, bool)+0xe6
V  [libjvm.so+0x7567f8]  os::pd_commit_memory(char*, unsigned int, unsigned int, bool)+0x28
V  [libjvm.so+0x75071c]  os::commit_memory(char*, unsigned int, unsigned int, bool)+0x2c
V  [libjvm.so+0x7bb9c8]  PSVirtualSpace::expand_by(unsigned int)+0x48
V  [libjvm.so+0x7bcaca]  PSYoungGen::resize_generation(unsigned int, unsigned int)+0xda
V  [libjvm.so+0x7bbdf9]  PSYoungGen::resize(unsigned int, unsigned int)+0x19
V  [libjvm.so+0x7b9725]  PSScavenge::invoke_no_policy()+0xd15
V  [libjvm.so+0x7b9ee8]  PSScavenge::invoke()+0x28
V  [libjvm.so+0x777d8a]  ParallelScavengeHeap::failed_mem_allocate(unsigned int)+0x5a
V  [libjvm.so+0x8d5dea]  VM_ParallelGCFailedAllocation::doit()+0x7a
V  [libjvm.so+0x8df4a7]  VM_Operation::evaluate()+0x47
V  [libjvm.so+0x8dd583]  VMThread::evaluate_operation(VM_Operation*)+0xb3
V  [libjvm.so+0x8dd920]  VMThread::loop()+0x1b0
V  [libjvm.so+0x8ddd85]  VMThread::run()+0x85
V  [libjvm.so+0x758969]  java_start(Thread*)+0x119
C  [libpthread.so.0+0x61aa]  start_thread+0xda

VM_Operation (0xb66e6420): ParallelGCFailedAllocation, mode: safepoint, requested by thread 0xb6507800


---------------  P R O C E S S  ---------------

Java Threads: ( => current thread )
  0x63db4000 JavaThread "pool-2-thread-4" [_thread_blocked, id=16154, stack(0x63746000,0x63797000)]
  0x63db3400 JavaThread "pool-2-thread-3" [_thread_blocked, id=16151, stack(0x63797000,0x637e8000)]
  0x63db1c00 JavaThread "pool-2-thread-2" [_thread_blocked, id=16149, stack(0x637e8000,0x63839000)]
  0x63db0800 JavaThread "pool-3-thread-1" [_thread_blocked, id=16148, stack(0x63839000,0x6388a000)]
  0x63daf400 JavaThread "pool-2-thread-1" [_thread_blocked, id=16146, stack(0x6388a000,0x638db000)]
  0x63d39400 JavaThread "Service Thread" daemon [_thread_blocked, id=16127, stack(0x6395c000,0x639ad000)]
  0x63d36400 JavaThread "C1 CompilerThread1" daemon [_thread_blocked, id=16126, stack(0x639ad000,0x63a2e000)]
  0x63d34400 JavaThread "C2 CompilerThread0" daemon [_thread_blocked, id=16125, stack(0x63a2e000,0x63aaf000)]
  0x63d32800 JavaThread "Signal Dispatcher" daemon [_thread_blocked, id=16124, stack(0x63aaf000,0x63b00000)]
  0x63d17c00 JavaThread "Finalizer" daemon [_thread_blocked, id=16123, stack(0x63e39000,0x63e8a000)]
  0x63d15000 JavaThread "Reference Handler" daemon [_thread_blocked, id=16122, stack(0x63e8a000,0x63edb000)]
  0xb6507800 JavaThread "main" [_thread_blocked, id=16117, stack(0xb6697000,0xb66e8000)]

Other Threads:
=>0x63d10800 VMThread [stack: 0x66a30000,0x66ab1000] [id=16121]
  0x63d3b000 WatcherThread [stack: 0x638db000,0x6395c000] [id=16128]

VM state:at safepoint (normal execution)

VM Mutex/Monitor currently owned by a thread:  ([mutex/lock_event])
[0xb6504f60] Threads_lock - owner thread: 0x63d10800
[0xb6505370] Heap_lock - owner thread: 0xb6507800

Heap:
 PSYoungGen      total 145408K, used 18167K [0x91ac0000, 0x9be40000, 0xa7000000)
  eden space 127232K, 0% used [0x91ac0000,0x91ac0000,0x99700000)
  from space 18176K, 99% used [0x99700000,0x9a8bdc08,0x9a8c0000)
  to   space 14336K, 0% used [0x9a8c0000,0x9a8c0000,0x9b6c0000)
 ParOldGen       total 43776K, used 42357K [0x67000000, 0x69ac0000, 0x91ac0000)
  object space 43776K, 96% used [0x67000000,0x6995d728,0x69ac0000)
 Metaspace       used 4063K, capacity 4102K, committed 4120K, reserved 4400K

Card table byte_map: [0x66dff000,0x67000000] byte_map_base: 0x66ac7000

Marking Bits: (ParMarkBitMap*) 0xb713e8e0
 Begin Bits: [0x64900000, 0x65900000)
 End Bits:   [0x65900000, 0x66900000)

Polling page: 0xb7756000

CodeCache: size=245760Kb used=5264Kb max_used=5280Kb free=240495Kb
 bounds [0xa74e6000, 0xa7a16000, 0xb64e6000]
 total_blobs=1883 nmethods=1723 adapters=75
 compilation: enabled

Compilation events (10 events):
Event: 12,005 Thread 0x63d36400 nmethod 2189 0xa7a04d48 code [0xa7a05160, 0xa7a0613c]
Event: 12,005 Thread 0x63d36400 2174       2       com.android.dx.cf.direct.AnnotationParser::parseAnnotations (143 bytes)
Event: 12,006 Thread 0x63d36400 nmethod 2174 0xa7a07648 code [0xa7a07880, 0xa7a07f14]
Event: 12,006 Thread 0x63d36400 2179       2       com.android.dx.cf.code.LocalVariableList$Item::matchesAllButType (53 bytes)
Event: 12,006 Thread 0x63d36400 nmethod 2179 0xa7a08588 code [0xa7a086a0, 0xa7a0882c]
Event: 12,006 Thread 0x63d36400 2202       2       com.android.dx.rop.cst.CstType::hashCode (8 bytes)
Event: 12,013 Thread 0x63d34400 nmethod 2143% 0xa7a0cb48 code [0xa7a0cd60, 0xa7a0e310]
Event: 12,013 Thread 0x63d34400 1606       4       java.util.HashMap::get (23 bytes)
Event: 12,015 Thread 0x63d36400 nmethod 2202 0xa7a0c848 code [0xa7a0c960, 0xa7a0ca4c]
Event: 12,015 Thread 0x63d36400 2207       2       com.android.dx.util.Hex::u2 (44 bytes)

GC Heap History (10 events):
Event: 4,697 GC heap after
Heap after GC invocations=4 (full 0):
 PSYoungGen      total 35840K, used 2553K [0x91ac0000, 0x94040000, 0xa7000000)
  eden space 33280K, 0% used [0x91ac0000,0x91ac0000,0x93b40000)
  from space 2560K, 99% used [0x93dc0000,0x9403e730,0x94040000)
  to   space 2560K, 0% used [0x93b40000,0x93b40000,0x93dc0000)
 ParOldGen       total 43776K, used 10212K [0x67000000, 0x69ac0000, 0x91ac0000)
  object space 43776K, 23% used [0x67000000,0x679f9330,0x69ac0000)
 Metaspace       used 3807K, capacity 3846K, committed 3864K, reserved 4400K
}
Event: 5,186 GC heap before
{Heap before GC invocations=5 (full 0):
 PSYoungGen      total 35840K, used 35833K [0x91ac0000, 0x94040000, 0xa7000000)
  eden space 33280K, 100% used [0x91ac0000,0x93b40000,0x93b40000)
  from space 2560K, 99% used [0x93dc0000,0x9403e730,0x94040000)
  to   space 2560K, 0% used [0x93b40000,0x93b40000,0x93dc0000)
 ParOldGen       total 43776K, used 10212K [0x67000000, 0x69ac0000, 0x91ac0000)
  object space 43776K, 23% used [0x67000000,0x679f9330,0x69ac0000)
 Metaspace       used 3824K, capacity 3878K, committed 3992K, reserved 4400K
Event: 5,285 GC heap after
Heap after GC invocations=5 (full 0):
 PSYoungGen      total 35840K, used 2555K [0x91ac0000, 0x96ac0000, 0xa7000000)
  eden space 33280K, 0% used [0x91ac0000,0x91ac0000,0x93b40000)
  from space 2560K, 99% used [0x93b40000,0x93dbef78,0x93dc0000)
  to   space 7680K, 0% used [0x96340000,0x96340000,0x96ac0000)
 ParOldGen       total 43776K, used 15328K [0x67000000, 0x69ac0000, 0x91ac0000)
  object space 43776K, 35% used [0x67000000,0x67ef82a8,0x69ac0000)
 Metaspace       used 3824K, capacity 3878K, committed 3992K, reserved 4400K
}
Event: 5,606 GC heap before
{Heap before GC invocations=6 (full 0):
 PSYoungGen      total 35840K, used 35835K [0x91ac0000, 0x96ac0000, 0xa7000000)
  eden space 33280K, 100% used [0x91ac0000,0x93b40000,0x93b40000)
  from space 2560K, 99% used [0x93b40000,0x93dbef78,0x93dc0000)
  to   space 7680K, 0% used [0x96340000,0x96340000,0x96ac0000)
 ParOldGen       total 43776K, used 15328K [0x67000000, 0x69ac0000, 0x91ac0000)
  object space 43776K, 35% used [0x67000000,0x67ef82a8,0x69ac0000)
 Metaspace       used 3844K, capacity 3878K, committed 3992K, reserved 4400K
Event: 5,674 GC heap after
Heap after GC invocations=6 (full 0):
 PSYoungGen      total 73216K, used 7666K [0x91ac0000, 0x96cc0000, 0xa7000000)
  eden space 65536K, 0% used [0x91ac0000,0x91ac0000,0x95ac0000)
  from space 7680K, 99% used [0x96340000,0x96abcb78,0x96ac0000)
  to   space 8704K, 0% used [0x95ac0000,0x95ac0000,0x96340000)
 ParOldGen       total 43776K, used 15960K [0x67000000, 0x69ac0000, 0x91ac0000)
  object space 43776K, 36% used [0x67000000,0x67f962c0,0x69ac0000)
 Metaspace       used 3844K, capacity 3878K, committed 3992K, reserved 4400K
}
Event: 6,482 GC heap before
{Heap before GC invocations=7 (full 0):
 PSYoungGen      total 73216K, used 73202K [0x91ac0000, 0x96cc0000, 0xa7000000)
  eden space 65536K, 100% used [0x91ac0000,0x95ac0000,0x95ac0000)
  from space 7680K, 99% used [0x96340000,0x96abcb78,0x96ac0000)
  to   space 8704K, 0% used [0x95ac0000,0x95ac0000,0x96340000)
 ParOldGen       total 43776K, used 15960K [0x67000000, 0x69ac0000, 0x91ac0000)
  object space 43776K, 36% used [0x67000000,0x67f962c0,0x69ac0000)
 Metaspace       used 3899K, capacity 3942K, committed 3992K, reserved 4400K
Event: 6,668 GC heap after
Heap after GC invocations=7 (full 0):
 PSYoungGen      total 74240K, used 8701K [0x91ac0000, 0x9b6c0000, 0xa7000000)
  eden space 65536K, 0% used [0x91ac0000,0x91ac0000,0x95ac0000)
  from space 8704K, 99% used [0x95ac0000,0x9633f4c8,0x96340000)
  to   space 14336K, 0% used [0x9a8c0000,0x9a8c0000,0x9b6c0000)
 ParOldGen       total 43776K, used 25036K [0x67000000, 0x69ac0000, 0x91ac0000)
  object space 43776K, 57% used [0x67000000,0x688731f8,0x69ac0000)
 Metaspace       used 3899K, capacity 3942K, committed 3992K, reserved 4400K
}
Event: 7,206 GC heap before
{Heap before GC invocations=8 (full 0):
 PSYoungGen      total 74240K, used 74237K [0x91ac0000, 0x9b6c0000, 0xa7000000)
  eden space 65536K, 100% used [0x91ac0000,0x95ac0000,0x95ac0000)
  from space 8704K, 99% used [0x95ac0000,0x9633f4c8,0x96340000)
  to   space 14336K, 0% used [0x9a8c0000,0x9a8c0000,0x9b6c0000)
 ParOldGen       total 43776K, used 25036K [0x67000000, 0x69ac0000, 0x91ac0000)
  object space 43776K, 57% used [0x67000000,0x688731f8,0x69ac0000)
 Metaspace       used 3936K, capacity 3974K, committed 3992K, reserved 4400K
Event: 7,355 GC heap after
Heap after GC invocations=8 (full 0):
 PSYoungGen      total 141568K, used 14324K [0x91ac0000, 0x9be40000, 0xa7000000)
  eden space 127232K, 0% used [0x91ac0000,0x91ac0000,0x99700000)
  from space 14336K, 99% used [0x9a8c0000,0x9b6bd2e0,0x9b6c0000)
  to   space 18176K, 0% used [0x99700000,0x99700000,0x9a8c0000)
 ParOldGen       total 43776K, used 28760K [0x67000000, 0x69ac0000, 0x91ac0000)
  object space 43776K, 65% used [0x67000000,0x68c16110,0x69ac0000)
 Metaspace       used 3936K, capacity 3974K, committed 3992K, reserved 4400K
}
Event: 12,015 GC heap before
{Heap before GC invocations=9 (full 0):
 PSYoungGen      total 141568K, used 141556K [0x91ac0000, 0x9be40000, 0xa7000000)
  eden space 127232K, 100% used [0x91ac0000,0x99700000,0x99700000)
  from space 14336K, 99% used [0x9a8c0000,0x9b6bd2e0,0x9b6c0000)
  to   space 18176K, 0% used [0x99700000,0x99700000,0x9a8c0000)
 ParOldGen       total 43776K, used 28760K [0x67000000, 0x69ac0000, 0x91ac0000)
  object space 43776K, 65% used [0x67000000,0x68c16110,0x69ac0000)
 Metaspace       used 4063K, capacity 4102K, committed 4120K, reserved 4400K

Deoptimization events (10 events):
Event: 6,240 Thread 0xb6507800 Uncommon trap: reason=bimorphic action=maybe_recompile pc=0xa77b6858 method=java.util.HashMap.getNode(ILjava/lang/Object;)Ljava/util/HashMap$Node; @ 126
Event: 6,240 Thread 0xb6507800 Uncommon trap: reason=bimorphic action=maybe_recompile pc=0xa77b6858 method=java.util.HashMap.getNode(ILjava/lang/Object;)Ljava/util/HashMap$Node; @ 126
Event: 6,240 Thread 0xb6507800 Uncommon trap: reason=bimorphic action=maybe_recompile pc=0xa77b6858 method=java.util.HashMap.getNode(ILjava/lang/Object;)Ljava/util/HashMap$Node; @ 126
Event: 6,240 Thread 0xb6507800 Uncommon trap: reason=bimorphic action=maybe_recompile pc=0xa7656ac0 method=java.util.HashMap.getNode(ILjava/lang/Object;)Ljava/util/HashMap$Node; @ 126
Event: 6,978 Thread 0x63daf400 Uncommon trap: reason=unstable_if action=reinterpret pc=0xa782d8ec method=com.android.dx.util.IntList.binarysearch(I)I @ 105
Event: 11,154 Thread 0x63db1c00 Uncommon trap: reason=unstable_if action=reinterpret pc=0xa77ab624 method=java.util.HashMap.putVal(ILjava/lang/Object;Ljava/lang/Object;ZZ)Ljava/lang/Object; @ 109
Event: 11,197 Thread 0x63daf400 Uncommon trap: reason=class_check action=maybe_recompile pc=0xa79a59a0 method=com.android.dx.cf.code.Ropper.processBlock(Lcom/android/dx/cf/code/ByteBlock;Lcom/android/dx/cf/code/Frame;[I)V @ 777
Event: 11,197 Thread 0x63daf400 Uncommon trap: reason=class_check action=maybe_recompile pc=0xa79a59a0 method=com.android.dx.cf.code.Ropper.processBlock(Lcom/android/dx/cf/code/ByteBlock;Lcom/android/dx/cf/code/Frame;[I)V @ 777
Event: 11,197 Thread 0x63daf400 Uncommon trap: reason=class_check action=maybe_recompile pc=0xa79a59a0 method=com.android.dx.cf.code.Ropper.processBlock(Lcom/android/dx/cf/code/ByteBlock;Lcom/android/dx/cf/code/Frame;[I)V @ 777
Event: 11,197 Thread 0x63daf400 Uncommon trap: reason=class_check action=maybe_recompile pc=0xa79a59a0 method=com.android.dx.cf.code.Ropper.processBlock(Lcom/android/dx/cf/code/ByteBlock;Lcom/android/dx/cf/code/Frame;[I)V @ 777

Internal exceptions (5 events):
Event: 0,234 Thread 0xb6507800 Exception <a 'java/lang/NoSuchMethodError': Method sun.misc.Unsafe.defineClass(Ljava/lang/String;[BII)Ljava/lang/Class; name or signature does not match> (0x91ac6ea0) thrown at [/HUDSON/workspace/8-2-build-linux-i586/jdk8u101/7261/hotspot/src/share/vm/pri
Event: 0,234 Thread 0xb6507800 Exception <a 'java/lang/NoSuchMethodError': Method sun.misc.Unsafe.prefetchRead(Ljava/lang/Object;J)V name or signature does not match> (0x91ac7170) thrown at [/HUDSON/workspace/8-2-build-linux-i586/jdk8u101/7261/hotspot/src/share/vm/prims/jni.cpp, line 4
Event: 4,474 Thread 0xb6507800 Exception <a 'java/lang/ArrayIndexOutOfBoundsException': 18> (0x9252e460) thrown at [/HUDSON/workspace/8-2-build-linux-i586/jdk8u101/7261/hotspot/src/share/vm/interpreter/interpreterRuntime.cpp, line 366]
Event: 4,474 Thread 0xb6507800 Exception <a 'java/lang/ArrayIndexOutOfBoundsException': 145> (0x9252fd00) thrown at [/HUDSON/workspace/8-2-build-linux-i586/jdk8u101/7261/hotspot/src/share/vm/interpreter/interpreterRuntime.cpp, line 366]
Event: 4,491 Thread 0xb6507800 Exception <a 'java/lang/ArrayIndexOutOfBoundsException': 40> (0x92530de0) thrown at [/HUDSON/workspace/8-2-build-linux-i586/jdk8u101/7261/hotspot/src/share/vm/interpreter/interpreterRuntime.cpp, line 366]

Events (10 events):
Event: 11,262 Thread 0x63db3400 DEOPT UNPACKING pc=0xa7522310 sp=0x637e66e0 mode 0
Event: 11,287 Thread 0x63db3400 DEOPT PACKING pc=0xa763e399 sp=0x637e6880
Event: 11,287 Thread 0x63db3400 DEOPT UNPACKING pc=0xa7522310 sp=0x637e6714 mode 0
Event: 11,291 Thread 0x63db3400 DEOPT PACKING pc=0xa76db7bd sp=0x637e6840
Event: 11,291 Thread 0x63db3400 DEOPT UNPACKING pc=0xa7522310 sp=0x637e66cc mode 0
Event: 11,971 Thread 0x63daf400 DEOPT PACKING pc=0xa775075e sp=0x638d9900
Event: 11,971 Thread 0x63daf400 DEOPT UNPACKING pc=0xa7522310 sp=0x638d9770 mode 0
Event: 12,007 Thread 0x63db4000 DEOPT PACKING pc=0xa772ecce sp=0x63795640
Event: 12,007 Thread 0x63db4000 DEOPT UNPACKING pc=0xa7522310 sp=0x637954e4 mode 0
Event: 12,015 Executing VM operation: ParallelGCFailedAllocation


Dynamic libraries:
08048000-08049000 r-xp 00000000 08:03 1333912    /usr/lib/jvm/java-8-oracle/bin/java
08049000-0804a000 rw-p 00000000 08:03 1333912    /usr/lib/jvm/java-8-oracle/bin/java
08365000-0875f000 rw-p 00000000 00:00 0          [heap]
63200000-632fa000 rw-p 00000000 00:00 0 
632fa000-63300000 ---p 00000000 00:00 0 
63300000-63391000 rw-p 00000000 00:00 0 
63391000-63400000 ---p 00000000 00:00 0 
63400000-634fa000 rw-p 00000000 00:00 0 
634fa000-63500000 ---p 00000000 00:00 0 
63500000-635ff000 rw-p 00000000 00:00 0 
635ff000-63600000 ---p 00000000 00:00 0 
63600000-636fe000 rw-p 00000000 00:00 0 
636fe000-63700000 ---p 00000000 00:00 0 
63746000-63749000 ---p 00000000 00:00 0 
63749000-63797000 rw-p 00000000 00:00 0 
63797000-6379a000 ---p 00000000 00:00 0 
6379a000-637e8000 rw-p 00000000 00:00 0 
637e8000-637eb000 ---p 00000000 00:00 0 
637eb000-63839000 rw-p 00000000 00:00 0 
63839000-6383c000 ---p 00000000 00:00 0 
6383c000-6388a000 rw-p 00000000 00:00 0 
6388a000-6388d000 ---p 00000000 00:00 0 
6388d000-638db000 rw-p 00000000 00:00 0 
638db000-638dc000 ---p 00000000 00:00 0 
638dc000-6395c000 rw-p 00000000 00:00 0 
6395c000-6395f000 ---p 00000000 00:00 0 
6395f000-639ad000 rw-p 00000000 00:00 0 
639ad000-639b0000 ---p 00000000 00:00 0 
639b0000-63a2e000 rw-p 00000000 00:00 0 
63a2e000-63a31000 ---p 00000000 00:00 0 
63a31000-63aaf000 rw-p 00000000 00:00 0 
63aaf000-63ab2000 ---p 00000000 00:00 0 
63ab2000-63b00000 rw-p 00000000 00:00 0 
63b00000-63d00000 r--p 00000000 08:03 1188778    /usr/lib/locale/locale-archive
63d00000-63de1000 rw-p 00000000 00:00 0 
63de1000-63e00000 ---p 00000000 00:00 0 
63e39000-63e3c000 ---p 00000000 00:00 0 
63e3c000-63e8a000 rw-p 00000000 00:00 0 
63e8a000-63e8d000 ---p 00000000 00:00 0 
63e8d000-63edb000 rw-p 00000000 00:00 0 
63edb000-640b4000 r--s 03d29000 08:03 1606475    /usr/lib/jvm/java-8-oracle/jre/lib/rt.jar
640b4000-644ba000 rw-p 00000000 00:00 0 
644ba000-64500000 ---p 00000000 00:00 0 
64500000-66900000 rw-p 00000000 00:00 0 
66900000-669ff000 rw-p 00000000 00:00 0 
669ff000-66a00000 ---p 00000000 00:00 0 
66a30000-66a31000 ---p 00000000 00:00 0 
66a31000-66b00000 rw-p 00000000 00:00 0 
66b00000-66b3e000 rw-p 00000000 00:00 0 
66b3e000-66c00000 ---p 00000000 00:00 0 
66c4e000-66cbf000 rw-p 00000000 00:00 0 
66cbf000-66dff000 ---p 00000000 00:00 0 
66dff000-66e15000 rw-p 00000000 00:00 0 
66e15000-66f54000 ---p 00000000 00:00 0 
66f54000-66fa7000 rw-p 00000000 00:00 0 
66fa7000-66fff000 ---p 00000000 00:00 0 
66fff000-69ac0000 rw-p 00000000 00:00 0 
69ac0000-91ac0000 ---p 00000000 00:00 0 
91ac0000-9be40000 rw-p 00000000 00:00 0 
a13a4000-a1540000 rw-p 00000000 00:00 0 
a1540000-a7000000 ---p 00000000 00:00 0 
a700d000-a7024000 r--s 00101000 08:03 933125     /home/mycomputer/Geeksfarm/update/AdvanceApp/app/build/intermediates/exploded-aar/com.android.support/support-v4/24.0.0/jars/classes.jar
a7024000-a7025000 ---p 00000000 00:00 0 
a7025000-a70a5000 rw-p 00000000 00:00 0 
a70a5000-a70a6000 ---p 00000000 00:00 0 
a70a6000-a713b000 rw-p 00000000 00:00 0 
a713b000-a74e6000 ---p 00000000 00:00 0 
a74e6000-a7a16000 rwxp 00000000 00:00 0 
a7a16000-b64e6000 ---p 00000000 00:00 0 
b64e6000-b64ff000 r-xp 00000000 08:03 1731575    /usr/lib/jvm/java-8-oracle/jre/lib/i386/libzip.so
b64ff000-b6500000 rw-p 00019000 08:03 1731575    /usr/lib/jvm/java-8-oracle/jre/lib/i386/libzip.so
b6500000-b65f9000 rw-p 00000000 00:00 0 
b65f9000-b6600000 ---p 00000000 00:00 0 
b6600000-b6618000 rw-p 00000000 00:00 0 
b6618000-b6623000 r-xp 00000000 08:03 524387     /lib/i386-linux-gnu/libnss_files-2.21.so
b6623000-b6624000 r--p 0000a000 08:03 524387     /lib/i386-linux-gnu/libnss_files-2.21.so
b6624000-b6625000 rw-p 0000b000 08:03 524387     /lib/i386-linux-gnu/libnss_files-2.21.so
b6625000-b6630000 r-xp 00000000 08:03 525569     /lib/i386-linux-gnu/libnss_nis-2.21.so
b6630000-b6631000 r--p 0000a000 08:03 525569     /lib/i386-linux-gnu/libnss_nis-2.21.so
b6631000-b6632000 rw-p 0000b000 08:03 525569     /lib/i386-linux-gnu/libnss_nis-2.21.so
b6632000-b6649000 r-xp 00000000 08:03 525583     /lib/i386-linux-gnu/libnsl-2.21.so
b6649000-b664a000 r--p 00016000 08:03 525583     /lib/i386-linux-gnu/libnsl-2.21.so
b664a000-b664b000 rw-p 00017000 08:03 525583     /lib/i386-linux-gnu/libnsl-2.21.so
b664b000-b664d000 rw-p 00000000 00:00 0 
b6652000-b6661000 r--s 000df000 08:03 661645     /home/mycomputer/Android/Sdk/build-tools/23.0.1/lib/dx.jar
b6661000-b6669000 rw-s 00000000 08:03 1058098    /tmp/hsperfdata_mycomputer/16113
b6669000-b668d000 r-xp 00000000 08:03 1731570    /usr/lib/jvm/java-8-oracle/jre/lib/i386/libjava.so
b668d000-b668e000 rw-p 00023000 08:03 1731570    /usr/lib/jvm/java-8-oracle/jre/lib/i386/libjava.so
b668e000-b6695000 r-xp 00000000 08:03 524388     /lib/i386-linux-gnu/librt-2.21.so
b6695000-b6696000 r--p 00006000 08:03 524388     /lib/i386-linux-gnu/librt-2.21.so
b6696000-b6697000 rw-p 00007000 08:03 524388     /lib/i386-linux-gnu/librt-2.21.so
b6697000-b669a000 ---p 00000000 00:00 0 
b669a000-b66e8000 rw-p 00000000 00:00 0 
b66e8000-b6733000 r-xp 00000000 08:03 524390     /lib/i386-linux-gnu/libm-2.21.so
b6733000-b6734000 r--p 0004a000 08:03 524390     /lib/i386-linux-gnu/libm-2.21.so
b6734000-b6735000 rw-p 0004b000 08:03 524390     /lib/i386-linux-gnu/libm-2.21.so
b6735000-b70be000 r-xp 00000000 08:03 1731555    /usr/lib/jvm/java-8-oracle/jre/lib/i386/server/libjvm.so
b70be000-b712b000 rw-p 00989000 08:03 1731555    /usr/lib/jvm/java-8-oracle/jre/lib/i386/server/libjvm.so
b712b000-b7554000 rw-p 00000000 00:00 0 
b7554000-b7708000 r-xp 00000000 08:03 525654     /lib/i386-linux-gnu/libc-2.21.so
b7708000-b770b000 r--p 001b3000 08:03 525654     /lib/i386-linux-gnu/libc-2.21.so
b770b000-b770d000 rw-p 001b6000 08:03 525654     /lib/i386-linux-gnu/libc-2.21.so
b770d000-b770f000 rw-p 00000000 00:00 0 
b770f000-b7712000 r-xp 00000000 08:03 524394     /lib/i386-linux-gnu/libdl-2.21.so
b7712000-b7713000 r--p 00002000 08:03 524394     /lib/i386-linux-gnu/libdl-2.21.so
b7713000-b7714000 rw-p 00003000 08:03 524394     /lib/i386-linux-gnu/libdl-2.21.so
b7714000-b7728000 r-xp 00000000 08:03 1468308    /usr/lib/jvm/java-8-oracle/lib/i386/jli/libjli.so
b7728000-b7729000 rw-p 00014000 08:03 1468308    /usr/lib/jvm/java-8-oracle/lib/i386/jli/libjli.so
b7729000-b772a000 rw-p 00000000 00:00 0 
b772a000-b7743000 r-xp 00000000 08:03 524391     /lib/i386-linux-gnu/libpthread-2.21.so
b7743000-b7744000 r--p 00018000 08:03 524391     /lib/i386-linux-gnu/libpthread-2.21.so
b7744000-b7745000 rw-p 00019000 08:03 524391     /lib/i386-linux-gnu/libpthread-2.21.so
b7745000-b7748000 rw-p 00000000 00:00 0 
b7748000-b7749000 rw-p 00000000 00:00 0 
b7749000-b774a000 r--p 005e0000 08:03 1188778    /usr/lib/locale/locale-archive
b774a000-b774b000 r--p 00859000 08:03 1188778    /usr/lib/locale/locale-archive
b774b000-b7753000 r-xp 00000000 08:03 524389     /lib/i386-linux-gnu/libnss_compat-2.21.so
b7753000-b7754000 r--p 00007000 08:03 524389     /lib/i386-linux-gnu/libnss_compat-2.21.so
b7754000-b7755000 rw-p 00008000 08:03 524389     /lib/i386-linux-gnu/libnss_compat-2.21.so
b7755000-b7756000 rw-p 00000000 00:00 0 
b7756000-b7757000 ---p 00000000 00:00 0 
b7757000-b7762000 r-xp 00000000 08:03 1731521    /usr/lib/jvm/java-8-oracle/jre/lib/i386/libverify.so
b7762000-b7763000 rw-p 0000b000 08:03 1731521    /usr/lib/jvm/java-8-oracle/jre/lib/i386/libverify.so
b7763000-b7765000 rw-p 00000000 00:00 0 
b7765000-b7767000 r--p 00000000 00:00 0          [vvar]
b7767000-b7768000 r-xp 00000000 00:00 0          [vdso]
b7768000-b778a000 r-xp 00000000 08:03 525584     /lib/i386-linux-gnu/ld-2.21.so
b778a000-b778b000 r--p 00021000 08:03 525584     /lib/i386-linux-gnu/ld-2.21.so
b778b000-b778c000 rw-p 00022000 08:03 525584     /lib/i386-linux-gnu/ld-2.21.so
bfc38000-bfc39000 rwxp 00000000 00:00 0 
bfc6b000-bfc8c000 rw-p 00000000 00:00 0          [stack]

VM Arguments:
jvm_args: -Djava.awt.headless=true -Xmx1024M -Dfile.encoding=UTF-8 -Duser.country=US -Duser.language=en -Duser.variant 
java_command: com.android.dx.command.Main --dex --force-jumbo --num-threads=4 --multi-dex --output /home/mycomputer/Geeksfarm/update/AdvanceApp/app/build/intermediates/transforms/dex/debug/folders/1000/10/com.android.support-support-v4-24.0.0_2e50b69a82f6284390b3b93cab54b3d417c7fc85 /home/mycomputer/Geeksfarm/update/AdvanceApp/app/build/intermediates/exploded-aar/com.android.support/support-v4/24.0.0/jars/classes.jar
java_class_path (initial): /home/mycomputer/Android/Sdk/build-tools/23.0.1/lib/dx.jar
Launcher Type: SUN_STANDARD

Environment Variables:
JAVA_HOME=/usr/lib/jvm/java-8-oracle
PATH=/usr/local/sbin:/usr/local/bin:/usr/sbin:/usr/bin:/sbin:/bin:/usr/games:/usr/local/games:/usr/lib/jvm/java-8-oracle/bin:/usr/lib/jvm/java-8-oracle/db/bin:/usr/lib/jvm/java-8-oracle/jre/bin:/home/mycomputer/.rvm/bin
LD_LIBRARY_PATH=/home/mycomputer/android-studio/bin:
SHELL=/bin/bash
DISPLAY=:0

Signal Handlers:
SIGSEGV: [libjvm.so+0x8d4e30], sa_mask[0]=11111111011111111101111111111110, sa_flags=SA_RESTART|SA_SIGINFO
SIGBUS: [libjvm.so+0x8d4e30], sa_mask[0]=11111111011111111101111111111110, sa_flags=SA_RESTART|SA_SIGINFO
SIGFPE: [libjvm.so+0x753000], sa_mask[0]=11111111011111111101111111111110, sa_flags=SA_RESTART|SA_SIGINFO
SIGPIPE: [libjvm.so+0x753000], sa_mask[0]=11111111011111111101111111111110, sa_flags=SA_RESTART|SA_SIGINFO
SIGXFSZ: [libjvm.so+0x753000], sa_mask[0]=11111111011111111101111111111110, sa_flags=SA_RESTART|SA_SIGINFO
SIGILL: [libjvm.so+0x753000], sa_mask[0]=11111111011111111101111111111110, sa_flags=SA_RESTART|SA_SIGINFO
SIGUSR1: SIG_DFL, sa_mask[0]=00000000000000000000000000000000, sa_flags=none
SIGUSR2: [libjvm.so+0x754680], sa_mask[0]=00100000000000000000000000000000, sa_flags=SA_RESTART|SA_SIGINFO
SIGHUP: [libjvm.so+0x755b30], sa_mask[0]=11111111011111111101111111111110, sa_flags=SA_RESTART|SA_SIGINFO
SIGINT: [libjvm.so+0x755b30], sa_mask[0]=11111111011111111101111111111110, sa_flags=SA_RESTART|SA_SIGINFO
SIGTERM: [libjvm.so+0x755b30], sa_mask[0]=11111111011111111101111111111110, sa_flags=SA_RESTART|SA_SIGINFO
SIGQUIT: [libjvm.so+0x755b30], sa_mask[0]=11111111011111111101111111111110, sa_flags=SA_RESTART|SA_SIGINFO


---------------  S Y S T E M  ---------------

OS:DISTRIB_ID=Ubuntu
DISTRIB_RELEASE=15.10
DISTRIB_CODENAME=wily
DISTRIB_DESCRIPTION="Ubuntu 15.10"

uname:Linux 4.2.0-42-generic #49-Ubuntu SMP Tue Jun 28 21:24:45 UTC 2016 i686
libc:glibc 2.21 NPTL 2.21 
rlimit: STACK 8192k, CORE 0k, NPROC 32076, NOFILE 65536, AS infinity
load average:6,47 2,85 1,77

/proc/meminfo:
MemTotal:        4138828 kB
MemFree:          217988 kB
MemAvailable:     156364 kB
Buffers:            3284 kB
Cached:            82368 kB
SwapCached:            0 kB
Active:          3745100 kB
Inactive:          65872 kB
Active(anon):    3728532 kB
Inactive(anon):    43976 kB
Active(file):      16568 kB
Inactive(file):    21896 kB
Unevictable:          32 kB
Mlocked:              32 kB
HighTotal:       3280392 kB
HighFree:          41140 kB
LowTotal:         858436 kB
LowFree:          176848 kB
SwapTotal:             0 kB
SwapFree:              0 kB
Dirty:               184 kB
Writeback:             0 kB
AnonPages:       3725480 kB
Mapped:            70728 kB
Shmem:             47100 kB
Slab:              46176 kB
SReclaimable:      23504 kB
SUnreclaim:        22672 kB
KernelStack:        5176 kB
PageTables:        21244 kB
NFS_Unstable:          0 kB
Bounce:                0 kB
WritebackTmp:          0 kB
CommitLimit:     2069412 kB
Committed_AS:    9211512 kB
VmallocTotal:     122880 kB
VmallocUsed:       41296 kB
VmallocChunk:      78532 kB
AnonHugePages:   2547712 kB
CmaTotal:              0 kB
CmaFree:               0 kB
HugePages_Total:       0
HugePages_Free:        0
HugePages_Rsvd:        0
HugePages_Surp:        0
Hugepagesize:       2048 kB
DirectMap4k:       49144 kB
DirectMap2M:      864256 kB


CPU:total 2 (2 cores per cpu, 1 threads per core) family 6 model 23 stepping 10, cmov, cx8, fxsr, mmx, sse, sse2, sse3, ssse3, sse4.1, tsc

/proc/cpuinfo:
processor	: 0
vendor_id	: GenuineIntel
cpu family	: 6
model		: 23
model name	: Intel(R) Core(TM)2 Duo CPU     E7500  @ 2.93GHz
stepping	: 10
microcode	: 0xa07
cpu MHz		: 2936.000
cache size	: 3072 KB
physical id	: 0
siblings	: 2
core id		: 0
cpu cores	: 2
apicid		: 0
initial apicid	: 0
fdiv_bug	: no
f00f_bug	: no
coma_bug	: no
fpu		: yes
fpu_exception	: yes
cpuid level	: 13
wp		: yes
flags		: fpu vme de pse tsc msr pae mce cx8 apic sep mtrr pge mca cmov pat pse36 clflush dts acpi mmx fxsr sse sse2 ss ht tm pbe nx lm constant_tsc arch_perfmon pebs bts aperfmperf pni dtes64 monitor ds_cpl vmx est tm2 ssse3 cx16 xtpr pdcm sse4_1 xsave lahf_lm dtherm tpr_shadow vnmi flexpriority
bugs		:
bogomips	: 5866.48
clflush size	: 64
cache_alignment	: 64
address sizes	: 36 bits physical, 48 bits virtual
power management:

processor	: 1
vendor_id	: GenuineIntel
cpu family	: 6
model		: 23
model name	: Intel(R) Core(TM)2 Duo CPU     E7500  @ 2.93GHz
stepping	: 10
microcode	: 0xa07
cpu MHz		: 2936.000
cache size	: 3072 KB
physical id	: 0
siblings	: 2
core id		: 1
cpu cores	: 2
apicid		: 1
initial apicid	: 1
fdiv_bug	: no
f00f_bug	: no
coma_bug	: no
fpu		: yes
fpu_exception	: yes
cpuid level	: 13
wp		: yes
flags		: fpu vme de pse tsc msr pae mce cx8 apic sep mtrr pge mca cmov pat pse36 clflush dts acpi mmx fxsr sse sse2 ss ht tm pbe nx lm constant_tsc arch_perfmon pebs bts aperfmperf pni dtes64 monitor ds_cpl vmx est tm2 ssse3 cx16 xtpr pdcm sse4_1 xsave lahf_lm dtherm tpr_shadow vnmi flexpriority
bugs		:
bogomips	: 5866.48
clflush size	: 64
cache_alignment	: 64
address sizes	: 36 bits physical, 48 bits virtual
power management:



Memory: 4k page, physical 4138828k(217864k free), swap 0k(0k free)

vm_info: Java HotSpot(TM) Server VM (25.101-b13) for linux-x86 JRE (1.8.0_101-b13), built on Jun 22 2016 02:31:35 by "java_re" with gcc 4.3.0 20080428 (Red Hat 4.3.0-8)

time: Fri Sep 30 09:56:04 2016
elapsed time: 16 seconds (0d 0h 0m 16s)

