#
# There is insufficient memory for the Java Runtime Environment to continue.
# Native memory allocation (mmap) failed to map 32768 bytes for committing reserved memory.
# Possible reasons:
#   The system is out of physical RAM or swap space
#   In 32 bit mode, the process size limit was hit
# Possible solutions:
#   Reduce memory load on the system
#   Increase physical memory or swap space
#   Check if swap backing store is full
#   Use 64 bit Java on a 64 bit OS
#   Decrease Java heap size (-Xmx/-Xms)
#   Decrease number of Java threads
#   Decrease Java thread stack sizes (-Xss)
#   Set larger code cache with -XX:ReservedCodeCacheSize=
# This output file may be truncated or incomplete.
#
#  Out of Memory Error (os_linux.cpp:2627), pid=10704, tid=0x63adcb40
#
# JRE version: Java(TM) SE Runtime Environment (8.0_101-b13) (build 1.8.0_101-b13)
# Java VM: Java HotSpot(TM) Server VM (25.101-b13 mixed mode linux-x86 )
# Failed to write core dump. Core dumps have been disabled. To enable core dumping, try "ulimit -c unlimited" before starting Java again
#

---------------  T H R E A D  ---------------

Current thread (0x63e36400):  JavaThread "C1 CompilerThread1" daemon [_thread_in_vm, id=10717, stack(0x63a5c000,0x63add000)]

Stack: [0x63a5c000,0x63add000],  sp=0x63adb2b0,  free space=508k
Native frames: (J=compiled Java code, j=interpreted, Vv=VM code, C=native code)
V  [libjvm.so+0x8d431f]  VMError::report_and_die()+0x16f
V  [libjvm.so+0x38ddb5]  report_vm_out_of_memory(char const*, int, unsigned int, VMErrorType, char const*)+0x55
V  [libjvm.so+0x756326]  os::Linux::commit_memory_impl(char*, unsigned int, bool)+0xe6
V  [libjvm.so+0x7567f8]  os::pd_commit_memory(char*, unsigned int, unsigned int, bool)+0x28
V  [libjvm.so+0x75071c]  os::commit_memory(char*, unsigned int, unsigned int, bool)+0x2c
V  [libjvm.so+0x8d03bc]  VirtualSpace::expand_by(unsigned int, bool)+0x1ec
V  [libjvm.so+0x4a4535]  CodeHeap::expand_by(unsigned int)+0x65
V  [libjvm.so+0x31f612]  CodeCache::allocate(int, bool)+0x72
V  [libjvm.so+0x7296fe]  nmethod::new_nmethod(methodHandle, int, int, CodeOffsets*, int, DebugInformationRecorder*, Dependencies*, CodeBuffer*, int, OopMapSet*, ExceptionHandlerTable*, ImplicitExceptionTable*, AbstractCompiler*, int)+0x1ae
V  [libjvm.so+0x2b638b]  ciEnv::register_method(ciMethod*, int, CodeOffsets*, int, CodeBuffer*, int, OopMapSet*, ExceptionHandlerTable*, ImplicitExceptionTable*, AbstractCompiler*, int, bool, bool, RTMState)+0x37b
V  [libjvm.so+0x20c000]  Compilation::install_code(int)+0xa0
V  [libjvm.so+0x20d3c1]  Compilation::compile_method()+0xc1
V  [libjvm.so+0x20d637]  Compilation::Compilation(AbstractCompiler*, ciEnv*, ciMethod*, int, BufferBlob*)+0x207
V  [libjvm.so+0x20e3fb]  Compiler::compile_method(ciEnv*, ciMethod*, int)+0x7b
V  [libjvm.so+0x349a61]  CompileBroker::invoke_compiler_on_method(CompileTask*)+0xda1
V  [libjvm.so+0x34a877]  CompileBroker::compiler_thread_loop()+0x567
V  [libjvm.so+0x87d608]  compiler_thread_entry(JavaThread*, Thread*)+0x18
V  [libjvm.so+0x887bc9]  JavaThread::thread_main_inner()+0x109
V  [libjvm.so+0x887d4b]  JavaThread::run()+0x14b
V  [libjvm.so+0x758969]  java_start(Thread*)+0x119
C  [libpthread.so.0+0x61aa]  start_thread+0xda
C  [libc.so.6+0xea4de]  clone+0x5e


Current CompileTask:
C1:   6852 1657       3       com.android.dx.ssa.back.SsaToRop::removePhiFunctions (83 bytes)


---------------  P R O C E S S  ---------------

Java Threads: ( => current thread )
  0x63e91c00 JavaThread "pool-2-thread-4" [_thread_blocked, id=10725, stack(0x637f5000,0x63846000)]
  0x63e90800 JavaThread "pool-2-thread-3" [_thread_blocked, id=10724, stack(0x63846000,0x63897000)]
  0x63e8f800 JavaThread "pool-2-thread-2" [_thread_blocked, id=10722, stack(0x63897000,0x638e8000)]
  0x63e8dc00 JavaThread "pool-3-thread-1" [_thread_blocked, id=10721, stack(0x638e8000,0x63939000)]
  0x63e8cc00 JavaThread "pool-2-thread-1" [_thread_blocked, id=10720, stack(0x63939000,0x6398a000)]
  0x63e39400 JavaThread "Service Thread" daemon [_thread_blocked, id=10718, stack(0x63a0b000,0x63a5c000)]
=>0x63e36400 JavaThread "C1 CompilerThread1" daemon [_thread_in_vm, id=10717, stack(0x63a5c000,0x63add000)]
  0x63e34400 JavaThread "C2 CompilerThread0" daemon [_thread_in_vm, id=10716, stack(0x63add000,0x63b5e000)]
  0x63e32800 JavaThread "Signal Dispatcher" daemon [_thread_blocked, id=10715, stack(0x63b5e000,0x63baf000)]
  0x63e17c00 JavaThread "Finalizer" daemon [_thread_blocked, id=10714, stack(0x63daf000,0x63e00000)]
  0x63e15000 JavaThread "Reference Handler" daemon [_thread_blocked, id=10713, stack(0x63f09000,0x63f5a000)]
  0xb6607800 JavaThread "main" [_thread_in_vm, id=10708, stack(0xb670a000,0xb675b000)]

Other Threads:
  0x63e10800 VMThread [stack: 0x63f5a000,0x63fdb000] [id=10712]
  0x63e3b400 WatcherThread [stack: 0x6398a000,0x63a0b000] [id=10719]

VM state:synchronizing (normal execution)

VM Mutex/Monitor currently owned by a thread:  ([mutex/lock_event])
[0xb6604538] CodeCache_lock - owner thread: 0x63e36400
[0xb6604f60] Threads_lock - owner thread: 0x63e10800
[0xb66054a8] CompiledIC_lock - owner thread: 0xb6607800
[0xb6605780] Compile_lock - owner thread: 0x63e36400
[0xb6605850] MethodCompileQueue_lock - owner thread: 0x63e36400

Heap:
 PSYoungGen      total 69120K, used 64497K [0x91ac0000, 0x960c0000, 0xa7000000)
  eden space 66560K, 93% used [0x91ac0000,0x9573f058,0x95bc0000)
  from space 2560K, 99% used [0x95e40000,0x960bd660,0x960c0000)
  to   space 2560K, 0% used [0x95bc0000,0x95bc0000,0x95e40000)
 ParOldGen       total 43776K, used 14571K [0x67000000, 0x69ac0000, 0x91ac0000)
  object space 43776K, 33% used [0x67000000,0x67e3aea0,0x69ac0000)
 Metaspace       used 3938K, capacity 3974K, committed 3992K, reserved 4400K

Card table byte_map: [0x66dff000,0x67000000] byte_map_base: 0x66ac7000

Marking Bits: (ParMarkBitMap*) 0xb71b18e0
 Begin Bits: [0x64a00000, 0x65a00000)
 End Bits:   [0x65a00000, 0x66a00000)

Polling page: 0xb77c9000

CodeCache: size=245760Kb used=4469Kb max_used=4469Kb free=241291Kb
 bounds [0xa7570000, 0xa79d0000, 0xb6570000]
 total_blobs=1543 nmethods=1383 adapters=75
 compilation: enabled

Compilation events (10 events):
Event: 5,527 Thread 0x63e36400 nmethod 1662 0xa79c96c8 code [0xa79c9a20, 0xa79cb788]
Event: 5,527 Thread 0x63e36400 1626 %     3       com.android.dx.ssa.DeadCodeRemover::run @ 30 (194 bytes)
Event: 5,529 Thread 0x63e34400 nmethod 1566% 0xa79cc988 code [0xa79ccaa0, 0xa79ccdd0]
Event: 5,530 Thread 0x63e34400 1617       4       com.android.dx.rop.cst.CstString::utf8BytesToString (391 bytes)
Event: 5,542 Thread 0x63e36400 nmethod 1626% 0xa79ccfc8 code [0xa79cd320, 0xa79ceb6c]
Event: 5,542 Thread 0x63e36400 1666       3       com.android.dx.rop.code.BasicBlockList::getInstructionCount (48 bytes)
Event: 5,543 Thread 0x63e36400 nmethod 1666 0xa79c0d08 code [0xa79c0e40, 0xa79c1380]
Event: 5,543 Thread 0x63e36400 1547       3       com.android.dx.ssa.back.SsaToRop$1::visitBlock (97 bytes)
Event: 5,543 Thread 0x63e36400 nmethod 1547 0xa79c5cc8 code [0xa79c5f00, 0xa79c6aac]
Event: 5,543 Thread 0x63e36400 1657       3       com.android.dx.ssa.back.SsaToRop::removePhiFunctions (83 bytes)

GC Heap History (8 events):
Event: 1,450 GC heap before
{Heap before GC invocations=1 (full 0):
 PSYoungGen      total 19200K, used 16640K [0x91ac0000, 0x93000000, 0xa7000000)
  eden space 16640K, 100% used [0x91ac0000,0x92b00000,0x92b00000)
  from space 2560K, 0% used [0x92d80000,0x92d80000,0x93000000)
  to   space 2560K, 0% used [0x92b00000,0x92b00000,0x92d80000)
 ParOldGen       total 43776K, used 0K [0x67000000, 0x69ac0000, 0x91ac0000)
  object space 43776K, 0% used [0x67000000,0x67000000,0x69ac0000)
 Metaspace       used 3621K, capacity 3654K, committed 3736K, reserved 4400K
Event: 1,471 GC heap after
Heap after GC invocations=1 (full 0):
 PSYoungGen      total 19200K, used 2549K [0x91ac0000, 0x94040000, 0xa7000000)
  eden space 16640K, 0% used [0x91ac0000,0x91ac0000,0x92b00000)
  from space 2560K, 99% used [0x92b00000,0x92d7d7a0,0x92d80000)
  to   space 2560K, 0% used [0x93dc0000,0x93dc0000,0x94040000)
 ParOldGen       total 43776K, used 1607K [0x67000000, 0x69ac0000, 0x91ac0000)
  object space 43776K, 3% used [0x67000000,0x67191c88,0x69ac0000)
 Metaspace       used 3621K, capacity 3654K, committed 3736K, reserved 4400K
}
Event: 1,925 GC heap before
{Heap before GC invocations=2 (full 0):
 PSYoungGen      total 19200K, used 19189K [0x91ac0000, 0x94040000, 0xa7000000)
  eden space 16640K, 100% used [0x91ac0000,0x92b00000,0x92b00000)
  from space 2560K, 99% used [0x92b00000,0x92d7d7a0,0x92d80000)
  to   space 2560K, 0% used [0x93dc0000,0x93dc0000,0x94040000)
 ParOldGen       total 43776K, used 1607K [0x67000000, 0x69ac0000, 0x91ac0000)
  object space 43776K, 3% used [0x67000000,0x67191c88,0x69ac0000)
 Metaspace       used 3691K, capacity 3718K, committed 3736K, reserved 4400K
Event: 1,999 GC heap after
Heap after GC invocations=2 (full 0):
 PSYoungGen      total 35840K, used 2547K [0x91ac0000, 0x94040000, 0xa7000000)
  eden space 33280K, 0% used [0x91ac0000,0x91ac0000,0x93b40000)
  from space 2560K, 99% used [0x93dc0000,0x9403cd98,0x94040000)
  to   space 2560K, 0% used [0x93b40000,0x93b40000,0x93dc0000)
 ParOldGen       total 43776K, used 4348K [0x67000000, 0x69ac0000, 0x91ac0000)
  object space 43776K, 9% used [0x67000000,0x6743f330,0x69ac0000)
 Metaspace       used 3691K, capacity 3718K, committed 3736K, reserved 4400K
}
Event: 2,673 GC heap before
{Heap before GC invocations=3 (full 0):
 PSYoungGen      total 35840K, used 35827K [0x91ac0000, 0x94040000, 0xa7000000)
  eden space 33280K, 100% used [0x91ac0000,0x93b40000,0x93b40000)
  from space 2560K, 99% used [0x93dc0000,0x9403cd98,0x94040000)
  to   space 2560K, 0% used [0x93b40000,0x93b40000,0x93dc0000)
 ParOldGen       total 43776K, used 4348K [0x67000000, 0x69ac0000, 0x91ac0000)
  object space 43776K, 9% used [0x67000000,0x6743f330,0x69ac0000)
 Metaspace       used 3739K, capacity 3782K, committed 3864K, reserved 4400K
Event: 2,761 GC heap after
Heap after GC invocations=3 (full 0):
 PSYoungGen      total 35840K, used 2553K [0x91ac0000, 0x960c0000, 0xa7000000)
  eden space 33280K, 0% used [0x91ac0000,0x91ac0000,0x93b40000)
  from space 2560K, 99% used [0x93b40000,0x93dbe738,0x93dc0000)
  to   space 2560K, 0% used [0x95e40000,0x95e40000,0x960c0000)
 ParOldGen       total 43776K, used 9644K [0x67000000, 0x69ac0000, 0x91ac0000)
  object space 43776K, 22% used [0x67000000,0x6796b190,0x69ac0000)
 Metaspace       used 3739K, capacity 3782K, committed 3864K, reserved 4400K
}
Event: 3,323 GC heap before
{Heap before GC invocations=4 (full 0):
 PSYoungGen      total 35840K, used 35833K [0x91ac0000, 0x960c0000, 0xa7000000)
  eden space 33280K, 100% used [0x91ac0000,0x93b40000,0x93b40000)
  from space 2560K, 99% used [0x93b40000,0x93dbe738,0x93dc0000)
  to   space 2560K, 0% used [0x95e40000,0x95e40000,0x960c0000)
 ParOldGen       total 43776K, used 9644K [0x67000000, 0x69ac0000, 0x91ac0000)
  object space 43776K, 22% used [0x67000000,0x6796b190,0x69ac0000)
 Metaspace       used 3777K, capacity 3814K, committed 3864K, reserved 4400K
Event: 3,399 GC heap after
Heap after GC invocations=4 (full 0):
 PSYoungGen      total 69120K, used 2549K [0x91ac0000, 0x960c0000, 0xa7000000)
  eden space 66560K, 0% used [0x91ac0000,0x91ac0000,0x95bc0000)
  from space 2560K, 99% used [0x95e40000,0x960bd660,0x960c0000)
  to   space 2560K, 0% used [0x95bc0000,0x95bc0000,0x95e40000)
 ParOldGen       total 43776K, used 14571K [0x67000000, 0x69ac0000, 0x91ac0000)
  object space 43776K, 33% used [0x67000000,0x67e3aea0,0x69ac0000)
 Metaspace       used 3777K, capacity 3814K, committed 3864K, reserved 4400K
}

Deoptimization events (10 events):
Event: 2,088 Thread 0x63e8cc00 Uncommon trap: reason=null_check action=make_not_entrant pc=0xa77587b4 method=com.android.dx.ssa.SsaRenamer.getLocalForNewReg(I)Lcom/android/dx/rop/code/LocalItem; @ 19
Event: 2,307 Thread 0x63e8cc00 Uncommon trap: reason=bimorphic action=maybe_recompile pc=0xa76c7eb0 method=java.util.HashMap.getNode(ILjava/lang/Object;)Ljava/util/HashMap$Node; @ 126
Event: 2,395 Thread 0x63e90800 Uncommon trap: reason=unstable_if action=reinterpret pc=0xa76c7e54 method=java.util.HashMap.getNode(ILjava/lang/Object;)Ljava/util/HashMap$Node; @ 62
Event: 2,407 Thread 0x63e90800 Uncommon trap: reason=bimorphic action=maybe_recompile pc=0xa7774878 method=java.util.HashMap.getNode(ILjava/lang/Object;)Ljava/util/HashMap$Node; @ 126
Event: 2,407 Thread 0x63e90800 Uncommon trap: reason=bimorphic action=maybe_recompile pc=0xa7774878 method=java.util.HashMap.getNode(ILjava/lang/Object;)Ljava/util/HashMap$Node; @ 126
Event: 2,407 Thread 0x63e90800 Uncommon trap: reason=bimorphic action=maybe_recompile pc=0xa7774878 method=java.util.HashMap.getNode(ILjava/lang/Object;)Ljava/util/HashMap$Node; @ 126
Event: 3,924 Thread 0x63e91c00 Uncommon trap: reason=unstable_if action=reinterpret pc=0xa7907448 method=java.util.HashMap.putVal(ILjava/lang/Object;Ljava/lang/Object;ZZ)Ljava/lang/Object; @ 162
Event: 5,202 Thread 0xb6607800 Uncommon trap: reason=unstable_if action=reinterpret pc=0xa781f194 method=java.util.HashMap.getNode(ILjava/lang/Object;)Ljava/util/HashMap$Node; @ 84
Event: 5,396 Thread 0x63e91c00 Uncommon trap: reason=unstable_if action=reinterpret pc=0xa795adb8 method=java.util.HashMap.getNode(ILjava/lang/Object;)Ljava/util/HashMap$Node; @ 84
Event: 5,433 Thread 0xb6607800 Uncommon trap: reason=unstable_if action=reinterpret pc=0xa79550f8 method=com.android.dx.dex.code.OutputFinisher.hasLocalInfo(Lcom/android/dx/dex/code/DalvInsn;)Z @ 24

Internal exceptions (6 events):
Event: 0,089 Thread 0xb6607800 Exception <a 'java/lang/NoSuchMethodError': Method sun.misc.Unsafe.defineClass(Ljava/lang/String;[BII)Ljava/lang/Class; name or signature does not match> (0x91ac6ea0) thrown at [/HUDSON/workspace/8-2-build-linux-i586/jdk8u101/7261/hotspot/src/share/vm/pri
Event: 0,089 Thread 0xb6607800 Exception <a 'java/lang/NoSuchMethodError': Method sun.misc.Unsafe.prefetchRead(Ljava/lang/Object;J)V name or signature does not match> (0x91ac7170) thrown at [/HUDSON/workspace/8-2-build-linux-i586/jdk8u101/7261/hotspot/src/share/vm/prims/jni.cpp, line 4
Event: 2,088 Thread 0x63e8cc00 Implicit null exception at 0xa775696a to 0xa77587a5
Event: 5,069 Thread 0x63e91c00 Exception <a 'java/lang/ArrayIndexOutOfBoundsException': 18> (0x931ea088) thrown at [/HUDSON/workspace/8-2-build-linux-i586/jdk8u101/7261/hotspot/src/share/vm/interpreter/interpreterRuntime.cpp, line 366]
Event: 5,069 Thread 0x63e91c00 Exception <a 'java/lang/ArrayIndexOutOfBoundsException': 145> (0x931eb928) thrown at [/HUDSON/workspace/8-2-build-linux-i586/jdk8u101/7261/hotspot/src/share/vm/interpreter/interpreterRuntime.cpp, line 366]
Event: 5,157 Thread 0x63e91c00 Exception <a 'java/lang/ArrayIndexOutOfBoundsException'> (0x931eca08) thrown at [/HUDSON/workspace/8-2-build-linux-i586/jdk8u101/7261/hotspot/src/share/vm/runtime/sharedRuntime.cpp, line 605]

Events (10 events):
Event: 5,549 Thread 0x63e8cc00 DEOPT PACKING pc=0xa7771cb1 sp=0x639889b0
Event: 5,549 Thread 0x63e8cc00 DEOPT UNPACKING pc=0xa75ac310 sp=0x63988878 mode 0
Event: 5,549 Thread 0x63e90800 DEOPT PACKING pc=0xa7799d19 sp=0x63895680
Event: 5,549 Thread 0x63e90800 DEOPT UNPACKING pc=0xa75ac310 sp=0x6389553c mode 0
Event: 5,550 Thread 0x63e90800 DEOPT PACKING pc=0xa7799d19 sp=0x63895680
Event: 5,550 Thread 0x63e90800 DEOPT UNPACKING pc=0xa75ac310 sp=0x6389553c mode 0
Event: 5,558 Thread 0x63e8cc00 DEOPT PACKING pc=0xa7799d19 sp=0x63988800
Event: 5,558 Thread 0x63e8cc00 DEOPT UNPACKING pc=0xa75ac310 sp=0x639886bc mode 0
Event: 5,558 Thread 0x63e8cc00 DEOPT PACKING pc=0xa7799d19 sp=0x63988800
Event: 5,558 Thread 0x63e8cc00 DEOPT UNPACKING pc=0xa75ac310 sp=0x639886bc mode 0


Dynamic libraries:
08048000-08049000 r-xp 00000000 08:03 1333912    /usr/lib/jvm/java-8-oracle/bin/java
08049000-0804a000 rw-p 00000000 08:03 1333912    /usr/lib/jvm/java-8-oracle/bin/java
090a1000-09a7d000 rw-p 00000000 00:00 0          [heap]
63200000-63250000 rw-p 00000000 00:00 0 
63250000-63300000 ---p 00000000 00:00 0 
63400000-635fc000 rw-p 00000000 00:00 0 
635fc000-63600000 ---p 00000000 00:00 0 
63600000-63700000 rw-p 00000000 00:00 0 
637f5000-637f8000 ---p 00000000 00:00 0 
637f8000-63846000 rw-p 00000000 00:00 0 
63846000-63849000 ---p 00000000 00:00 0 
63849000-63897000 rw-p 00000000 00:00 0 
63897000-6389a000 ---p 00000000 00:00 0 
6389a000-638e8000 rw-p 00000000 00:00 0 
638e8000-638eb000 ---p 00000000 00:00 0 
638eb000-63939000 rw-p 00000000 00:00 0 
63939000-6393c000 ---p 00000000 00:00 0 
6393c000-6398a000 rw-p 00000000 00:00 0 
6398a000-6398b000 ---p 00000000 00:00 0 
6398b000-63a0b000 rw-p 00000000 00:00 0 
63a0b000-63a0e000 ---p 00000000 00:00 0 
63a0e000-63a5c000 rw-p 00000000 00:00 0 
63a5c000-63a5f000 ---p 00000000 00:00 0 
63a5f000-63add000 rw-p 00000000 00:00 0 
63add000-63ae0000 ---p 00000000 00:00 0 
63ae0000-63b5e000 rw-p 00000000 00:00 0 
63b5e000-63b61000 ---p 00000000 00:00 0 
63b61000-63baf000 rw-p 00000000 00:00 0 
63baf000-63daf000 r--p 00000000 08:03 1188778    /usr/lib/locale/locale-archive
63daf000-63db2000 ---p 00000000 00:00 0 
63db2000-63e00000 rw-p 00000000 00:00 0 
63e00000-63eb4000 rw-p 00000000 00:00 0 
63eb4000-63f00000 ---p 00000000 00:00 0 
63f09000-63f0c000 ---p 00000000 00:00 0 
63f0c000-63f5a000 rw-p 00000000 00:00 0 
63f5a000-63f5b000 ---p 00000000 00:00 0 
63f5b000-63fdb000 rw-p 00000000 00:00 0 
63fdb000-641b4000 r--s 03d29000 08:03 1606475    /usr/lib/jvm/java-8-oracle/jre/lib/rt.jar
641b4000-6459a000 rw-p 00000000 00:00 0 
6459a000-64600000 ---p 00000000 00:00 0 
64600000-66a00000 rw-p 00000000 00:00 0 
66a00000-66b00000 rw-p 00000000 00:00 0 
66b30000-66b7f000 rw-p 00000000 00:00 0 
66b7f000-66b80000 ---p 00000000 00:00 0 
66b80000-66c00000 rw-p 00000000 00:00 0 
66c00000-66c21000 rw-p 00000000 00:00 0 
66c21000-66d00000 ---p 00000000 00:00 0 
66d23000-66d7e000 rw-p 00000000 00:00 0 
66d7e000-66d7f000 ---p 00000000 00:00 0 
66d7f000-66e15000 rw-p 00000000 00:00 0 
66e15000-66f54000 ---p 00000000 00:00 0 
66f54000-66f78000 rw-p 00000000 00:00 0 
66f78000-66fff000 ---p 00000000 00:00 0 
66fff000-69ac0000 rw-p 00000000 00:00 0 
69ac0000-91ac0000 ---p 00000000 00:00 0 
91ac0000-960c0000 rw-p 00000000 00:00 0 
960c0000-a7000000 ---p 00000000 00:00 0 
a7039000-a7042000 r--s 0008c000 08:03 931016     /home/mycomputer/Geeksfarm/update/AdvanceApp/app/build/intermediates/exploded-aar/com.android.support/appcompat-v7/23.4.0/jars/classes.jar
a7042000-a7070000 rw-p 00000000 00:00 0 
a7070000-a71b0000 ---p 00000000 00:00 0 
a71b0000-a71c2000 rw-p 00000000 00:00 0 
a71c2000-a7570000 ---p 00000000 00:00 0 
a7570000-a79d0000 rwxp 00000000 00:00 0 
a79d8000-b6570000 ---p 00000000 00:00 0 
b6570000-b6589000 r-xp 00000000 08:03 1731575    /usr/lib/jvm/java-8-oracle/jre/lib/i386/libzip.so
b6589000-b658a000 rw-p 00019000 08:03 1731575    /usr/lib/jvm/java-8-oracle/jre/lib/i386/libzip.so
b658a000-b6595000 r-xp 00000000 08:03 524387     /lib/i386-linux-gnu/libnss_files-2.21.so
b6595000-b6596000 r--p 0000a000 08:03 524387     /lib/i386-linux-gnu/libnss_files-2.21.so
b6596000-b6597000 rw-p 0000b000 08:03 524387     /lib/i386-linux-gnu/libnss_files-2.21.so
b6597000-b65a2000 r-xp 00000000 08:03 525569     /lib/i386-linux-gnu/libnss_nis-2.21.so
b65a2000-b65a3000 r--p 0000a000 08:03 525569     /lib/i386-linux-gnu/libnss_nis-2.21.so
b65a3000-b65a4000 rw-p 0000b000 08:03 525569     /lib/i386-linux-gnu/libnss_nis-2.21.so
b65a4000-b65bb000 r-xp 00000000 08:03 525583     /lib/i386-linux-gnu/libnsl-2.21.so
b65bb000-b65bc000 r--p 00016000 08:03 525583     /lib/i386-linux-gnu/libnsl-2.21.so
b65bc000-b65bd000 rw-p 00017000 08:03 525583     /lib/i386-linux-gnu/libnsl-2.21.so
b65bd000-b65bf000 rw-p 00000000 00:00 0 
b65c4000-b65d3000 r--s 000df000 08:03 661645     /home/mycomputer/Android/Sdk/build-tools/23.0.1/lib/dx.jar
b65d3000-b65db000 rw-s 00000000 08:03 1058156    /tmp/hsperfdata_mycomputer/10704
b65db000-b65ff000 r-xp 00000000 08:03 1731570    /usr/lib/jvm/java-8-oracle/jre/lib/i386/libjava.so
b65ff000-b6600000 rw-p 00023000 08:03 1731570    /usr/lib/jvm/java-8-oracle/jre/lib/i386/libjava.so
b6600000-b66f9000 rw-p 00000000 00:00 0 
b66f9000-b6700000 ---p 00000000 00:00 0 
b6701000-b6708000 r-xp 00000000 08:03 524388     /lib/i386-linux-gnu/librt-2.21.so
b6708000-b6709000 r--p 00006000 08:03 524388     /lib/i386-linux-gnu/librt-2.21.so
b6709000-b670a000 rw-p 00007000 08:03 524388     /lib/i386-linux-gnu/librt-2.21.so
b670a000-b670d000 ---p 00000000 00:00 0 
b670d000-b675b000 rw-p 00000000 00:00 0 
b675b000-b67a6000 r-xp 00000000 08:03 524390     /lib/i386-linux-gnu/libm-2.21.so
b67a6000-b67a7000 r--p 0004a000 08:03 524390     /lib/i386-linux-gnu/libm-2.21.so
b67a7000-b67a8000 rw-p 0004b000 08:03 524390     /lib/i386-linux-gnu/libm-2.21.so
b67a8000-b7131000 r-xp 00000000 08:03 1731555    /usr/lib/jvm/java-8-oracle/jre/lib/i386/server/libjvm.so
b7131000-b719e000 rw-p 00989000 08:03 1731555    /usr/lib/jvm/java-8-oracle/jre/lib/i386/server/libjvm.so
b719e000-b75c7000 rw-p 00000000 00:00 0 
b75c7000-b777b000 r-xp 00000000 08:03 525654     /lib/i386-linux-gnu/libc-2.21.so
b777b000-b777e000 r--p 001b3000 08:03 525654     /lib/i386-linux-gnu/libc-2.21.so
b777e000-b7780000 rw-p 001b6000 08:03 525654     /lib/i386-linux-gnu/libc-2.21.so
b7780000-b7782000 rw-p 00000000 00:00 0 
b7782000-b7785000 r-xp 00000000 08:03 524394     /lib/i386-linux-gnu/libdl-2.21.so
b7785000-b7786000 r--p 00002000 08:03 524394     /lib/i386-linux-gnu/libdl-2.21.so
b7786000-b7787000 rw-p 00003000 08:03 524394     /lib/i386-linux-gnu/libdl-2.21.so
b7787000-b779b000 r-xp 00000000 08:03 1468308    /usr/lib/jvm/java-8-oracle/lib/i386/jli/libjli.so
b779b000-b779c000 rw-p 00014000 08:03 1468308    /usr/lib/jvm/java-8-oracle/lib/i386/jli/libjli.so
b779c000-b779d000 rw-p 00000000 00:00 0 
b779d000-b77b6000 r-xp 00000000 08:03 524391     /lib/i386-linux-gnu/libpthread-2.21.so
b77b6000-b77b7000 r--p 00018000 08:03 524391     /lib/i386-linux-gnu/libpthread-2.21.so
b77b7000-b77b8000 rw-p 00019000 08:03 524391     /lib/i386-linux-gnu/libpthread-2.21.so
b77b8000-b77ba000 rw-p 00000000 00:00 0 
b77bc000-b77bd000 r--p 005e0000 08:03 1188778    /usr/lib/locale/locale-archive
b77bd000-b77be000 r--p 00859000 08:03 1188778    /usr/lib/locale/locale-archive
b77be000-b77c6000 r-xp 00000000 08:03 524389     /lib/i386-linux-gnu/libnss_compat-2.21.so
b77c6000-b77c7000 r--p 00007000 08:03 524389     /lib/i386-linux-gnu/libnss_compat-2.21.so
b77c7000-b77c8000 rw-p 00008000 08:03 524389     /lib/i386-linux-gnu/libnss_compat-2.21.so
b77c8000-b77c9000 rw-p 00000000 00:00 0 
b77c9000-b77ca000 ---p 00000000 00:00 0 
b77ca000-b77d5000 r-xp 00000000 08:03 1731521    /usr/lib/jvm/java-8-oracle/jre/lib/i386/libverify.so
b77d5000-b77d6000 rw-p 0000b000 08:03 1731521    /usr/lib/jvm/java-8-oracle/jre/lib/i386/libverify.so
b77d6000-b77d8000 rw-p 00000000 00:00 0 
b77d8000-b77da000 r--p 00000000 00:00 0          [vvar]
b77da000-b77db000 r-xp 00000000 00:00 0          [vdso]
b77db000-b77fd000 r-xp 00000000 08:03 525584     /lib/i386-linux-gnu/ld-2.21.so
b77fd000-b77fe000 r--p 00021000 08:03 525584     /lib/i386-linux-gnu/ld-2.21.so
b77fe000-b77ff000 rw-p 00022000 08:03 525584     /lib/i386-linux-gnu/ld-2.21.so
bfd3a000-bfd3b000 rwxp 00000000 00:00 0 
bfd6d000-bfd8e000 rw-p 00000000 00:00 0          [stack]

VM Arguments:
jvm_args: -Djava.awt.headless=true -Xmx1024M -Dfile.encoding=UTF-8 -Duser.country=US -Duser.language=en -Duser.variant 
java_command: com.android.dx.command.Main --dex --force-jumbo --num-threads=4 --multi-dex --output /home/mycomputer/Geeksfarm/update/AdvanceApp/app/build/intermediates/transforms/dex/debug/folders/1000/10/com.android.support-appcompat-v7-23.4.0_f6429a8be8479703266eed999a8c732566d87437 /home/mycomputer/Geeksfarm/update/AdvanceApp/app/build/intermediates/exploded-aar/com.android.support/appcompat-v7/23.4.0/jars/classes.jar
java_class_path (initial): /home/mycomputer/Android/Sdk/build-tools/23.0.1/lib/dx.jar
Launcher Type: SUN_STANDARD

Environment Variables:
JAVA_HOME=/usr/lib/jvm/java-8-oracle
PATH=/usr/local/sbin:/usr/local/bin:/usr/sbin:/usr/bin:/sbin:/bin:/usr/games:/usr/local/games:/usr/lib/jvm/java-8-oracle/bin:/usr/lib/jvm/java-8-oracle/db/bin:/usr/lib/jvm/java-8-oracle/jre/bin:/home/mycomputer/.rvm/bin
LD_LIBRARY_PATH=/home/mycomputer/android-studio/bin:
SHELL=/bin/bash
DISPLAY=:0

Signal Handlers:
SIGSEGV: [libjvm.so+0x8d4e30], sa_mask[0]=11111111011111111101111111111110, sa_flags=SA_RESTART|SA_SIGINFO
SIGBUS: [libjvm.so+0x8d4e30], sa_mask[0]=11111111011111111101111111111110, sa_flags=SA_RESTART|SA_SIGINFO
SIGFPE: [libjvm.so+0x753000], sa_mask[0]=11111111011111111101111111111110, sa_flags=SA_RESTART|SA_SIGINFO
SIGPIPE: [libjvm.so+0x753000], sa_mask[0]=11111111011111111101111111111110, sa_flags=SA_RESTART|SA_SIGINFO
SIGXFSZ: [libjvm.so+0x753000], sa_mask[0]=11111111011111111101111111111110, sa_flags=SA_RESTART|SA_SIGINFO
SIGILL: [libjvm.so+0x753000], sa_mask[0]=11111111011111111101111111111110, sa_flags=SA_RESTART|SA_SIGINFO
SIGUSR1: SIG_DFL, sa_mask[0]=00000000000000000000000000000000, sa_flags=none
SIGUSR2: [libjvm.so+0x754680], sa_mask[0]=00100000000000000000000000000000, sa_flags=SA_RESTART|SA_SIGINFO
SIGHUP: [libjvm.so+0x755b30], sa_mask[0]=11111111011111111101111111111110, sa_flags=SA_RESTART|SA_SIGINFO
SIGINT: [libjvm.so+0x755b30], sa_mask[0]=11111111011111111101111111111110, sa_flags=SA_RESTART|SA_SIGINFO
SIGTERM: [libjvm.so+0x755b30], sa_mask[0]=11111111011111111101111111111110, sa_flags=SA_RESTART|SA_SIGINFO
SIGQUIT: [libjvm.so+0x755b30], sa_mask[0]=11111111011111111101111111111110, sa_flags=SA_RESTART|SA_SIGINFO


---------------  S Y S T E M  ---------------

OS:DISTRIB_ID=Ubuntu
DISTRIB_RELEASE=15.10
DISTRIB_CODENAME=wily
DISTRIB_DESCRIPTION="Ubuntu 15.10"

uname:Linux 4.2.0-42-generic #49-Ubuntu SMP Tue Jun 28 21:24:45 UTC 2016 i686
libc:glibc 2.21 NPTL 2.21 
rlimit: STACK 8192k, CORE 0k, NPROC 32076, NOFILE 65536, AS infinity
load average:5,25 3,32 2,24

/proc/meminfo:
MemTotal:        4138828 kB
MemFree:          226388 kB
MemAvailable:     154388 kB
Buffers:            1516 kB
Cached:            66368 kB
SwapCached:            0 kB
Active:          3749320 kB
Inactive:          53680 kB
Active(anon):    3738980 kB
Inactive(anon):    45012 kB
Active(file):      10340 kB
Inactive(file):     8668 kB
Unevictable:          32 kB
Mlocked:              32 kB
HighTotal:       3280392 kB
HighFree:          41196 kB
LowTotal:         858436 kB
LowFree:          185192 kB
SwapTotal:             0 kB
SwapFree:              0 kB
Dirty:               236 kB
Writeback:             0 kB
AnonPages:       3735188 kB
Mapped:            50092 kB
Shmem:             48836 kB
Slab:              45492 kB
SReclaimable:      22208 kB
SUnreclaim:        23284 kB
KernelStack:        5304 kB
PageTables:        21168 kB
NFS_Unstable:          0 kB
Bounce:                0 kB
WritebackTmp:          0 kB
CommitLimit:     2069412 kB
Committed_AS:    9199720 kB
VmallocTotal:     122880 kB
VmallocUsed:       41284 kB
VmallocChunk:      78532 kB
AnonHugePages:   2701312 kB
CmaTotal:              0 kB
CmaFree:               0 kB
HugePages_Total:       0
HugePages_Free:        0
HugePages_Rsvd:        0
HugePages_Surp:        0
Hugepagesize:       2048 kB
DirectMap4k:       53240 kB
DirectMap2M:      860160 kB


CPU:total 2 (2 cores per cpu, 1 threads per core) family 6 model 23 stepping 10, cmov, cx8, fxsr, mmx, sse, sse2, sse3, ssse3, sse4.1, tsc

/proc/cpuinfo:
processor	: 0
vendor_id	: GenuineIntel
cpu family	: 6
model		: 23
model name	: Intel(R) Core(TM)2 Duo CPU     E7500  @ 2.93GHz
stepping	: 10
microcode	: 0xa07
cpu MHz		: 2936.000
cache size	: 3072 KB
physical id	: 0
siblings	: 2
core id		: 0
cpu cores	: 2
apicid		: 0
initial apicid	: 0
fdiv_bug	: no
f00f_bug	: no
coma_bug	: no
fpu		: yes
fpu_exception	: yes
cpuid level	: 13
wp		: yes
flags		: fpu vme de pse tsc msr pae mce cx8 apic sep mtrr pge mca cmov pat pse36 clflush dts acpi mmx fxsr sse sse2 ss ht tm pbe nx lm constant_tsc arch_perfmon pebs bts aperfmperf pni dtes64 monitor ds_cpl vmx est tm2 ssse3 cx16 xtpr pdcm sse4_1 xsave lahf_lm dtherm tpr_shadow vnmi flexpriority
bugs		:
bogomips	: 5866.48
clflush size	: 64
cache_alignment	: 64
address sizes	: 36 bits physical, 48 bits virtual
power management:

processor	: 1
vendor_id	: GenuineIntel
cpu family	: 6
model		: 23
model name	: Intel(R) Core(TM)2 Duo CPU     E7500  @ 2.93GHz
stepping	: 10
microcode	: 0xa07
cpu MHz		: 2936.000
cache size	: 3072 KB
physical id	: 0
siblings	: 2
core id		: 1
cpu cores	: 2
apicid		: 1
initial apicid	: 1
fdiv_bug	: no
f00f_bug	: no
coma_bug	: no
fpu		: yes
fpu_exception	: yes
cpuid level	: 13
wp		: yes
flags		: fpu vme de pse tsc msr pae mce cx8 apic sep mtrr pge mca cmov pat pse36 clflush dts acpi mmx fxsr sse sse2 ss ht tm pbe nx lm constant_tsc arch_perfmon pebs bts aperfmperf pni dtes64 monitor ds_cpl vmx est tm2 ssse3 cx16 xtpr pdcm sse4_1 xsave lahf_lm dtherm tpr_shadow vnmi flexpriority
bugs		:
bogomips	: 5866.48
clflush size	: 64
cache_alignment	: 64
address sizes	: 36 bits physical, 48 bits virtual
power management:



Memory: 4k page, physical 4138828k(226388k free), swap 0k(0k free)

vm_info: Java HotSpot(TM) Server VM (25.101-b13) for linux-x86 JRE (1.8.0_101-b13), built on Jun 22 2016 02:31:35 by "java_re" with gcc 4.3.0 20080428 (Red Hat 4.3.0-8)

time: Fri Sep 30 15:02:59 2016
elapsed time: 6 seconds (0d 0h 0m 6s)

