#
# There is insufficient memory for the Java Runtime Environment to continue.
# Native memory allocation (mmap) failed to map 154140672 bytes for committing reserved memory.
# Possible reasons:
#   The system is out of physical RAM or swap space
#   In 32 bit mode, the process size limit was hit
# Possible solutions:
#   Reduce memory load on the system
#   Increase physical memory or swap space
#   Check if swap backing store is full
#   Use 64 bit Java on a 64 bit OS
#   Decrease Java heap size (-Xmx/-Xms)
#   Decrease number of Java threads
#   Decrease Java thread stack sizes (-Xss)
#   Set larger code cache with -XX:ReservedCodeCacheSize=
# This output file may be truncated or incomplete.
#
#  Out of Memory Error (os_linux.cpp:2627), pid=10681, tid=0x63edab40
#
# JRE version: Java(TM) SE Runtime Environment (8.0_101-b13) (build 1.8.0_101-b13)
# Java VM: Java HotSpot(TM) Server VM (25.101-b13 mixed mode linux-x86 )
# Failed to write core dump. Core dumps have been disabled. To enable core dumping, try "ulimit -c unlimited" before starting Java again
#

---------------  T H R E A D  ---------------

Current thread (0x63d10800):  VMThread [stack: 0x63e5a000,0x63edb000] [id=10689]

Stack: [0x63e5a000,0x63edb000],  sp=0x63ed98b0,  free space=510k
Native frames: (J=compiled Java code, j=interpreted, Vv=VM code, C=native code)
V  [libjvm.so+0x8d431f]  VMError::report_and_die()+0x16f
V  [libjvm.so+0x38ddb5]  report_vm_out_of_memory(char const*, int, unsigned int, VMErrorType, char const*)+0x55
V  [libjvm.so+0x756326]  os::Linux::commit_memory_impl(char*, unsigned int, bool)+0xe6
V  [libjvm.so+0x7567f8]  os::pd_commit_memory(char*, unsigned int, unsigned int, bool)+0x28
V  [libjvm.so+0x75071c]  os::commit_memory(char*, unsigned int, unsigned int, bool)+0x2c
V  [libjvm.so+0x7bb9c8]  PSVirtualSpace::expand_by(unsigned int)+0x48
V  [libjvm.so+0x7bcaca]  PSYoungGen::resize_generation(unsigned int, unsigned int)+0xda
V  [libjvm.so+0x7bbdf9]  PSYoungGen::resize(unsigned int, unsigned int)+0x19
V  [libjvm.so+0x7b9725]  PSScavenge::invoke_no_policy()+0xd15
V  [libjvm.so+0x7b9ee8]  PSScavenge::invoke()+0x28
V  [libjvm.so+0x777d8a]  ParallelScavengeHeap::failed_mem_allocate(unsigned int)+0x5a
V  [libjvm.so+0x8d5dea]  VM_ParallelGCFailedAllocation::doit()+0x7a
V  [libjvm.so+0x8df4a7]  VM_Operation::evaluate()+0x47
V  [libjvm.so+0x8dd583]  VMThread::evaluate_operation(VM_Operation*)+0xb3
V  [libjvm.so+0x8dd920]  VMThread::loop()+0x1b0
V  [libjvm.so+0x8ddd85]  VMThread::run()+0x85
V  [libjvm.so+0x758969]  java_start(Thread*)+0x119
C  [libpthread.so.0+0x61aa]  start_thread+0xda

VM_Operation (0x638375a4): ParallelGCFailedAllocation, mode: safepoint, requested by thread 0x63d91c00


---------------  P R O C E S S  ---------------

Java Threads: ( => current thread )
  0x63d9e000 JavaThread "pool-2-thread-4" [_thread_blocked, id=10702, stack(0x63746000,0x63797000)]
  0x63d9d000 JavaThread "pool-2-thread-3" [_thread_blocked, id=10701, stack(0x63797000,0x637e8000)]
  0x63d91c00 JavaThread "pool-2-thread-2" [_thread_blocked, id=10700, stack(0x637e8000,0x63839000)]
  0x63d90800 JavaThread "pool-3-thread-1" [_thread_blocked, id=10699, stack(0x63839000,0x6388a000)]
  0x63d8f800 JavaThread "pool-2-thread-1" [_thread_blocked, id=10698, stack(0x6388a000,0x638db000)]
  0x63d39400 JavaThread "Service Thread" daemon [_thread_blocked, id=10695, stack(0x6395c000,0x639ad000)]
  0x63d36400 JavaThread "C1 CompilerThread1" daemon [_thread_blocked, id=10694, stack(0x639ad000,0x63a2e000)]
  0x63d34400 JavaThread "C2 CompilerThread0" daemon [_thread_blocked, id=10693, stack(0x63a2e000,0x63aaf000)]
  0x63d32800 JavaThread "Signal Dispatcher" daemon [_thread_blocked, id=10692, stack(0x63aaf000,0x63b00000)]
  0x63d17c00 JavaThread "Finalizer" daemon [_thread_blocked, id=10691, stack(0x63e09000,0x63e5a000)]
  0x63d15000 JavaThread "Reference Handler" daemon [_thread_blocked, id=10690, stack(0x66a05000,0x66a56000)]
  0xb6507800 JavaThread "main" [_thread_blocked, id=10686, stack(0xb6613000,0xb6664000)]

Other Threads:
=>0x63d10800 VMThread [stack: 0x63e5a000,0x63edb000] [id=10689]
  0x63d3b400 WatcherThread [stack: 0x638db000,0x6395c000] [id=10696]

VM state:at safepoint (normal execution)

VM Mutex/Monitor currently owned by a thread:  ([mutex/lock_event])
[0xb6504f60] Threads_lock - owner thread: 0x63d10800
[0xb6505370] Heap_lock - owner thread: 0x63d91c00

Heap:
 PSYoungGen      total 146432K, used 15101K [0x91ac0000, 0x9ba40000, 0xa7000000)
  eden space 131328K, 0% used [0x91ac0000,0x91ac0000,0x99b00000)
  from space 15104K, 99% used [0x99b00000,0x9a9bf520,0x9a9c0000)
  to   space 13312K, 0% used [0x9a9c0000,0x9a9c0000,0x9b6c0000)
 ParOldGen       total 43776K, used 41297K [0x67000000, 0x69ac0000, 0x91ac0000)
  object space 43776K, 94% used [0x67000000,0x69854798,0x69ac0000)
 Metaspace       used 4111K, capacity 4134K, committed 4248K, reserved 4400K

Card table byte_map: [0x66dff000,0x67000000] byte_map_base: 0x66ac7000

Marking Bits: (ParMarkBitMap*) 0xb70ba8e0
 Begin Bits: [0x64900000, 0x65900000)
 End Bits:   [0x65900000, 0x66900000)

Polling page: 0xb76d2000

CodeCache: size=245760Kb used=5617Kb max_used=5617Kb free=240142Kb
 bounds [0xa748a000, 0xa7a0a000, 0xb648a000]
 total_blobs=2042 nmethods=1882 adapters=75
 compilation: enabled

Compilation events (10 events):
Event: 4,957 Thread 0x63d36400 2137       2       com.android.dx.rop.code.AccessFlags::isAnnotation (14 bytes)
Event: 4,958 Thread 0x63d36400 nmethod 2137 0xa7a001c8 code [0xa7a002c0, 0xa7a00380]
Event: 4,976 Thread 0x63d36400 2147       3       com.android.dx.ssa.SsaBasicBlock::replaceSuccessor (125 bytes)
Event: 4,977 Thread 0x63d36400 nmethod 2147 0xa7a00408 code [0xa7a00640, 0xa7a01158]
Event: 4,977 Thread 0x63d36400 2148       1       com.android.dx.rop.cst.CstType::getType (4 bytes)
Event: 4,977 Thread 0x63d36400 nmethod 2148 0xa7a01a08 code [0xa7a01b00, 0xa7a01ba0]
Event: 5,004 Thread 0x63d36400 2149 %     3       java.util.TreeMap::fixAfterInsertion @ 5 (267 bytes)
Event: 5,007 Thread 0x63d36400 nmethod 2149% 0xa7a01c08 code [0xa7a02040, 0xa7a03dd0]
Event: 5,007 Thread 0x63d36400 2150       3       java.util.TreeMap::fixAfterInsertion (267 bytes)
Event: 5,010 Thread 0x63d36400 nmethod 2150 0xa7a04f48 code [0xa7a05380, 0xa7a070d0]

GC Heap History (10 events):
Event: 1,307 GC heap after
Heap after GC invocations=2 (full 0):
 PSYoungGen      total 35840K, used 2559K [0x91ac0000, 0x94040000, 0xa7000000)
  eden space 33280K, 0% used [0x91ac0000,0x91ac0000,0x93b40000)
  from space 2560K, 99% used [0x93dc0000,0x9403fcf8,0x94040000)
  to   space 2560K, 0% used [0x93b40000,0x93b40000,0x93dc0000)
 ParOldGen       total 43776K, used 4662K [0x67000000, 0x69ac0000, 0x91ac0000)
  object space 43776K, 10% used [0x67000000,0x6748d830,0x69ac0000)
 Metaspace       used 3689K, capacity 3718K, committed 3736K, reserved 4400K
}
Event: 1,774 GC heap before
{Heap before GC invocations=3 (full 0):
 PSYoungGen      total 35840K, used 35839K [0x91ac0000, 0x94040000, 0xa7000000)
  eden space 33280K, 100% used [0x91ac0000,0x93b40000,0x93b40000)
  from space 2560K, 99% used [0x93dc0000,0x9403fcf8,0x94040000)
  to   space 2560K, 0% used [0x93b40000,0x93b40000,0x93dc0000)
 ParOldGen       total 43776K, used 4662K [0x67000000, 0x69ac0000, 0x91ac0000)
  object space 43776K, 10% used [0x67000000,0x6748d830,0x69ac0000)
 Metaspace       used 3815K, capacity 3846K, committed 3864K, reserved 4400K
Event: 1,802 GC heap after
Heap after GC invocations=3 (full 0):
 PSYoungGen      total 35840K, used 2559K [0x91ac0000, 0x960c0000, 0xa7000000)
  eden space 33280K, 0% used [0x91ac0000,0x91ac0000,0x93b40000)
  from space 2560K, 99% used [0x93b40000,0x93dbfd90,0x93dc0000)
  to   space 2560K, 0% used [0x95e40000,0x95e40000,0x960c0000)
 ParOldGen       total 43776K, used 9795K [0x67000000, 0x69ac0000, 0x91ac0000)
  object space 43776K, 22% used [0x67000000,0x67990cf8,0x69ac0000)
 Metaspace       used 3815K, capacity 3846K, committed 3864K, reserved 4400K
}
Event: 2,072 GC heap before
{Heap before GC invocations=4 (full 0):
 PSYoungGen      total 35840K, used 35839K [0x91ac0000, 0x960c0000, 0xa7000000)
  eden space 33280K, 100% used [0x91ac0000,0x93b40000,0x93b40000)
  from space 2560K, 99% used [0x93b40000,0x93dbfd90,0x93dc0000)
  to   space 2560K, 0% used [0x95e40000,0x95e40000,0x960c0000)
 ParOldGen       total 43776K, used 9795K [0x67000000, 0x69ac0000, 0x91ac0000)
  object space 43776K, 22% used [0x67000000,0x67990cf8,0x69ac0000)
 Metaspace       used 3899K, capacity 3942K, committed 3992K, reserved 4400K
Event: 2,128 GC heap after
Heap after GC invocations=4 (full 0):
 PSYoungGen      total 69120K, used 2551K [0x91ac0000, 0x960c0000, 0xa7000000)
  eden space 66560K, 0% used [0x91ac0000,0x91ac0000,0x95bc0000)
  from space 2560K, 99% used [0x95e40000,0x960bdf18,0x960c0000)
  to   space 2560K, 0% used [0x95bc0000,0x95bc0000,0x95e40000)
 ParOldGen       total 43776K, used 15099K [0x67000000, 0x69ac0000, 0x91ac0000)
  object space 43776K, 34% used [0x67000000,0x67ebecd8,0x69ac0000)
 Metaspace       used 3899K, capacity 3942K, committed 3992K, reserved 4400K
}
Event: 2,677 GC heap before
{Heap before GC invocations=5 (full 0):
 PSYoungGen      total 69120K, used 69111K [0x91ac0000, 0x960c0000, 0xa7000000)
  eden space 66560K, 100% used [0x91ac0000,0x95bc0000,0x95bc0000)
  from space 2560K, 99% used [0x95e40000,0x960bdf18,0x960c0000)
  to   space 2560K, 0% used [0x95bc0000,0x95bc0000,0x95e40000)
 ParOldGen       total 43776K, used 15099K [0x67000000, 0x69ac0000, 0x91ac0000)
  object space 43776K, 34% used [0x67000000,0x67ebecd8,0x69ac0000)
 Metaspace       used 3917K, capacity 3942K, committed 3992K, reserved 4400K
Event: 2,760 GC heap after
Heap after GC invocations=5 (full 0):
 PSYoungGen      total 69120K, used 2558K [0x91ac0000, 0x9b6c0000, 0xa7000000)
  eden space 66560K, 0% used [0x91ac0000,0x91ac0000,0x95bc0000)
  from space 2560K, 99% used [0x95bc0000,0x95e3f930,0x95e40000)
  to   space 13312K, 0% used [0x9a9c0000,0x9a9c0000,0x9b6c0000)
 ParOldGen       total 43776K, used 25483K [0x67000000, 0x69ac0000, 0x91ac0000)
  object space 43776K, 58% used [0x67000000,0x688e2da0,0x69ac0000)
 Metaspace       used 3917K, capacity 3942K, committed 3992K, reserved 4400K
}
Event: 3,516 GC heap before
{Heap before GC invocations=6 (full 0):
 PSYoungGen      total 69120K, used 69118K [0x91ac0000, 0x9b6c0000, 0xa7000000)
  eden space 66560K, 100% used [0x91ac0000,0x95bc0000,0x95bc0000)
  from space 2560K, 99% used [0x95bc0000,0x95e3f930,0x95e40000)
  to   space 13312K, 0% used [0x9a9c0000,0x9a9c0000,0x9b6c0000)
 ParOldGen       total 43776K, used 25483K [0x67000000, 0x69ac0000, 0x91ac0000)
  object space 43776K, 58% used [0x67000000,0x688e2da0,0x69ac0000)
 Metaspace       used 3992K, capacity 4006K, committed 4120K, reserved 4400K
Event: 3,664 GC heap after
Heap after GC invocations=6 (full 0):
 PSYoungGen      total 144640K, used 12506K [0x91ac0000, 0x9ba40000, 0xa7000000)
  eden space 131328K, 0% used [0x91ac0000,0x91ac0000,0x99b00000)
  from space 13312K, 93% used [0x9a9c0000,0x9b5f6a90,0x9b6c0000)
  to   space 15104K, 0% used [0x99b00000,0x99b00000,0x9a9c0000)
 ParOldGen       total 43776K, used 25483K [0x67000000, 0x69ac0000, 0x91ac0000)
  object space 43776K, 58% used [0x67000000,0x688e2da0,0x69ac0000)
 Metaspace       used 3992K, capacity 4006K, committed 4120K, reserved 4400K
}
Event: 5,047 GC heap before
{Heap before GC invocations=7 (full 0):
 PSYoungGen      total 144640K, used 143834K [0x91ac0000, 0x9ba40000, 0xa7000000)
  eden space 131328K, 100% used [0x91ac0000,0x99b00000,0x99b00000)
  from space 13312K, 93% used [0x9a9c0000,0x9b5f6a90,0x9b6c0000)
  to   space 15104K, 0% used [0x99b00000,0x99b00000,0x9a9c0000)
 ParOldGen       total 43776K, used 25483K [0x67000000, 0x69ac0000, 0x91ac0000)
  object space 43776K, 58% used [0x67000000,0x688e2da0,0x69ac0000)
 Metaspace       used 4111K, capacity 4134K, committed 4248K, reserved 4400K

Deoptimization events (10 events):
Event: 0,594 Thread 0x63d8f800 Uncommon trap: reason=unstable_if action=reinterpret pc=0xa75d414c method=java.util.HashMap.getNode(ILjava/lang/Object;)Ljava/util/HashMap$Node; @ 129
Event: 0,760 Thread 0x63d9e000 Uncommon trap: reason=unstable_if action=reinterpret pc=0xa75e5d48 method=java.util.BitSet.nextSetBit(I)I @ 87
Event: 1,581 Thread 0xb6507800 Uncommon trap: reason=unstable_if action=reinterpret pc=0xa764c254 method=com.android.dx.rop.cst.Constant.compareTo(Lcom/android/dx/rop/cst/Constant;)I @ 12
Event: 1,817 Thread 0x63d9e000 Uncommon trap: reason=unstable_if action=reinterpret pc=0xa76b06dc method=java.util.HashMap.putVal(ILjava/lang/Object;Ljava/lang/Object;ZZ)Ljava/lang/Object; @ 162
Event: 1,843 Thread 0x63d9e000 Uncommon trap: reason=unstable_if action=reinterpret pc=0xa7616864 method=java.util.HashMap.getNode(ILjava/lang/Object;)Ljava/util/HashMap$Node; @ 84
Event: 2,143 Thread 0x63d91c00 Uncommon trap: reason=unstable_if action=reinterpret pc=0xa75fcda0 method=java.util.HashMap.getNode(ILjava/lang/Object;)Ljava/util/HashMap$Node; @ 84
Event: 3,015 Thread 0x63d91c00 Uncommon trap: reason=bimorphic action=maybe_recompile pc=0xa7894098 method=java.util.HashMap.getNode(ILjava/lang/Object;)Ljava/util/HashMap$Node; @ 126
Event: 3,015 Thread 0x63d91c00 Uncommon trap: reason=bimorphic action=maybe_recompile pc=0xa7894098 method=java.util.HashMap.getNode(ILjava/lang/Object;)Ljava/util/HashMap$Node; @ 126
Event: 3,015 Thread 0x63d91c00 Uncommon trap: reason=bimorphic action=maybe_recompile pc=0xa7894098 method=java.util.HashMap.getNode(ILjava/lang/Object;)Ljava/util/HashMap$Node; @ 126
Event: 3,015 Thread 0x63d91c00 Uncommon trap: reason=bimorphic action=maybe_recompile pc=0xa7894098 method=java.util.HashMap.getNode(ILjava/lang/Object;)Ljava/util/HashMap$Node; @ 126

Internal exceptions (5 events):
Event: 0,071 Thread 0xb6507800 Exception <a 'java/lang/NoSuchMethodError': Method sun.misc.Unsafe.defineClass(Ljava/lang/String;[BII)Ljava/lang/Class; name or signature does not match> (0x91ac6ea0) thrown at [/HUDSON/workspace/8-2-build-linux-i586/jdk8u101/7261/hotspot/src/share/vm/pri
Event: 0,071 Thread 0xb6507800 Exception <a 'java/lang/NoSuchMethodError': Method sun.misc.Unsafe.prefetchRead(Ljava/lang/Object;J)V name or signature does not match> (0x91ac7170) thrown at [/HUDSON/workspace/8-2-build-linux-i586/jdk8u101/7261/hotspot/src/share/vm/prims/jni.cpp, line 4
Event: 1,829 Thread 0x63d9e000 Exception <a 'java/lang/ArrayIndexOutOfBoundsException': 18> (0x91d47d38) thrown at [/HUDSON/workspace/8-2-build-linux-i586/jdk8u101/7261/hotspot/src/share/vm/interpreter/interpreterRuntime.cpp, line 366]
Event: 1,830 Thread 0x63d9e000 Exception <a 'java/lang/ArrayIndexOutOfBoundsException': 145> (0x91d495d8) thrown at [/HUDSON/workspace/8-2-build-linux-i586/jdk8u101/7261/hotspot/src/share/vm/interpreter/interpreterRuntime.cpp, line 366]
Event: 1,830 Thread 0x63d9e000 Exception <a 'java/lang/ArrayIndexOutOfBoundsException': 40> (0x91d4a6b8) thrown at [/HUDSON/workspace/8-2-build-linux-i586/jdk8u101/7261/hotspot/src/share/vm/interpreter/interpreterRuntime.cpp, line 366]

Events (10 events):
Event: 4,952 Thread 0x63d8f800 DEOPT UNPACKING pc=0xa74c6310 sp=0x638d96b0 mode 0
Event: 4,970 Thread 0x63d91c00 DEOPT PACKING pc=0xa76adba0 sp=0x63837670
Event: 4,970 Thread 0x63d91c00 DEOPT UNPACKING pc=0xa74c6310 sp=0x6383755c mode 0
Event: 4,978 Thread 0x63d9d000 DEOPT PACKING pc=0xa76454a9 sp=0x637e66d0
Event: 4,978 Thread 0x63d9d000 DEOPT UNPACKING pc=0xa74c6310 sp=0x637e65c8 mode 0
Event: 5,010 Thread 0xb6507800 DEOPT PACKING pc=0xa76fd073 sp=0xb6662780
Event: 5,010 Thread 0xb6507800 DEOPT UNPACKING pc=0xa74c6310 sp=0xb6662624 mode 0
Event: 5,014 Thread 0xb6507800 DEOPT PACKING pc=0xa76453fb sp=0xb66624e0
Event: 5,014 Thread 0xb6507800 DEOPT UNPACKING pc=0xa74c6310 sp=0xb66623d8 mode 0
Event: 5,029 Executing VM operation: ParallelGCFailedAllocation


Dynamic libraries:
08048000-08049000 r-xp 00000000 08:03 1333912    /usr/lib/jvm/java-8-oracle/bin/java
08049000-0804a000 rw-p 00000000 08:03 1333912    /usr/lib/jvm/java-8-oracle/bin/java
08869000-08c3c000 rw-p 00000000 00:00 0          [heap]
63200000-632de000 rw-p 00000000 00:00 0 
632de000-63300000 ---p 00000000 00:00 0 
63400000-635fe000 rw-p 00000000 00:00 0 
635fe000-63600000 ---p 00000000 00:00 0 
63600000-636fd000 rw-p 00000000 00:00 0 
636fd000-63700000 ---p 00000000 00:00 0 
63746000-63749000 ---p 00000000 00:00 0 
63749000-63797000 rw-p 00000000 00:00 0 
63797000-6379a000 ---p 00000000 00:00 0 
6379a000-637e8000 rw-p 00000000 00:00 0 
637e8000-637eb000 ---p 00000000 00:00 0 
637eb000-63839000 rw-p 00000000 00:00 0 
63839000-6383c000 ---p 00000000 00:00 0 
6383c000-6388a000 rw-p 00000000 00:00 0 
6388a000-6388d000 ---p 00000000 00:00 0 
6388d000-638db000 rw-p 00000000 00:00 0 
638db000-638dc000 ---p 00000000 00:00 0 
638dc000-6395c000 rw-p 00000000 00:00 0 
6395c000-6395f000 ---p 00000000 00:00 0 
6395f000-639ad000 rw-p 00000000 00:00 0 
639ad000-639b0000 ---p 00000000 00:00 0 
639b0000-63a2e000 rw-p 00000000 00:00 0 
63a2e000-63a31000 ---p 00000000 00:00 0 
63a31000-63aaf000 rw-p 00000000 00:00 0 
63aaf000-63ab2000 ---p 00000000 00:00 0 
63ab2000-63b00000 rw-p 00000000 00:00 0 
63b00000-63d00000 r--p 00000000 08:03 1188778    /usr/lib/locale/locale-archive
63d00000-63df7000 rw-p 00000000 00:00 0 
63df7000-63e00000 ---p 00000000 00:00 0 
63e09000-63e0c000 ---p 00000000 00:00 0 
63e0c000-63e5a000 rw-p 00000000 00:00 0 
63e5a000-63e5b000 ---p 00000000 00:00 0 
63e5b000-63edb000 rw-p 00000000 00:00 0 
63edb000-640b4000 r--s 03d29000 08:03 1606475    /usr/lib/jvm/java-8-oracle/jre/lib/rt.jar
640b4000-644da000 rw-p 00000000 00:00 0 
644da000-64500000 ---p 00000000 00:00 0 
64500000-66900000 rw-p 00000000 00:00 0 
66900000-66a00000 rw-p 00000000 00:00 0 
66a05000-66a08000 ---p 00000000 00:00 0 
66a08000-66b00000 rw-p 00000000 00:00 0 
66b00000-66b21000 rw-p 00000000 00:00 0 
66b21000-66c00000 ---p 00000000 00:00 0 
66c28000-66c29000 ---p 00000000 00:00 0 
66c29000-66cbf000 rw-p 00000000 00:00 0 
66cbf000-66dff000 ---p 00000000 00:00 0 
66dff000-66e15000 rw-p 00000000 00:00 0 
66e15000-66f54000 ---p 00000000 00:00 0 
66f54000-66fa5000 rw-p 00000000 00:00 0 
66fa5000-66fff000 ---p 00000000 00:00 0 
66fff000-69ac0000 rw-p 00000000 00:00 0 
69ac0000-91ac0000 ---p 00000000 00:00 0 
91ac0000-9ba40000 rw-p 00000000 00:00 0 
a4aed000-a4d40000 rw-p 00000000 00:00 0 
a4d40000-a7000000 ---p 00000000 00:00 0 
a700b000-a7022000 r--s 00101000 08:03 933166     /home/mycomputer/Geeksfarm/update/AdvanceApp/app/build/intermediates/exploded-aar/com.android.support/support-v4/24.0.0/jars/classes.jar
a7022000-a7031000 r--s 000df000 08:03 661645     /home/mycomputer/Android/Sdk/build-tools/23.0.1/lib/dx.jar
a7031000-a7049000 rw-p 00000000 00:00 0 
a7049000-a704a000 ---p 00000000 00:00 0 
a704a000-a70e0000 rw-p 00000000 00:00 0 
a70e0000-a748a000 ---p 00000000 00:00 0 
a748a000-a7a0a000 rwxp 00000000 00:00 0 
a7a0a000-b648a000 ---p 00000000 00:00 0 
b648a000-b6495000 r-xp 00000000 08:03 524387     /lib/i386-linux-gnu/libnss_files-2.21.so
b6495000-b6496000 r--p 0000a000 08:03 524387     /lib/i386-linux-gnu/libnss_files-2.21.so
b6496000-b6497000 rw-p 0000b000 08:03 524387     /lib/i386-linux-gnu/libnss_files-2.21.so
b6497000-b64a2000 r-xp 00000000 08:03 525569     /lib/i386-linux-gnu/libnss_nis-2.21.so
b64a2000-b64a3000 r--p 0000a000 08:03 525569     /lib/i386-linux-gnu/libnss_nis-2.21.so
b64a3000-b64a4000 rw-p 0000b000 08:03 525569     /lib/i386-linux-gnu/libnss_nis-2.21.so
b64a4000-b64bb000 r-xp 00000000 08:03 525583     /lib/i386-linux-gnu/libnsl-2.21.so
b64bb000-b64bc000 r--p 00016000 08:03 525583     /lib/i386-linux-gnu/libnsl-2.21.so
b64bc000-b64bd000 rw-p 00017000 08:03 525583     /lib/i386-linux-gnu/libnsl-2.21.so
b64bd000-b64bf000 rw-p 00000000 00:00 0 
b64c1000-b64da000 r-xp 00000000 08:03 1731575    /usr/lib/jvm/java-8-oracle/jre/lib/i386/libzip.so
b64da000-b64db000 rw-p 00019000 08:03 1731575    /usr/lib/jvm/java-8-oracle/jre/lib/i386/libzip.so
b64db000-b64ff000 r-xp 00000000 08:03 1731570    /usr/lib/jvm/java-8-oracle/jre/lib/i386/libjava.so
b64ff000-b6500000 rw-p 00023000 08:03 1731570    /usr/lib/jvm/java-8-oracle/jre/lib/i386/libjava.so
b6500000-b65f9000 rw-p 00000000 00:00 0 
b65f9000-b6600000 ---p 00000000 00:00 0 
b6602000-b660a000 rw-s 00000000 08:03 1058155    /tmp/hsperfdata_mycomputer/10681
b660a000-b6611000 r-xp 00000000 08:03 524388     /lib/i386-linux-gnu/librt-2.21.so
b6611000-b6612000 r--p 00006000 08:03 524388     /lib/i386-linux-gnu/librt-2.21.so
b6612000-b6613000 rw-p 00007000 08:03 524388     /lib/i386-linux-gnu/librt-2.21.so
b6613000-b6616000 ---p 00000000 00:00 0 
b6616000-b6664000 rw-p 00000000 00:00 0 
b6664000-b66af000 r-xp 00000000 08:03 524390     /lib/i386-linux-gnu/libm-2.21.so
b66af000-b66b0000 r--p 0004a000 08:03 524390     /lib/i386-linux-gnu/libm-2.21.so
b66b0000-b66b1000 rw-p 0004b000 08:03 524390     /lib/i386-linux-gnu/libm-2.21.so
b66b1000-b703a000 r-xp 00000000 08:03 1731555    /usr/lib/jvm/java-8-oracle/jre/lib/i386/server/libjvm.so
b703a000-b70a7000 rw-p 00989000 08:03 1731555    /usr/lib/jvm/java-8-oracle/jre/lib/i386/server/libjvm.so
b70a7000-b74d0000 rw-p 00000000 00:00 0 
b74d0000-b7684000 r-xp 00000000 08:03 525654     /lib/i386-linux-gnu/libc-2.21.so
b7684000-b7687000 r--p 001b3000 08:03 525654     /lib/i386-linux-gnu/libc-2.21.so
b7687000-b7689000 rw-p 001b6000 08:03 525654     /lib/i386-linux-gnu/libc-2.21.so
b7689000-b768b000 rw-p 00000000 00:00 0 
b768b000-b768e000 r-xp 00000000 08:03 524394     /lib/i386-linux-gnu/libdl-2.21.so
b768e000-b768f000 r--p 00002000 08:03 524394     /lib/i386-linux-gnu/libdl-2.21.so
b768f000-b7690000 rw-p 00003000 08:03 524394     /lib/i386-linux-gnu/libdl-2.21.so
b7690000-b76a4000 r-xp 00000000 08:03 1468308    /usr/lib/jvm/java-8-oracle/lib/i386/jli/libjli.so
b76a4000-b76a5000 rw-p 00014000 08:03 1468308    /usr/lib/jvm/java-8-oracle/lib/i386/jli/libjli.so
b76a5000-b76a6000 rw-p 00000000 00:00 0 
b76a6000-b76bf000 r-xp 00000000 08:03 524391     /lib/i386-linux-gnu/libpthread-2.21.so
b76bf000-b76c0000 r--p 00018000 08:03 524391     /lib/i386-linux-gnu/libpthread-2.21.so
b76c0000-b76c1000 rw-p 00019000 08:03 524391     /lib/i386-linux-gnu/libpthread-2.21.so
b76c1000-b76c4000 rw-p 00000000 00:00 0 
b76c4000-b76c5000 rw-p 00000000 00:00 0 
b76c5000-b76c6000 r--p 005e0000 08:03 1188778    /usr/lib/locale/locale-archive
b76c6000-b76c7000 r--p 00859000 08:03 1188778    /usr/lib/locale/locale-archive
b76c7000-b76cf000 r-xp 00000000 08:03 524389     /lib/i386-linux-gnu/libnss_compat-2.21.so
b76cf000-b76d0000 r--p 00007000 08:03 524389     /lib/i386-linux-gnu/libnss_compat-2.21.so
b76d0000-b76d1000 rw-p 00008000 08:03 524389     /lib/i386-linux-gnu/libnss_compat-2.21.so
b76d1000-b76d2000 rw-p 00000000 00:00 0 
b76d2000-b76d3000 ---p 00000000 00:00 0 
b76d3000-b76de000 r-xp 00000000 08:03 1731521    /usr/lib/jvm/java-8-oracle/jre/lib/i386/libverify.so
b76de000-b76df000 rw-p 0000b000 08:03 1731521    /usr/lib/jvm/java-8-oracle/jre/lib/i386/libverify.so
b76df000-b76e1000 rw-p 00000000 00:00 0 
b76e1000-b76e3000 r--p 00000000 00:00 0          [vvar]
b76e3000-b76e4000 r-xp 00000000 00:00 0          [vdso]
b76e4000-b7706000 r-xp 00000000 08:03 525584     /lib/i386-linux-gnu/ld-2.21.so
b7706000-b7707000 r--p 00021000 08:03 525584     /lib/i386-linux-gnu/ld-2.21.so
b7707000-b7708000 rw-p 00022000 08:03 525584     /lib/i386-linux-gnu/ld-2.21.so
bfcd1000-bfcd2000 rwxp 00000000 00:00 0 
bfd04000-bfd25000 rw-p 00000000 00:00 0          [stack]

VM Arguments:
jvm_args: -Djava.awt.headless=true -Xmx1024M -Dfile.encoding=UTF-8 -Duser.country=US -Duser.language=en -Duser.variant 
java_command: com.android.dx.command.Main --dex --force-jumbo --num-threads=4 --multi-dex --output /home/mycomputer/Geeksfarm/update/AdvanceApp/app/build/intermediates/transforms/dex/debug/folders/1000/10/com.android.support-support-v4-24.0.0_2e50b69a82f6284390b3b93cab54b3d417c7fc85 /home/mycomputer/Geeksfarm/update/AdvanceApp/app/build/intermediates/exploded-aar/com.android.support/support-v4/24.0.0/jars/classes.jar
java_class_path (initial): /home/mycomputer/Android/Sdk/build-tools/23.0.1/lib/dx.jar
Launcher Type: SUN_STANDARD

Environment Variables:
JAVA_HOME=/usr/lib/jvm/java-8-oracle
PATH=/usr/local/sbin:/usr/local/bin:/usr/sbin:/usr/bin:/sbin:/bin:/usr/games:/usr/local/games:/usr/lib/jvm/java-8-oracle/bin:/usr/lib/jvm/java-8-oracle/db/bin:/usr/lib/jvm/java-8-oracle/jre/bin:/home/mycomputer/.rvm/bin
LD_LIBRARY_PATH=/home/mycomputer/android-studio/bin:
SHELL=/bin/bash
DISPLAY=:0

Signal Handlers:
SIGSEGV: [libjvm.so+0x8d4e30], sa_mask[0]=11111111011111111101111111111110, sa_flags=SA_RESTART|SA_SIGINFO
SIGBUS: [libjvm.so+0x8d4e30], sa_mask[0]=11111111011111111101111111111110, sa_flags=SA_RESTART|SA_SIGINFO
SIGFPE: [libjvm.so+0x753000], sa_mask[0]=11111111011111111101111111111110, sa_flags=SA_RESTART|SA_SIGINFO
SIGPIPE: [libjvm.so+0x753000], sa_mask[0]=11111111011111111101111111111110, sa_flags=SA_RESTART|SA_SIGINFO
SIGXFSZ: [libjvm.so+0x753000], sa_mask[0]=11111111011111111101111111111110, sa_flags=SA_RESTART|SA_SIGINFO
SIGILL: [libjvm.so+0x753000], sa_mask[0]=11111111011111111101111111111110, sa_flags=SA_RESTART|SA_SIGINFO
SIGUSR1: SIG_DFL, sa_mask[0]=00000000000000000000000000000000, sa_flags=none
SIGUSR2: [libjvm.so+0x754680], sa_mask[0]=00100000000000000000000000000000, sa_flags=SA_RESTART|SA_SIGINFO
SIGHUP: [libjvm.so+0x755b30], sa_mask[0]=11111111011111111101111111111110, sa_flags=SA_RESTART|SA_SIGINFO
SIGINT: [libjvm.so+0x755b30], sa_mask[0]=11111111011111111101111111111110, sa_flags=SA_RESTART|SA_SIGINFO
SIGTERM: [libjvm.so+0x755b30], sa_mask[0]=11111111011111111101111111111110, sa_flags=SA_RESTART|SA_SIGINFO
SIGQUIT: [libjvm.so+0x755b30], sa_mask[0]=11111111011111111101111111111110, sa_flags=SA_RESTART|SA_SIGINFO


---------------  S Y S T E M  ---------------

OS:DISTRIB_ID=Ubuntu
DISTRIB_RELEASE=15.10
DISTRIB_CODENAME=wily
DISTRIB_DESCRIPTION="Ubuntu 15.10"

uname:Linux 4.2.0-42-generic #49-Ubuntu SMP Tue Jun 28 21:24:45 UTC 2016 i686
libc:glibc 2.21 NPTL 2.21 
rlimit: STACK 8192k, CORE 0k, NPROC 32076, NOFILE 65536, AS infinity
load average:5,25 3,32 2,24

/proc/meminfo:
MemTotal:        4138828 kB
MemFree:          227628 kB
MemAvailable:     155068 kB
Buffers:            1240 kB
Cached:            65528 kB
SwapCached:            0 kB
Active:          3748784 kB
Inactive:          53096 kB
Active(anon):    3738980 kB
Inactive(anon):    45012 kB
Active(file):       9804 kB
Inactive(file):     8084 kB
Unevictable:          32 kB
Mlocked:              32 kB
HighTotal:       3280392 kB
HighFree:          41196 kB
LowTotal:         858436 kB
LowFree:          186432 kB
SwapTotal:             0 kB
SwapFree:              0 kB
Dirty:               224 kB
Writeback:             0 kB
AnonPages:       3735188 kB
Mapped:            49532 kB
Shmem:             48836 kB
Slab:              45492 kB
SReclaimable:      22208 kB
SUnreclaim:        23284 kB
KernelStack:        5304 kB
PageTables:        21168 kB
NFS_Unstable:          0 kB
Bounce:               76 kB
WritebackTmp:          0 kB
CommitLimit:     2069412 kB
Committed_AS:    9199720 kB
VmallocTotal:     122880 kB
VmallocUsed:       41284 kB
VmallocChunk:      78532 kB
AnonHugePages:   2701312 kB
CmaTotal:              0 kB
CmaFree:               0 kB
HugePages_Total:       0
HugePages_Free:        0
HugePages_Rsvd:        0
HugePages_Surp:        0
Hugepagesize:       2048 kB
DirectMap4k:       53240 kB
DirectMap2M:      860160 kB


CPU:total 2 (2 cores per cpu, 1 threads per core) family 6 model 23 stepping 10, cmov, cx8, fxsr, mmx, sse, sse2, sse3, ssse3, sse4.1, tsc

/proc/cpuinfo:
processor	: 0
vendor_id	: GenuineIntel
cpu family	: 6
model		: 23
model name	: Intel(R) Core(TM)2 Duo CPU     E7500  @ 2.93GHz
stepping	: 10
microcode	: 0xa07
cpu MHz		: 2936.000
cache size	: 3072 KB
physical id	: 0
siblings	: 2
core id		: 0
cpu cores	: 2
apicid		: 0
initial apicid	: 0
fdiv_bug	: no
f00f_bug	: no
coma_bug	: no
fpu		: yes
fpu_exception	: yes
cpuid level	: 13
wp		: yes
flags		: fpu vme de pse tsc msr pae mce cx8 apic sep mtrr pge mca cmov pat pse36 clflush dts acpi mmx fxsr sse sse2 ss ht tm pbe nx lm constant_tsc arch_perfmon pebs bts aperfmperf pni dtes64 monitor ds_cpl vmx est tm2 ssse3 cx16 xtpr pdcm sse4_1 xsave lahf_lm dtherm tpr_shadow vnmi flexpriority
bugs		:
bogomips	: 5866.48
clflush size	: 64
cache_alignment	: 64
address sizes	: 36 bits physical, 48 bits virtual
power management:

processor	: 1
vendor_id	: GenuineIntel
cpu family	: 6
model		: 23
model name	: Intel(R) Core(TM)2 Duo CPU     E7500  @ 2.93GHz
stepping	: 10
microcode	: 0xa07
cpu MHz		: 2936.000
cache size	: 3072 KB
physical id	: 0
siblings	: 2
core id		: 1
cpu cores	: 2
apicid		: 1
initial apicid	: 1
fdiv_bug	: no
f00f_bug	: no
coma_bug	: no
fpu		: yes
fpu_exception	: yes
cpuid level	: 13
wp		: yes
flags		: fpu vme de pse tsc msr pae mce cx8 apic sep mtrr pge mca cmov pat pse36 clflush dts acpi mmx fxsr sse sse2 ss ht tm pbe nx lm constant_tsc arch_perfmon pebs bts aperfmperf pni dtes64 monitor ds_cpl vmx est tm2 ssse3 cx16 xtpr pdcm sse4_1 xsave lahf_lm dtherm tpr_shadow vnmi flexpriority
bugs		:
bogomips	: 5866.48
clflush size	: 64
cache_alignment	: 64
address sizes	: 36 bits physical, 48 bits virtual
power management:



Memory: 4k page, physical 4138828k(227628k free), swap 0k(0k free)

vm_info: Java HotSpot(TM) Server VM (25.101-b13) for linux-x86 JRE (1.8.0_101-b13), built on Jun 22 2016 02:31:35 by "java_re" with gcc 4.3.0 20080428 (Red Hat 4.3.0-8)

time: Fri Sep 30 15:02:58 2016
elapsed time: 8 seconds (0d 0h 0m 8s)

