#
# There is insufficient memory for the Java Runtime Environment to continue.
# Native memory allocation (mmap) failed to map 44040192 bytes for committing reserved memory.
# Possible reasons:
#   The system is out of physical RAM or swap space
#   In 32 bit mode, the process size limit was hit
# Possible solutions:
#   Reduce memory load on the system
#   Increase physical memory or swap space
#   Check if swap backing store is full
#   Use 64 bit Java on a 64 bit OS
#   Decrease Java heap size (-Xmx/-Xms)
#   Decrease number of Java threads
#   Decrease Java thread stack sizes (-Xss)
#   Set larger code cache with -XX:ReservedCodeCacheSize=
# This output file may be truncated or incomplete.
#
#  Out of Memory Error (os_linux.cpp:2627), pid=30523, tid=0x66ab0b40
#
# JRE version: Java(TM) SE Runtime Environment (8.0_101-b13) (build 1.8.0_101-b13)
# Java VM: Java HotSpot(TM) Server VM (25.101-b13 mixed mode linux-x86 )
# Failed to write core dump. Core dumps have been disabled. To enable core dumping, try "ulimit -c unlimited" before starting Java again
#

---------------  T H R E A D  ---------------

Current thread (0x63d10800):  VMThread [stack: 0x66a30000,0x66ab1000] [id=30540]

Stack: [0x66a30000,0x66ab1000],  sp=0x66aaf9b0,  free space=510k
Native frames: (J=compiled Java code, j=interpreted, Vv=VM code, C=native code)
V  [libjvm.so+0x8d431f]  VMError::report_and_die()+0x16f
V  [libjvm.so+0x38ddb5]  report_vm_out_of_memory(char const*, int, unsigned int, VMErrorType, char const*)+0x55
V  [libjvm.so+0x756326]  os::Linux::commit_memory_impl(char*, unsigned int, bool)+0xe6
V  [libjvm.so+0x7567f8]  os::pd_commit_memory(char*, unsigned int, unsigned int, bool)+0x28
V  [libjvm.so+0x75071c]  os::commit_memory(char*, unsigned int, unsigned int, bool)+0x2c
V  [libjvm.so+0x7bb9c8]  PSVirtualSpace::expand_by(unsigned int)+0x48
V  [libjvm.so+0x7bcaca]  PSYoungGen::resize_generation(unsigned int, unsigned int)+0xda
V  [libjvm.so+0x7bbdf9]  PSYoungGen::resize(unsigned int, unsigned int)+0x19
V  [libjvm.so+0x7b9725]  PSScavenge::invoke_no_policy()+0xd15
V  [libjvm.so+0x7b9ee8]  PSScavenge::invoke()+0x28
V  [libjvm.so+0x777d8a]  ParallelScavengeHeap::failed_mem_allocate(unsigned int)+0x5a
V  [libjvm.so+0x8d5dea]  VM_ParallelGCFailedAllocation::doit()+0x7a
V  [libjvm.so+0x8df4a7]  VM_Operation::evaluate()+0x47
V  [libjvm.so+0x8dd583]  VMThread::evaluate_operation(VM_Operation*)+0xb3
V  [libjvm.so+0x8dd920]  VMThread::loop()+0x1b0
V  [libjvm.so+0x8ddd85]  VMThread::run()+0x85
V  [libjvm.so+0x758969]  java_start(Thread*)+0x119
C  [libpthread.so.0+0x61aa]  start_thread+0xda

VM_Operation (0x637e62a0): ParallelGCFailedAllocation, mode: safepoint, requested by thread 0x63da3400


---------------  P R O C E S S  ---------------

Java Threads: ( => current thread )
  0x63da4400 JavaThread "pool-2-thread-4" [_thread_blocked, id=30567, stack(0x63746000,0x63797000)]
  0x63da3400 JavaThread "pool-2-thread-3" [_thread_blocked, id=30563, stack(0x63797000,0x637e8000)]
  0x63da1c00 JavaThread "pool-2-thread-2" [_thread_blocked, id=30562, stack(0x637e8000,0x63839000)]
  0x63da0800 JavaThread "pool-3-thread-1" [_thread_blocked, id=30561, stack(0x63839000,0x6388a000)]
  0x63d9f800 JavaThread "pool-2-thread-1" [_thread_blocked, id=30559, stack(0x6388a000,0x638db000)]
  0x63d39400 JavaThread "Service Thread" daemon [_thread_blocked, id=30554, stack(0x6395c000,0x639ad000)]
  0x63d36400 JavaThread "C1 CompilerThread1" daemon [_thread_blocked, id=30551, stack(0x639ad000,0x63a2e000)]
  0x63d34400 JavaThread "C2 CompilerThread0" daemon [_thread_blocked, id=30549, stack(0x63a2e000,0x63aaf000)]
  0x63d32800 JavaThread "Signal Dispatcher" daemon [_thread_blocked, id=30547, stack(0x63aaf000,0x63b00000)]
  0x63d17c00 JavaThread "Finalizer" daemon [_thread_blocked, id=30545, stack(0x63e39000,0x63e8a000)]
  0x63d15000 JavaThread "Reference Handler" daemon [_thread_blocked, id=30542, stack(0x63e8a000,0x63edb000)]
  0xb6507800 JavaThread "main" [_thread_blocked, id=30534, stack(0xb66d5000,0xb6726000)]

Other Threads:
=>0x63d10800 VMThread [stack: 0x66a30000,0x66ab1000] [id=30540]
  0x63d3b000 WatcherThread [stack: 0x638db000,0x6395c000] [id=30555]

VM state:at safepoint (normal execution)

VM Mutex/Monitor currently owned by a thread:  ([mutex/lock_event])
[0xb6504f60] Threads_lock - owner thread: 0x63d10800
[0xb6505370] Heap_lock - owner thread: 0x63da3400

Heap:
 PSYoungGen      total 35840K, used 2556K [0x91ac0000, 0x94040000, 0xa7000000)
  eden space 33280K, 0% used [0x91ac0000,0x91ac0000,0x93b40000)
  from space 2560K, 99% used [0x93b40000,0x93dbf258,0x93dc0000)
  to   space 2560K, 0% used [0x93dc0000,0x93dc0000,0x94040000)
 ParOldGen       total 43776K, used 15052K [0x67000000, 0x69ac0000, 0x91ac0000)
  object space 43776K, 34% used [0x67000000,0x67eb30e8,0x69ac0000)
 Metaspace       used 3923K, capacity 3942K, committed 3992K, reserved 4400K

Card table byte_map: [0x66dff000,0x67000000] byte_map_base: 0x66ac7000

Marking Bits: (ParMarkBitMap*) 0xb717c8e0
 Begin Bits: [0x64900000, 0x65900000)
 End Bits:   [0x65900000, 0x66900000)

Polling page: 0xb7794000

CodeCache: size=245760Kb used=3507Kb max_used=3507Kb free=242253Kb
 bounds [0xa7500000, 0xa7870000, 0xb6500000]
 total_blobs=1439 nmethods=1279 adapters=75
 compilation: enabled

Compilation events (10 events):
Event: 43,944 Thread 0x63d36400 nmethod 1588 0xa786c888 code [0xa786c9a0, 0xa786ca8c]
Event: 43,944 Thread 0x63d36400 1649       2       java.util.concurrent.locks.ReentrantLock$Sync::tryRelease (45 bytes)
Event: 43,946 Thread 0x63d36400 nmethod 1649 0xa786d088 code [0xa786d1c0, 0xa786d36c]
Event: 43,946 Thread 0x63d36400 1657       2       com.android.dx.ssa.SsaConverter::edgeSplitPredecessors (44 bytes)
Event: 43,946 Thread 0x63d36400 nmethod 1657 0xa786d448 code [0xa786d5c0, 0xa786d85c]
Event: 43,946 Thread 0x63d36400 1655       2       com.android.dx.dex.file.ValueEncoder::addContents (75 bytes)
Event: 43,947 Thread 0x63d36400 nmethod 1655 0xa786dc88 code [0xa786dde0, 0xa786e05c]
Event: 43,947 Thread 0x63d36400 1669       2       com.android.dx.util.LabeledList::rebuildLabelToIndex (46 bytes)
Event: 43,947 Thread 0x63d36400 nmethod 1669 0xa786e308 code [0xa786e440, 0xa786e644]
Event: 43,947 Thread 0x63d36400 1670       2       com.android.dx.rop.type.Prototype::makeParameterArray (131 bytes)

GC Heap History (9 events):
Event: 14,517 GC heap before
{Heap before GC invocations=1 (full 0):
 PSYoungGen      total 19200K, used 16640K [0x91ac0000, 0x93000000, 0xa7000000)
  eden space 16640K, 100% used [0x91ac0000,0x92b00000,0x92b00000)
  from space 2560K, 0% used [0x92d80000,0x92d80000,0x93000000)
  to   space 2560K, 0% used [0x92b00000,0x92b00000,0x92d80000)
 ParOldGen       total 43776K, used 0K [0x67000000, 0x69ac0000, 0x91ac0000)
  object space 43776K, 0% used [0x67000000,0x67000000,0x69ac0000)
 Metaspace       used 3668K, capacity 3718K, committed 3736K, reserved 4400K
Event: 14,535 GC heap after
Heap after GC invocations=1 (full 0):
 PSYoungGen      total 19200K, used 2558K [0x91ac0000, 0x93000000, 0xa7000000)
  eden space 16640K, 0% used [0x91ac0000,0x91ac0000,0x92b00000)
  from space 2560K, 99% used [0x92b00000,0x92d7fae0,0x92d80000)
  to   space 2560K, 0% used [0x92d80000,0x92d80000,0x93000000)
 ParOldGen       total 43776K, used 1826K [0x67000000, 0x69ac0000, 0x91ac0000)
  object space 43776K, 4% used [0x67000000,0x671c8928,0x69ac0000)
 Metaspace       used 3668K, capacity 3718K, committed 3736K, reserved 4400K
}
Event: 15,064 GC heap before
{Heap before GC invocations=2 (full 0):
 PSYoungGen      total 19200K, used 19198K [0x91ac0000, 0x93000000, 0xa7000000)
  eden space 16640K, 100% used [0x91ac0000,0x92b00000,0x92b00000)
  from space 2560K, 99% used [0x92b00000,0x92d7fae0,0x92d80000)
  to   space 2560K, 0% used [0x92d80000,0x92d80000,0x93000000)
 ParOldGen       total 43776K, used 1826K [0x67000000, 0x69ac0000, 0x91ac0000)
  object space 43776K, 4% used [0x67000000,0x671c8928,0x69ac0000)
 Metaspace       used 3716K, capacity 3750K, committed 3864K, reserved 4400K
Event: 15,148 GC heap after
Heap after GC invocations=2 (full 0):
 PSYoungGen      total 19200K, used 2546K [0x91ac0000, 0x94040000, 0xa7000000)
  eden space 16640K, 0% used [0x91ac0000,0x91ac0000,0x92b00000)
  from space 2560K, 99% used [0x92d80000,0x92ffc8b8,0x93000000)
  to   space 2560K, 0% used [0x92b00000,0x92b00000,0x92d80000)
 ParOldGen       total 43776K, used 4607K [0x67000000, 0x69ac0000, 0x91ac0000)
  object space 43776K, 10% used [0x67000000,0x6747fd18,0x69ac0000)
 Metaspace       used 3716K, capacity 3750K, committed 3864K, reserved 4400K
}
Event: 19,980 GC heap before
{Heap before GC invocations=3 (full 0):
 PSYoungGen      total 19200K, used 19186K [0x91ac0000, 0x94040000, 0xa7000000)
  eden space 16640K, 100% used [0x91ac0000,0x92b00000,0x92b00000)
  from space 2560K, 99% used [0x92d80000,0x92ffc8b8,0x93000000)
  to   space 2560K, 0% used [0x92b00000,0x92b00000,0x92d80000)
 ParOldGen       total 43776K, used 4607K [0x67000000, 0x69ac0000, 0x91ac0000)
  object space 43776K, 10% used [0x67000000,0x6747fd18,0x69ac0000)
 Metaspace       used 3732K, capacity 3782K, committed 3864K, reserved 4400K
Event: 20,050 GC heap after
Heap after GC invocations=3 (full 0):
 PSYoungGen      total 19200K, used 2547K [0x91ac0000, 0x94040000, 0xa7000000)
  eden space 16640K, 0% used [0x91ac0000,0x91ac0000,0x92b00000)
  from space 2560K, 99% used [0x92b00000,0x92d7cee8,0x92d80000)
  to   space 2560K, 0% used [0x93dc0000,0x93dc0000,0x94040000)
 ParOldGen       total 43776K, used 7632K [0x67000000, 0x69ac0000, 0x91ac0000)
  object space 43776K, 17% used [0x67000000,0x67774398,0x69ac0000)
 Metaspace       used 3732K, capacity 3782K, committed 3864K, reserved 4400K
}
Event: 38,000 GC heap before
{Heap before GC invocations=4 (full 0):
 PSYoungGen      total 19200K, used 19187K [0x91ac0000, 0x94040000, 0xa7000000)
  eden space 16640K, 100% used [0x91ac0000,0x92b00000,0x92b00000)
  from space 2560K, 99% used [0x92b00000,0x92d7cee8,0x92d80000)
  to   space 2560K, 0% used [0x93dc0000,0x93dc0000,0x94040000)
 ParOldGen       total 43776K, used 7632K [0x67000000, 0x69ac0000, 0x91ac0000)
  object space 43776K, 17% used [0x67000000,0x67774398,0x69ac0000)
 Metaspace       used 3807K, capacity 3846K, committed 3864K, reserved 4400K
Event: 38,029 GC heap after
Heap after GC invocations=4 (full 0):
 PSYoungGen      total 35840K, used 2559K [0x91ac0000, 0x94040000, 0xa7000000)
  eden space 33280K, 0% used [0x91ac0000,0x91ac0000,0x93b40000)
  from space 2560K, 99% used [0x93dc0000,0x9403fea8,0x94040000)
  to   space 2560K, 0% used [0x93b40000,0x93b40000,0x93dc0000)
 ParOldGen       total 43776K, used 10116K [0x67000000, 0x69ac0000, 0x91ac0000)
  object space 43776K, 23% used [0x67000000,0x679e10a0,0x69ac0000)
 Metaspace       used 3807K, capacity 3846K, committed 3864K, reserved 4400K
}
Event: 43,951 GC heap before
{Heap before GC invocations=5 (full 0):
 PSYoungGen      total 35840K, used 35839K [0x91ac0000, 0x94040000, 0xa7000000)
  eden space 33280K, 100% used [0x91ac0000,0x93b40000,0x93b40000)
  from space 2560K, 99% used [0x93dc0000,0x9403fea8,0x94040000)
  to   space 2560K, 0% used [0x93b40000,0x93b40000,0x93dc0000)
 ParOldGen       total 43776K, used 10116K [0x67000000, 0x69ac0000, 0x91ac0000)
  object space 43776K, 23% used [0x67000000,0x679e10a0,0x69ac0000)
 Metaspace       used 3923K, capacity 3942K, committed 3992K, reserved 4400K

Deoptimization events (5 events):
Event: 14,163 Thread 0x63d9f800 Uncommon trap: reason=unstable_if action=reinterpret pc=0xa762bb58 method=java.lang.String.replace(CC)Ljava/lang/String; @ 26
Event: 14,473 Thread 0x63da3400 Uncommon trap: reason=unstable_if action=reinterpret pc=0xa7669e08 method=java.util.BitSet.nextSetBit(I)I @ 87
Event: 20,102 Thread 0x63da1c00 Uncommon trap: reason=unstable_if action=reinterpret pc=0xa76fd694 method=com.android.dx.rop.cst.Constant.compareTo(Lcom/android/dx/rop/cst/Constant;)I @ 12
Event: 20,151 Thread 0xb6507800 Uncommon trap: reason=unstable_if action=reinterpret pc=0xa77058b0 method=java.util.HashMap.putVal(ILjava/lang/Object;Ljava/lang/Object;ZZ)Ljava/lang/Object; @ 162
Event: 37,831 Thread 0xb6507800 Uncommon trap: reason=unstable_if action=reinterpret pc=0xa768d1a4 method=java.util.HashMap.getNode(ILjava/lang/Object;)Ljava/util/HashMap$Node; @ 84

Internal exceptions (5 events):
Event: 5,104 Thread 0xb6507800 Exception <a 'java/lang/NoSuchMethodError': Method sun.misc.Unsafe.defineClass(Ljava/lang/String;[BII)Ljava/lang/Class; name or signature does not match> (0x91ac6ea0) thrown at [/HUDSON/workspace/8-2-build-linux-i586/jdk8u101/7261/hotspot/src/share/vm/pri
Event: 5,104 Thread 0xb6507800 Exception <a 'java/lang/NoSuchMethodError': Method sun.misc.Unsafe.prefetchRead(Ljava/lang/Object;J)V name or signature does not match> (0x91ac7170) thrown at [/HUDSON/workspace/8-2-build-linux-i586/jdk8u101/7261/hotspot/src/share/vm/prims/jni.cpp, line 4
Event: 36,157 Thread 0xb6507800 Exception <a 'java/lang/ArrayIndexOutOfBoundsException': 18> (0x926dc350) thrown at [/HUDSON/workspace/8-2-build-linux-i586/jdk8u101/7261/hotspot/src/share/vm/interpreter/interpreterRuntime.cpp, line 366]
Event: 36,199 Thread 0xb6507800 Exception <a 'java/lang/ArrayIndexOutOfBoundsException': 145> (0x926ddbf0) thrown at [/HUDSON/workspace/8-2-build-linux-i586/jdk8u101/7261/hotspot/src/share/vm/interpreter/interpreterRuntime.cpp, line 366]
Event: 37,532 Thread 0xb6507800 Exception <a 'java/lang/ArrayIndexOutOfBoundsException'> (0x926decd0) thrown at [/HUDSON/workspace/8-2-build-linux-i586/jdk8u101/7261/hotspot/src/share/vm/runtime/sharedRuntime.cpp, line 605]

Events (10 events):
Event: 38,029 Executing VM operation: ParallelGCFailedAllocation done
Event: 38,138 Thread 0x63da3400 DEOPT PACKING pc=0xa773961e sp=0x637e6800
Event: 38,138 Thread 0x63da3400 DEOPT UNPACKING pc=0xa753c310 sp=0x637e6678 mode 0
Event: 38,342 Thread 0x63d9f800 DEOPT PACKING pc=0xa771e381 sp=0x638d9a30
Event: 38,342 Thread 0x63d9f800 DEOPT UNPACKING pc=0xa753c310 sp=0x638d98b4 mode 0
Event: 38,347 loading class com/android/dx/cf/attrib/AttDeprecated
Event: 38,347 loading class com/android/dx/cf/attrib/AttDeprecated done
Event: 38,360 Thread 0x63da3400 DEOPT PACKING pc=0xa773961e sp=0x637e6760
Event: 38,360 Thread 0x63da3400 DEOPT UNPACKING pc=0xa753c310 sp=0x637e65d0 mode 0
Event: 43,951 Executing VM operation: ParallelGCFailedAllocation


Dynamic libraries:
08048000-08049000 r-xp 00000000 08:03 1333912    /usr/lib/jvm/java-8-oracle/bin/java
08049000-0804a000 rw-p 00000000 08:03 1333912    /usr/lib/jvm/java-8-oracle/bin/java
093e0000-0957d000 rw-p 00000000 00:00 0          [heap]
63400000-634ff000 rw-p 00000000 00:00 0 
634ff000-63500000 ---p 00000000 00:00 0 
63500000-635f5000 rw-p 00000000 00:00 0 
635f5000-63600000 ---p 00000000 00:00 0 
63600000-636fc000 rw-p 00000000 00:00 0 
636fc000-63700000 ---p 00000000 00:00 0 
63746000-63749000 ---p 00000000 00:00 0 
63749000-63797000 rw-p 00000000 00:00 0 
63797000-6379a000 ---p 00000000 00:00 0 
6379a000-637e8000 rw-p 00000000 00:00 0 
637e8000-637eb000 ---p 00000000 00:00 0 
637eb000-63839000 rw-p 00000000 00:00 0 
63839000-6383c000 ---p 00000000 00:00 0 
6383c000-6388a000 rw-p 00000000 00:00 0 
6388a000-6388d000 ---p 00000000 00:00 0 
6388d000-638db000 rw-p 00000000 00:00 0 
638db000-638dc000 ---p 00000000 00:00 0 
638dc000-6395c000 rw-p 00000000 00:00 0 
6395c000-6395f000 ---p 00000000 00:00 0 
6395f000-639ad000 rw-p 00000000 00:00 0 
639ad000-639b0000 ---p 00000000 00:00 0 
639b0000-63a2e000 rw-p 00000000 00:00 0 
63a2e000-63a31000 ---p 00000000 00:00 0 
63a31000-63aaf000 rw-p 00000000 00:00 0 
63aaf000-63ab2000 ---p 00000000 00:00 0 
63ab2000-63b00000 rw-p 00000000 00:00 0 
63b00000-63d00000 r--p 00000000 08:03 1188778    /usr/lib/locale/locale-archive
63d00000-63dc9000 rw-p 00000000 00:00 0 
63dc9000-63e00000 ---p 00000000 00:00 0 
63e39000-63e3c000 ---p 00000000 00:00 0 
63e3c000-63e8a000 rw-p 00000000 00:00 0 
63e8a000-63e8d000 ---p 00000000 00:00 0 
63e8d000-63edb000 rw-p 00000000 00:00 0 
63edb000-640b4000 r--s 03d29000 08:03 1606475    /usr/lib/jvm/java-8-oracle/jre/lib/rt.jar
640b4000-6449a000 rw-p 00000000 00:00 0 
6449a000-64500000 ---p 00000000 00:00 0 
64500000-66900000 rw-p 00000000 00:00 0 
66900000-669fe000 rw-p 00000000 00:00 0 
669fe000-66a00000 ---p 00000000 00:00 0 
66a30000-66a31000 ---p 00000000 00:00 0 
66a31000-66b00000 rw-p 00000000 00:00 0 
66b00000-66b21000 rw-p 00000000 00:00 0 
66b21000-66c00000 ---p 00000000 00:00 0 
66c4e000-66cbf000 rw-p 00000000 00:00 0 
66cbf000-66dff000 ---p 00000000 00:00 0 
66dff000-66e15000 rw-p 00000000 00:00 0 
66e15000-66f54000 ---p 00000000 00:00 0 
66f54000-66f68000 rw-p 00000000 00:00 0 
66f68000-66fff000 ---p 00000000 00:00 0 
66fff000-69ac0000 rw-p 00000000 00:00 0 
69ac0000-91ac0000 ---p 00000000 00:00 0 
91ac0000-94040000 rw-p 00000000 00:00 0 
96a40000-a7000000 ---p 00000000 00:00 0 
a703e000-a703f000 ---p 00000000 00:00 0 
a703f000-a70bf000 rw-p 00000000 00:00 0 
a70bf000-a70c0000 ---p 00000000 00:00 0 
a70c0000-a714e000 rw-p 00000000 00:00 0 
a714e000-a7500000 ---p 00000000 00:00 0 
a7500000-a7870000 rwxp 00000000 00:00 0 
a7870000-b6500000 ---p 00000000 00:00 0 
b6500000-b65f9000 rw-p 00000000 00:00 0 
b65f9000-b6600000 ---p 00000000 00:00 0 
b660d000-b6624000 r--s 00101000 08:03 979371     /home/mycomputer/Geeksfarm/update/AdvanceApp/app/build/intermediates/exploded-aar/com.android.support/support-v4/24.0.0/jars/classes.jar
b6624000-b663c000 rw-p 00000000 00:00 0 
b663c000-b6655000 r-xp 00000000 08:03 1731575    /usr/lib/jvm/java-8-oracle/jre/lib/i386/libzip.so
b6655000-b6656000 rw-p 00019000 08:03 1731575    /usr/lib/jvm/java-8-oracle/jre/lib/i386/libzip.so
b6656000-b6661000 r-xp 00000000 08:03 524387     /lib/i386-linux-gnu/libnss_files-2.21.so
b6661000-b6662000 r--p 0000a000 08:03 524387     /lib/i386-linux-gnu/libnss_files-2.21.so
b6662000-b6663000 rw-p 0000b000 08:03 524387     /lib/i386-linux-gnu/libnss_files-2.21.so
b6663000-b666e000 r-xp 00000000 08:03 525569     /lib/i386-linux-gnu/libnss_nis-2.21.so
b666e000-b666f000 r--p 0000a000 08:03 525569     /lib/i386-linux-gnu/libnss_nis-2.21.so
b666f000-b6670000 rw-p 0000b000 08:03 525569     /lib/i386-linux-gnu/libnss_nis-2.21.so
b6670000-b6687000 r-xp 00000000 08:03 525583     /lib/i386-linux-gnu/libnsl-2.21.so
b6687000-b6688000 r--p 00016000 08:03 525583     /lib/i386-linux-gnu/libnsl-2.21.so
b6688000-b6689000 rw-p 00017000 08:03 525583     /lib/i386-linux-gnu/libnsl-2.21.so
b6689000-b668b000 rw-p 00000000 00:00 0 
b6690000-b669f000 r--s 000df000 08:03 661645     /home/mycomputer/Android/Sdk/build-tools/23.0.1/lib/dx.jar
b669f000-b66a7000 rw-s 00000000 08:03 1091848    /tmp/hsperfdata_mycomputer/30523
b66a7000-b66cb000 r-xp 00000000 08:03 1731570    /usr/lib/jvm/java-8-oracle/jre/lib/i386/libjava.so
b66cb000-b66cc000 rw-p 00023000 08:03 1731570    /usr/lib/jvm/java-8-oracle/jre/lib/i386/libjava.so
b66cc000-b66d3000 r-xp 00000000 08:03 524388     /lib/i386-linux-gnu/librt-2.21.so
b66d3000-b66d4000 r--p 00006000 08:03 524388     /lib/i386-linux-gnu/librt-2.21.so
b66d4000-b66d5000 rw-p 00007000 08:03 524388     /lib/i386-linux-gnu/librt-2.21.so
b66d5000-b66d8000 ---p 00000000 00:00 0 
b66d8000-b6726000 rw-p 00000000 00:00 0 
b6726000-b6771000 r-xp 00000000 08:03 524390     /lib/i386-linux-gnu/libm-2.21.so
b6771000-b6772000 r--p 0004a000 08:03 524390     /lib/i386-linux-gnu/libm-2.21.so
b6772000-b6773000 rw-p 0004b000 08:03 524390     /lib/i386-linux-gnu/libm-2.21.so
b6773000-b70fc000 r-xp 00000000 08:03 1731555    /usr/lib/jvm/java-8-oracle/jre/lib/i386/server/libjvm.so
b70fc000-b7169000 rw-p 00989000 08:03 1731555    /usr/lib/jvm/java-8-oracle/jre/lib/i386/server/libjvm.so
b7169000-b7592000 rw-p 00000000 00:00 0 
b7592000-b7746000 r-xp 00000000 08:03 525654     /lib/i386-linux-gnu/libc-2.21.so
b7746000-b7749000 r--p 001b3000 08:03 525654     /lib/i386-linux-gnu/libc-2.21.so
b7749000-b774b000 rw-p 001b6000 08:03 525654     /lib/i386-linux-gnu/libc-2.21.so
b774b000-b774d000 rw-p 00000000 00:00 0 
b774d000-b7750000 r-xp 00000000 08:03 524394     /lib/i386-linux-gnu/libdl-2.21.so
b7750000-b7751000 r--p 00002000 08:03 524394     /lib/i386-linux-gnu/libdl-2.21.so
b7751000-b7752000 rw-p 00003000 08:03 524394     /lib/i386-linux-gnu/libdl-2.21.so
b7752000-b7766000 r-xp 00000000 08:03 1468308    /usr/lib/jvm/java-8-oracle/lib/i386/jli/libjli.so
b7766000-b7767000 rw-p 00014000 08:03 1468308    /usr/lib/jvm/java-8-oracle/lib/i386/jli/libjli.so
b7767000-b7768000 rw-p 00000000 00:00 0 
b7768000-b7781000 r-xp 00000000 08:03 524391     /lib/i386-linux-gnu/libpthread-2.21.so
b7781000-b7782000 r--p 00018000 08:03 524391     /lib/i386-linux-gnu/libpthread-2.21.so
b7782000-b7783000 rw-p 00019000 08:03 524391     /lib/i386-linux-gnu/libpthread-2.21.so
b7783000-b7785000 rw-p 00000000 00:00 0 
b7786000-b7787000 rw-p 00000000 00:00 0 
b7787000-b7788000 r--p 005e0000 08:03 1188778    /usr/lib/locale/locale-archive
b7788000-b7789000 r--p 00859000 08:03 1188778    /usr/lib/locale/locale-archive
b7789000-b7791000 r-xp 00000000 08:03 524389     /lib/i386-linux-gnu/libnss_compat-2.21.so
b7791000-b7792000 r--p 00007000 08:03 524389     /lib/i386-linux-gnu/libnss_compat-2.21.so
b7792000-b7793000 rw-p 00008000 08:03 524389     /lib/i386-linux-gnu/libnss_compat-2.21.so
b7793000-b7794000 rw-p 00000000 00:00 0 
b7794000-b7795000 ---p 00000000 00:00 0 
b7795000-b77a0000 r-xp 00000000 08:03 1731521    /usr/lib/jvm/java-8-oracle/jre/lib/i386/libverify.so
b77a0000-b77a1000 rw-p 0000b000 08:03 1731521    /usr/lib/jvm/java-8-oracle/jre/lib/i386/libverify.so
b77a1000-b77a3000 rw-p 00000000 00:00 0 
b77a3000-b77a5000 r--p 00000000 00:00 0          [vvar]
b77a5000-b77a6000 r-xp 00000000 00:00 0          [vdso]
b77a6000-b77c8000 r-xp 00000000 08:03 525584     /lib/i386-linux-gnu/ld-2.21.so
b77c8000-b77c9000 r--p 00021000 08:03 525584     /lib/i386-linux-gnu/ld-2.21.so
b77c9000-b77ca000 rw-p 00022000 08:03 525584     /lib/i386-linux-gnu/ld-2.21.so
bfe33000-bfe34000 rwxp 00000000 00:00 0 
bfe66000-bfe87000 rw-p 00000000 00:00 0          [stack]

VM Arguments:
jvm_args: -Djava.awt.headless=true -Xmx1024M -Dfile.encoding=UTF-8 -Duser.country=US -Duser.language=en -Duser.variant 
java_command: com.android.dx.command.Main --dex --force-jumbo --num-threads=4 --multi-dex --output /home/mycomputer/Geeksfarm/update/AdvanceApp/app/build/intermediates/transforms/dex/debug/folders/1000/10/com.android.support-support-v4-24.0.0_2e50b69a82f6284390b3b93cab54b3d417c7fc85 /home/mycomputer/Geeksfarm/update/AdvanceApp/app/build/intermediates/exploded-aar/com.android.support/support-v4/24.0.0/jars/classes.jar
java_class_path (initial): /home/mycomputer/Android/Sdk/build-tools/23.0.1/lib/dx.jar
Launcher Type: SUN_STANDARD

Environment Variables:
JAVA_HOME=/usr/lib/jvm/java-8-oracle
PATH=/usr/local/sbin:/usr/local/bin:/usr/sbin:/usr/bin:/sbin:/bin:/usr/games:/usr/local/games:/usr/lib/jvm/java-8-oracle/bin:/usr/lib/jvm/java-8-oracle/db/bin:/usr/lib/jvm/java-8-oracle/jre/bin:/home/mycomputer/.rvm/bin
LD_LIBRARY_PATH=/home/mycomputer/android-studio/bin:
SHELL=/bin/bash
DISPLAY=:0

Signal Handlers:
SIGSEGV: [libjvm.so+0x8d4e30], sa_mask[0]=11111111011111111101111111111110, sa_flags=SA_RESTART|SA_SIGINFO
SIGBUS: [libjvm.so+0x8d4e30], sa_mask[0]=11111111011111111101111111111110, sa_flags=SA_RESTART|SA_SIGINFO
SIGFPE: [libjvm.so+0x753000], sa_mask[0]=11111111011111111101111111111110, sa_flags=SA_RESTART|SA_SIGINFO
SIGPIPE: [libjvm.so+0x753000], sa_mask[0]=11111111011111111101111111111110, sa_flags=SA_RESTART|SA_SIGINFO
SIGXFSZ: [libjvm.so+0x753000], sa_mask[0]=11111111011111111101111111111110, sa_flags=SA_RESTART|SA_SIGINFO
SIGILL: [libjvm.so+0x753000], sa_mask[0]=11111111011111111101111111111110, sa_flags=SA_RESTART|SA_SIGINFO
SIGUSR1: SIG_DFL, sa_mask[0]=00000000000000000000000000000000, sa_flags=none
SIGUSR2: [libjvm.so+0x754680], sa_mask[0]=00100000000000000000000000000000, sa_flags=SA_RESTART|SA_SIGINFO
SIGHUP: [libjvm.so+0x755b30], sa_mask[0]=11111111011111111101111111111110, sa_flags=SA_RESTART|SA_SIGINFO
SIGINT: [libjvm.so+0x755b30], sa_mask[0]=11111111011111111101111111111110, sa_flags=SA_RESTART|SA_SIGINFO
SIGTERM: [libjvm.so+0x755b30], sa_mask[0]=11111111011111111101111111111110, sa_flags=SA_RESTART|SA_SIGINFO
SIGQUIT: [libjvm.so+0x755b30], sa_mask[0]=11111111011111111101111111111110, sa_flags=SA_RESTART|SA_SIGINFO


---------------  S Y S T E M  ---------------

OS:DISTRIB_ID=Ubuntu
DISTRIB_RELEASE=15.10
DISTRIB_CODENAME=wily
DISTRIB_DESCRIPTION="Ubuntu 15.10"

uname:Linux 4.2.0-42-generic #49-Ubuntu SMP Tue Jun 28 21:24:45 UTC 2016 i686
libc:glibc 2.21 NPTL 2.21 
rlimit: STACK 8192k, CORE 0k, NPROC 32076, NOFILE 65536, AS infinity
load average:19,27 7,06 3,10

/proc/meminfo:
MemTotal:        4138828 kB
MemFree:          259096 kB
MemAvailable:     204116 kB
Buffers:            3924 kB
Cached:           111200 kB
SwapCached:            0 kB
Active:          3665740 kB
Inactive:         100056 kB
Active(anon):    3653656 kB
Inactive(anon):    56360 kB
Active(file):      12084 kB
Inactive(file):    43696 kB
Unevictable:          32 kB
Mlocked:              32 kB
HighTotal:       3280392 kB
HighFree:          41596 kB
LowTotal:         858436 kB
LowFree:          217500 kB
SwapTotal:             0 kB
SwapFree:              0 kB
Dirty:               328 kB
Writeback:             0 kB
AnonPages:       3650744 kB
Mapped:            90300 kB
Shmem:             59304 kB
Slab:              43620 kB
SReclaimable:      19472 kB
SUnreclaim:        24148 kB
KernelStack:        5184 kB
PageTables:        23956 kB
NFS_Unstable:          0 kB
Bounce:              480 kB
WritebackTmp:          0 kB
CommitLimit:     2069412 kB
Committed_AS:   10118804 kB
VmallocTotal:     122880 kB
VmallocUsed:       41340 kB
VmallocChunk:      78532 kB
AnonHugePages:   2263040 kB
CmaTotal:              0 kB
CmaFree:               0 kB
HugePages_Total:       0
HugePages_Free:        0
HugePages_Rsvd:        0
HugePages_Surp:        0
Hugepagesize:       2048 kB
DirectMap4k:       61432 kB
DirectMap2M:      851968 kB


CPU:total 2 (2 cores per cpu, 1 threads per core) family 6 model 23 stepping 10, cmov, cx8, fxsr, mmx, sse, sse2, sse3, ssse3, sse4.1, tsc

/proc/cpuinfo:
processor	: 0
vendor_id	: GenuineIntel
cpu family	: 6
model		: 23
model name	: Intel(R) Core(TM)2 Duo CPU     E7500  @ 2.93GHz
stepping	: 10
microcode	: 0xa07
cpu MHz		: 2936.000
cache size	: 3072 KB
physical id	: 0
siblings	: 2
core id		: 0
cpu cores	: 2
apicid		: 0
initial apicid	: 0
fdiv_bug	: no
f00f_bug	: no
coma_bug	: no
fpu		: yes
fpu_exception	: yes
cpuid level	: 13
wp		: yes
flags		: fpu vme de pse tsc msr pae mce cx8 apic sep mtrr pge mca cmov pat pse36 clflush dts acpi mmx fxsr sse sse2 ss ht tm pbe nx lm constant_tsc arch_perfmon pebs bts aperfmperf pni dtes64 monitor ds_cpl vmx est tm2 ssse3 cx16 xtpr pdcm sse4_1 xsave lahf_lm dtherm tpr_shadow vnmi flexpriority
bugs		:
bogomips	: 5866.50
clflush size	: 64
cache_alignment	: 64
address sizes	: 36 bits physical, 48 bits virtual
power management:

processor	: 1
vendor_id	: GenuineIntel
cpu family	: 6
model		: 23
model name	: Intel(R) Core(TM)2 Duo CPU     E7500  @ 2.93GHz
stepping	: 10
microcode	: 0xa07
cpu MHz		: 2936.000
cache size	: 3072 KB
physical id	: 0
siblings	: 2
core id		: 1
cpu cores	: 2
apicid		: 1
initial apicid	: 1
fdiv_bug	: no
f00f_bug	: no
coma_bug	: no
fpu		: yes
fpu_exception	: yes
cpuid level	: 13
wp		: yes
flags		: fpu vme de pse tsc msr pae mce cx8 apic sep mtrr pge mca cmov pat pse36 clflush dts acpi mmx fxsr sse sse2 ss ht tm pbe nx lm constant_tsc arch_perfmon pebs bts aperfmperf pni dtes64 monitor ds_cpl vmx est tm2 ssse3 cx16 xtpr pdcm sse4_1 xsave lahf_lm dtherm tpr_shadow vnmi flexpriority
bugs		:
bogomips	: 5866.50
clflush size	: 64
cache_alignment	: 64
address sizes	: 36 bits physical, 48 bits virtual
power management:



Memory: 4k page, physical 4138828k(259096k free), swap 0k(0k free)

vm_info: Java HotSpot(TM) Server VM (25.101-b13) for linux-x86 JRE (1.8.0_101-b13), built on Jun 22 2016 02:31:35 by "java_re" with gcc 4.3.0 20080428 (Red Hat 4.3.0-8)

time: Tue Sep 27 14:56:18 2016
elapsed time: 65 seconds (0d 0h 1m 5s)

