#
# There is insufficient memory for the Java Runtime Environment to continue.
# Native memory allocation (mmap) failed to map 154664960 bytes for committing reserved memory.
# Possible reasons:
#   The system is out of physical RAM or swap space
#   In 32 bit mode, the process size limit was hit
# Possible solutions:
#   Reduce memory load on the system
#   Increase physical memory or swap space
#   Check if swap backing store is full
#   Use 64 bit Java on a 64 bit OS
#   Decrease Java heap size (-Xmx/-Xms)
#   Decrease number of Java threads
#   Decrease Java thread stack sizes (-Xss)
#   Set larger code cache with -XX:ReservedCodeCacheSize=
# This output file may be truncated or incomplete.
#
#  Out of Memory Error (os_linux.cpp:2627), pid=20202, tid=0x63edab40
#
# JRE version: Java(TM) SE Runtime Environment (8.0_101-b13) (build 1.8.0_101-b13)
# Java VM: Java HotSpot(TM) Server VM (25.101-b13 mixed mode linux-x86 )
# Failed to write core dump. Core dumps have been disabled. To enable core dumping, try "ulimit -c unlimited" before starting Java again
#

---------------  T H R E A D  ---------------

Current thread (0x63d10800):  VMThread [stack: 0x63e5a000,0x63edb000] [id=20214]

Stack: [0x63e5a000,0x63edb000],  sp=0x63ed9a30,  free space=510k
Native frames: (J=compiled Java code, j=interpreted, Vv=VM code, C=native code)
V  [libjvm.so+0x8d431f]  VMError::report_and_die()+0x16f
V  [libjvm.so+0x38ddb5]  report_vm_out_of_memory(char const*, int, unsigned int, VMErrorType, char const*)+0x55
V  [libjvm.so+0x756326]  os::Linux::commit_memory_impl(char*, unsigned int, bool)+0xe6
V  [libjvm.so+0x7567f8]  os::pd_commit_memory(char*, unsigned int, unsigned int, bool)+0x28
V  [libjvm.so+0x75071c]  os::commit_memory(char*, unsigned int, unsigned int, bool)+0x2c
V  [libjvm.so+0x7bb9c8]  PSVirtualSpace::expand_by(unsigned int)+0x48
V  [libjvm.so+0x7bcaca]  PSYoungGen::resize_generation(unsigned int, unsigned int)+0xda
V  [libjvm.so+0x7bbdf9]  PSYoungGen::resize(unsigned int, unsigned int)+0x19
V  [libjvm.so+0x7b9725]  PSScavenge::invoke_no_policy()+0xd15
V  [libjvm.so+0x7b9ee8]  PSScavenge::invoke()+0x28
V  [libjvm.so+0x777d8a]  ParallelScavengeHeap::failed_mem_allocate(unsigned int)+0x5a
V  [libjvm.so+0x8d5dea]  VM_ParallelGCFailedAllocation::doit()+0x7a
V  [libjvm.so+0x8df4a7]  VM_Operation::evaluate()+0x47
V  [libjvm.so+0x8dd583]  VMThread::evaluate_operation(VM_Operation*)+0xb3
V  [libjvm.so+0x8dd920]  VMThread::loop()+0x1b0
V  [libjvm.so+0x8ddd85]  VMThread::run()+0x85
V  [libjvm.so+0x758969]  java_start(Thread*)+0x119
C  [libpthread.so.0+0x61aa]  start_thread+0xda

VM_Operation (0x63836da4): ParallelGCFailedAllocation, mode: safepoint, requested by thread 0x63d8f400


---------------  P R O C E S S  ---------------

Java Threads: ( => current thread )
  0x63d91800 JavaThread "pool-2-thread-4" [_thread_blocked, id=20236, stack(0x63746000,0x63797000)]
  0x63d90800 JavaThread "pool-2-thread-3" [_thread_blocked, id=20235, stack(0x63797000,0x637e8000)]
  0x63d8f400 JavaThread "pool-2-thread-2" [_thread_blocked, id=20234, stack(0x637e8000,0x63839000)]
  0x63d8cc00 JavaThread "pool-3-thread-1" [_thread_blocked, id=20233, stack(0x63839000,0x6388a000)]
  0x63d8bc00 JavaThread "pool-2-thread-1" [_thread_blocked, id=20232, stack(0x6388a000,0x638db000)]
  0x63d39400 JavaThread "Service Thread" daemon [_thread_blocked, id=20225, stack(0x6395c000,0x639ad000)]
  0x63d36400 JavaThread "C1 CompilerThread1" daemon [_thread_blocked, id=20224, stack(0x639ad000,0x63a2e000)]
  0x63d34400 JavaThread "C2 CompilerThread0" daemon [_thread_blocked, id=20223, stack(0x63a2e000,0x63aaf000)]
  0x63d32800 JavaThread "Signal Dispatcher" daemon [_thread_blocked, id=20222, stack(0x63aaf000,0x63b00000)]
  0x63d17c00 JavaThread "Finalizer" daemon [_thread_blocked, id=20216, stack(0x63e09000,0x63e5a000)]
  0x63d15000 JavaThread "Reference Handler" daemon [_thread_blocked, id=20215, stack(0x66a05000,0x66a56000)]
  0xb6507800 JavaThread "main" [_thread_blocked, id=20206, stack(0xb6619000,0xb666a000)]

Other Threads:
=>0x63d10800 VMThread [stack: 0x63e5a000,0x63edb000] [id=20214]
  0x63d3b400 WatcherThread [stack: 0x638db000,0x6395c000] [id=20226]

VM state:at safepoint (normal execution)

VM Mutex/Monitor currently owned by a thread:  ([mutex/lock_event])
[0xb6504f60] Threads_lock - owner thread: 0x63d10800
[0xb6505370] Heap_lock - owner thread: 0x63d8f400

Heap:
 PSYoungGen      total 146688K, used 15601K [0x91ac0000, 0x9bb40000, 0xa7000000)
  eden space 131072K, 0% used [0x91ac0000,0x91ac0000,0x99ac0000)
  from space 15616K, 99% used [0x99ac0000,0x9a9fc578,0x9aa00000)
  to   space 13568K, 0% used [0x9aa00000,0x9aa00000,0x9b740000)
 ParOldGen       total 43776K, used 41714K [0x67000000, 0x69ac0000, 0x91ac0000)
  object space 43776K, 95% used [0x67000000,0x698bc978,0x69ac0000)
 Metaspace       used 4089K, capacity 4134K, committed 4248K, reserved 4400K

Card table byte_map: [0x66dff000,0x67000000] byte_map_base: 0x66ac7000

Marking Bits: (ParMarkBitMap*) 0xb70c08e0
 Begin Bits: [0x64900000, 0x65900000)
 End Bits:   [0x65900000, 0x66900000)

Polling page: 0xb76d8000

CodeCache: size=245760Kb used=5311Kb max_used=5311Kb free=240448Kb
 bounds [0xa747d000, 0xa79b5000, 0xb647d000]
 total_blobs=1949 nmethods=1787 adapters=75
 compilation: enabled

Compilation events (10 events):
Event: 7,445 Thread 0x63d36400 nmethod 2276 0xa7998608 code [0xa7998780, 0xa7998bd8]
Event: 7,445 Thread 0x63d36400 2277       3       com.android.dx.ssa.back.FirstFitLocalCombiningAllocator::handleLocalAssociatedParams (132 bytes)
Event: 7,446 Thread 0x63d36400 nmethod 2277 0xa7998e08 code [0xa7999040, 0xa7999c24]
Event: 7,464 Thread 0x63d36400 2279 %     3       com.android.dx.ssa.SsaBasicBlock::replaceSuccessor @ 37 (125 bytes)
Event: 7,465 Thread 0x63d36400 nmethod 2279% 0xa799a488 code [0xa799a6c0, 0xa799b258]
Event: 7,465 Thread 0x63d36400 2278 % !   3       com.android.dx.cf.direct.AttributeListParser::parse @ 70 (323 bytes)
Event: 7,468 Thread 0x63d36400 nmethod 2278% 0xa799bb48 code [0xa799c100, 0xa799ef6c]
Event: 7,468 Thread 0x63d36400 2284   !   2       com.android.dx.dex.cf.CfTranslator::processMethods (583 bytes)
Event: 7,482 Thread 0x63d36400 nmethod 2284 0xa79a9008 code [0xa79a94c0, 0xa79aa6fc]
Event: 7,482 Thread 0x63d36400 2285   !   3       com.android.dx.cf.direct.AttributeListParser::parse (323 bytes)

GC Heap History (10 events):
Event: 1,917 GC heap after
Heap after GC invocations=2 (full 0):
 PSYoungGen      total 35840K, used 2553K [0x91ac0000, 0x94040000, 0xa7000000)
  eden space 33280K, 0% used [0x91ac0000,0x91ac0000,0x93b40000)
  from space 2560K, 99% used [0x93dc0000,0x9403e4f0,0x94040000)
  to   space 2560K, 0% used [0x93b40000,0x93b40000,0x93dc0000)
 ParOldGen       total 43776K, used 4064K [0x67000000, 0x69ac0000, 0x91ac0000)
  object space 43776K, 9% used [0x67000000,0x673f81c0,0x69ac0000)
 Metaspace       used 3650K, capacity 3686K, committed 3736K, reserved 4400K
}
Event: 2,852 GC heap before
{Heap before GC invocations=3 (full 0):
 PSYoungGen      total 35840K, used 35833K [0x91ac0000, 0x94040000, 0xa7000000)
  eden space 33280K, 100% used [0x91ac0000,0x93b40000,0x93b40000)
  from space 2560K, 99% used [0x93dc0000,0x9403e4f0,0x94040000)
  to   space 2560K, 0% used [0x93b40000,0x93b40000,0x93dc0000)
 ParOldGen       total 43776K, used 4064K [0x67000000, 0x69ac0000, 0x91ac0000)
  object space 43776K, 9% used [0x67000000,0x673f81c0,0x69ac0000)
 Metaspace       used 3744K, capacity 3782K, committed 3864K, reserved 4400K
Event: 2,904 GC heap after
Heap after GC invocations=3 (full 0):
 PSYoungGen      total 35840K, used 2549K [0x91ac0000, 0x960c0000, 0xa7000000)
  eden space 33280K, 0% used [0x91ac0000,0x91ac0000,0x93b40000)
  from space 2560K, 99% used [0x93b40000,0x93dbd778,0x93dc0000)
  to   space 2560K, 0% used [0x95e40000,0x95e40000,0x960c0000)
 ParOldGen       total 43776K, used 9098K [0x67000000, 0x69ac0000, 0x91ac0000)
  object space 43776K, 20% used [0x67000000,0x678e2a68,0x69ac0000)
 Metaspace       used 3744K, capacity 3782K, committed 3864K, reserved 4400K
}
Event: 3,524 GC heap before
{Heap before GC invocations=4 (full 0):
 PSYoungGen      total 35840K, used 35829K [0x91ac0000, 0x960c0000, 0xa7000000)
  eden space 33280K, 100% used [0x91ac0000,0x93b40000,0x93b40000)
  from space 2560K, 99% used [0x93b40000,0x93dbd778,0x93dc0000)
  to   space 2560K, 0% used [0x95e40000,0x95e40000,0x960c0000)
 ParOldGen       total 43776K, used 9098K [0x67000000, 0x69ac0000, 0x91ac0000)
  object space 43776K, 20% used [0x67000000,0x678e2a68,0x69ac0000)
 Metaspace       used 3791K, capacity 3846K, committed 3864K, reserved 4400K
Event: 3,610 GC heap after
Heap after GC invocations=4 (full 0):
 PSYoungGen      total 69120K, used 2546K [0x91ac0000, 0x960c0000, 0xa7000000)
  eden space 66560K, 0% used [0x91ac0000,0x91ac0000,0x95bc0000)
  from space 2560K, 99% used [0x95e40000,0x960bcb60,0x960c0000)
  to   space 2560K, 0% used [0x95bc0000,0x95bc0000,0x95e40000)
 ParOldGen       total 43776K, used 14568K [0x67000000, 0x69ac0000, 0x91ac0000)
  object space 43776K, 33% used [0x67000000,0x67e3a188,0x69ac0000)
 Metaspace       used 3791K, capacity 3846K, committed 3864K, reserved 4400K
}
Event: 4,820 GC heap before
{Heap before GC invocations=5 (full 0):
 PSYoungGen      total 69120K, used 69106K [0x91ac0000, 0x960c0000, 0xa7000000)
  eden space 66560K, 100% used [0x91ac0000,0x95bc0000,0x95bc0000)
  from space 2560K, 99% used [0x95e40000,0x960bcb60,0x960c0000)
  to   space 2560K, 0% used [0x95bc0000,0x95bc0000,0x95e40000)
 ParOldGen       total 43776K, used 14568K [0x67000000, 0x69ac0000, 0x91ac0000)
  object space 43776K, 33% used [0x67000000,0x67e3a188,0x69ac0000)
 Metaspace       used 3857K, capacity 3878K, committed 3992K, reserved 4400K
Event: 5,072 GC heap after
Heap after GC invocations=5 (full 0):
 PSYoungGen      total 69120K, used 2544K [0x91ac0000, 0x9b740000, 0xa7000000)
  eden space 66560K, 0% used [0x91ac0000,0x91ac0000,0x95bc0000)
  from space 2560K, 99% used [0x95bc0000,0x95e3c2e0,0x95e40000)
  to   space 13568K, 0% used [0x9aa00000,0x9aa00000,0x9b740000)
 ParOldGen       total 43776K, used 25087K [0x67000000, 0x69ac0000, 0x91ac0000)
  object space 43776K, 57% used [0x67000000,0x6887fdd0,0x69ac0000)
 Metaspace       used 3857K, capacity 3878K, committed 3992K, reserved 4400K
}
Event: 5,909 GC heap before
{Heap before GC invocations=6 (full 0):
 PSYoungGen      total 69120K, used 69104K [0x91ac0000, 0x9b740000, 0xa7000000)
  eden space 66560K, 100% used [0x91ac0000,0x95bc0000,0x95bc0000)
  from space 2560K, 99% used [0x95bc0000,0x95e3c2e0,0x95e40000)
  to   space 13568K, 0% used [0x9aa00000,0x9aa00000,0x9b740000)
 ParOldGen       total 43776K, used 25087K [0x67000000, 0x69ac0000, 0x91ac0000)
  object space 43776K, 57% used [0x67000000,0x6887fdd0,0x69ac0000)
 Metaspace       used 3957K, capacity 4006K, committed 4120K, reserved 4400K
Event: 6,072 GC heap after
Heap after GC invocations=6 (full 0):
 PSYoungGen      total 144640K, used 12858K [0x91ac0000, 0x9bb40000, 0xa7000000)
  eden space 131072K, 0% used [0x91ac0000,0x91ac0000,0x99ac0000)
  from space 13568K, 94% used [0x9aa00000,0x9b68eaa0,0x9b740000)
  to   space 15616K, 0% used [0x99ac0000,0x99ac0000,0x9aa00000)
 ParOldGen       total 43776K, used 25087K [0x67000000, 0x69ac0000, 0x91ac0000)
  object space 43776K, 57% used [0x67000000,0x6887fdd0,0x69ac0000)
 Metaspace       used 3957K, capacity 4006K, committed 4120K, reserved 4400K
}
Event: 7,518 GC heap before
{Heap before GC invocations=7 (full 0):
 PSYoungGen      total 144640K, used 143930K [0x91ac0000, 0x9bb40000, 0xa7000000)
  eden space 131072K, 100% used [0x91ac0000,0x99ac0000,0x99ac0000)
  from space 13568K, 94% used [0x9aa00000,0x9b68eaa0,0x9b740000)
  to   space 15616K, 0% used [0x99ac0000,0x99ac0000,0x9aa00000)
 ParOldGen       total 43776K, used 25087K [0x67000000, 0x69ac0000, 0x91ac0000)
  object space 43776K, 57% used [0x67000000,0x6887fdd0,0x69ac0000)
 Metaspace       used 4089K, capacity 4134K, committed 4248K, reserved 4400K

Deoptimization events (10 events):
Event: 2,152 Thread 0x63d8f400 Uncommon trap: reason=class_check action=maybe_recompile pc=0xa7657ce4 method=com.android.dx.ssa.NormalSsaInsn.accept(Lcom/android/dx/ssa/SsaInsn$Visitor;)V @ 9
Event: 2,152 Thread 0x63d8f400 Uncommon trap: reason=class_check action=maybe_recompile pc=0xa7657ce4 method=com.android.dx.ssa.NormalSsaInsn.accept(Lcom/android/dx/ssa/SsaInsn$Visitor;)V @ 9
Event: 2,152 Thread 0x63d8f400 Uncommon trap: reason=class_check action=maybe_recompile pc=0xa7657ce4 method=com.android.dx.ssa.NormalSsaInsn.accept(Lcom/android/dx/ssa/SsaInsn$Visitor;)V @ 9
Event: 2,152 Thread 0x63d8f400 Uncommon trap: reason=class_check action=maybe_recompile pc=0xa7657ce4 method=com.android.dx.ssa.NormalSsaInsn.accept(Lcom/android/dx/ssa/SsaInsn$Visitor;)V @ 9
Event: 2,275 Thread 0x63d90800 Uncommon trap: reason=bimorphic action=maybe_recompile pc=0xa75db7d0 method=java.util.HashMap.getNode(ILjava/lang/Object;)Ljava/util/HashMap$Node; @ 126
Event: 2,355 Thread 0x63d90800 Uncommon trap: reason=bimorphic action=maybe_recompile pc=0xa75db7d0 method=java.util.HashMap.getNode(ILjava/lang/Object;)Ljava/util/HashMap$Node; @ 126
Event: 2,422 Thread 0x63d8bc00 Uncommon trap: reason=unstable_if action=reinterpret pc=0xa75db7b4 method=java.util.HashMap.getNode(ILjava/lang/Object;)Ljava/util/HashMap$Node; @ 84
Event: 3,749 Thread 0x63d8f400 Uncommon trap: reason=bimorphic action=maybe_recompile pc=0xa7662a5c method=java.util.HashMap.getNode(ILjava/lang/Object;)Ljava/util/HashMap$Node; @ 126
Event: 3,749 Thread 0x63d8f400 Uncommon trap: reason=bimorphic action=maybe_recompile pc=0xa7662a5c method=java.util.HashMap.getNode(ILjava/lang/Object;)Ljava/util/HashMap$Node; @ 126
Event: 5,235 Thread 0x63d8f400 Uncommon trap: reason=unstable_if action=reinterpret pc=0xa77b631c method=java.util.HashMap.putVal(ILjava/lang/Object;Ljava/lang/Object;ZZ)Ljava/lang/Object; @ 162

Internal exceptions (5 events):
Event: 0,033 Thread 0xb6507800 Exception <a 'java/lang/NoSuchMethodError': Method sun.misc.Unsafe.defineClass(Ljava/lang/String;[BII)Ljava/lang/Class; name or signature does not match> (0x91ac6ea0) thrown at [/HUDSON/workspace/8-2-build-linux-i586/jdk8u101/7261/hotspot/src/share/vm/pri
Event: 0,033 Thread 0xb6507800 Exception <a 'java/lang/NoSuchMethodError': Method sun.misc.Unsafe.prefetchRead(Ljava/lang/Object;J)V name or signature does not match> (0x91ac7170) thrown at [/HUDSON/workspace/8-2-build-linux-i586/jdk8u101/7261/hotspot/src/share/vm/prims/jni.cpp, line 4
Event: 5,252 Thread 0x63d8f400 Exception <a 'java/lang/ArrayIndexOutOfBoundsException': 18> (0x92cba500) thrown at [/HUDSON/workspace/8-2-build-linux-i586/jdk8u101/7261/hotspot/src/share/vm/interpreter/interpreterRuntime.cpp, line 366]
Event: 5,252 Thread 0x63d8f400 Exception <a 'java/lang/ArrayIndexOutOfBoundsException': 145> (0x92cbbda0) thrown at [/HUDSON/workspace/8-2-build-linux-i586/jdk8u101/7261/hotspot/src/share/vm/interpreter/interpreterRuntime.cpp, line 366]
Event: 5,253 Thread 0x63d8f400 Exception <a 'java/lang/ArrayIndexOutOfBoundsException': 40> (0x92cbce80) thrown at [/HUDSON/workspace/8-2-build-linux-i586/jdk8u101/7261/hotspot/src/share/vm/interpreter/interpreterRuntime.cpp, line 366]

Events (10 events):
Event: 7,422 Thread 0x63d8bc00 DEOPT UNPACKING pc=0xa74b9310 sp=0x638d9840 mode 0
Event: 7,432 Thread 0x63d8f400 DEOPT PACKING pc=0xa7896728 sp=0x638376e0
Event: 7,432 Thread 0x63d8f400 DEOPT UNPACKING pc=0xa74b9310 sp=0x63837578 mode 0
Event: 7,446 Thread 0x63d91800 DEOPT PACKING pc=0xa7810499 sp=0x63795780
Event: 7,446 Thread 0x63d91800 DEOPT UNPACKING pc=0xa74b9310 sp=0x6379563c mode 0
Event: 7,450 Thread 0x63d8bc00 DEOPT PACKING pc=0xa75c2a59 sp=0x638d9820
Event: 7,450 Thread 0x63d8bc00 DEOPT UNPACKING pc=0xa74b9310 sp=0x638d96b4 mode 0
Event: 7,471 Thread 0xb6507800 DEOPT PACKING pc=0xa7701c30 sp=0xb66683d0
Event: 7,471 Thread 0xb6507800 DEOPT UNPACKING pc=0xa74b9310 sp=0xb66682f4 mode 0
Event: 7,510 Executing VM operation: ParallelGCFailedAllocation


Dynamic libraries:
08048000-08049000 r-xp 00000000 08:03 1333912    /usr/lib/jvm/java-8-oracle/bin/java
08049000-0804a000 rw-p 00000000 08:03 1333912    /usr/lib/jvm/java-8-oracle/bin/java
08092000-0870a000 rw-p 00000000 00:00 0          [heap]
63200000-6328d000 rw-p 00000000 00:00 0 
6328d000-63300000 ---p 00000000 00:00 0 
63400000-634fa000 rw-p 00000000 00:00 0 
634fa000-63500000 ---p 00000000 00:00 0 
63500000-635f9000 rw-p 00000000 00:00 0 
635f9000-63600000 ---p 00000000 00:00 0 
63600000-636f9000 rw-p 00000000 00:00 0 
636f9000-63700000 ---p 00000000 00:00 0 
63746000-63749000 ---p 00000000 00:00 0 
63749000-63797000 rw-p 00000000 00:00 0 
63797000-6379a000 ---p 00000000 00:00 0 
6379a000-637e8000 rw-p 00000000 00:00 0 
637e8000-637eb000 ---p 00000000 00:00 0 
637eb000-63839000 rw-p 00000000 00:00 0 
63839000-6383c000 ---p 00000000 00:00 0 
6383c000-6388a000 rw-p 00000000 00:00 0 
6388a000-6388d000 ---p 00000000 00:00 0 
6388d000-638db000 rw-p 00000000 00:00 0 
638db000-638dc000 ---p 00000000 00:00 0 
638dc000-6395c000 rw-p 00000000 00:00 0 
6395c000-6395f000 ---p 00000000 00:00 0 
6395f000-639ad000 rw-p 00000000 00:00 0 
639ad000-639b0000 ---p 00000000 00:00 0 
639b0000-63a2e000 rw-p 00000000 00:00 0 
63a2e000-63a31000 ---p 00000000 00:00 0 
63a31000-63aaf000 rw-p 00000000 00:00 0 
63aaf000-63ab2000 ---p 00000000 00:00 0 
63ab2000-63b00000 rw-p 00000000 00:00 0 
63b00000-63d00000 r--p 00000000 08:03 1188778    /usr/lib/locale/locale-archive
63d00000-63de3000 rw-p 00000000 00:00 0 
63de3000-63e00000 ---p 00000000 00:00 0 
63e09000-63e0c000 ---p 00000000 00:00 0 
63e0c000-63e5a000 rw-p 00000000 00:00 0 
63e5a000-63e5b000 ---p 00000000 00:00 0 
63e5b000-63edb000 rw-p 00000000 00:00 0 
63edb000-640b4000 r--s 03d29000 08:03 1606475    /usr/lib/jvm/java-8-oracle/jre/lib/rt.jar
640b4000-644da000 rw-p 00000000 00:00 0 
644da000-64500000 ---p 00000000 00:00 0 
64500000-66900000 rw-p 00000000 00:00 0 
66900000-66a00000 rw-p 00000000 00:00 0 
66a05000-66a08000 ---p 00000000 00:00 0 
66a08000-66b00000 rw-p 00000000 00:00 0 
66b00000-66b2f000 rw-p 00000000 00:00 0 
66b2f000-66c00000 ---p 00000000 00:00 0 
66c28000-66c29000 ---p 00000000 00:00 0 
66c29000-66cbf000 rw-p 00000000 00:00 0 
66cbf000-66dff000 ---p 00000000 00:00 0 
66dff000-66e15000 rw-p 00000000 00:00 0 
66e15000-66f54000 ---p 00000000 00:00 0 
66f54000-66fa5000 rw-p 00000000 00:00 0 
66fa5000-66fff000 ---p 00000000 00:00 0 
66fff000-69ac0000 rw-p 00000000 00:00 0 
69ac0000-91ac0000 ---p 00000000 00:00 0 
91ac0000-9bb40000 rw-p 00000000 00:00 0 
a4d24000-a4ec0000 rw-p 00000000 00:00 0 
a4ec0000-a7000000 ---p 00000000 00:00 0 
a700e000-a7024000 r--s 000f1000 08:03 971695     /home/mycomputer/Geeksfarm/update/AdvanceApp/app/build/intermediates/exploded-aar/com.android.support/support-v4/23.4.0/jars/classes.jar
a7024000-a703c000 rw-p 00000000 00:00 0 
a703c000-a703d000 ---p 00000000 00:00 0 
a703d000-a70d2000 rw-p 00000000 00:00 0 
a70d2000-a747d000 ---p 00000000 00:00 0 
a747d000-a79b5000 rwxp 00000000 00:00 0 
a79b5000-b647d000 ---p 00000000 00:00 0 
b647d000-b6496000 r-xp 00000000 08:03 1731575    /usr/lib/jvm/java-8-oracle/jre/lib/i386/libzip.so
b6496000-b6497000 rw-p 00019000 08:03 1731575    /usr/lib/jvm/java-8-oracle/jre/lib/i386/libzip.so
b6497000-b64a2000 r-xp 00000000 08:03 524387     /lib/i386-linux-gnu/libnss_files-2.21.so
b64a2000-b64a3000 r--p 0000a000 08:03 524387     /lib/i386-linux-gnu/libnss_files-2.21.so
b64a3000-b64a4000 rw-p 0000b000 08:03 524387     /lib/i386-linux-gnu/libnss_files-2.21.so
b64a4000-b64bb000 r-xp 00000000 08:03 525583     /lib/i386-linux-gnu/libnsl-2.21.so
b64bb000-b64bc000 r--p 00016000 08:03 525583     /lib/i386-linux-gnu/libnsl-2.21.so
b64bc000-b64bd000 rw-p 00017000 08:03 525583     /lib/i386-linux-gnu/libnsl-2.21.so
b64bd000-b64bf000 rw-p 00000000 00:00 0 
b64c4000-b64d3000 r--s 000df000 08:03 661645     /home/mycomputer/Android/Sdk/build-tools/23.0.1/lib/dx.jar
b64d3000-b64db000 rw-s 00000000 08:03 1091823    /tmp/hsperfdata_mycomputer/20202
b64db000-b64ff000 r-xp 00000000 08:03 1731570    /usr/lib/jvm/java-8-oracle/jre/lib/i386/libjava.so
b64ff000-b6500000 rw-p 00023000 08:03 1731570    /usr/lib/jvm/java-8-oracle/jre/lib/i386/libjava.so
b6500000-b65f9000 rw-p 00000000 00:00 0 
b65f9000-b6600000 ---p 00000000 00:00 0 
b6603000-b660e000 r-xp 00000000 08:03 525569     /lib/i386-linux-gnu/libnss_nis-2.21.so
b660e000-b660f000 r--p 0000a000 08:03 525569     /lib/i386-linux-gnu/libnss_nis-2.21.so
b660f000-b6610000 rw-p 0000b000 08:03 525569     /lib/i386-linux-gnu/libnss_nis-2.21.so
b6610000-b6617000 r-xp 00000000 08:03 524388     /lib/i386-linux-gnu/librt-2.21.so
b6617000-b6618000 r--p 00006000 08:03 524388     /lib/i386-linux-gnu/librt-2.21.so
b6618000-b6619000 rw-p 00007000 08:03 524388     /lib/i386-linux-gnu/librt-2.21.so
b6619000-b661c000 ---p 00000000 00:00 0 
b661c000-b666a000 rw-p 00000000 00:00 0 
b666a000-b66b5000 r-xp 00000000 08:03 524390     /lib/i386-linux-gnu/libm-2.21.so
b66b5000-b66b6000 r--p 0004a000 08:03 524390     /lib/i386-linux-gnu/libm-2.21.so
b66b6000-b66b7000 rw-p 0004b000 08:03 524390     /lib/i386-linux-gnu/libm-2.21.so
b66b7000-b7040000 r-xp 00000000 08:03 1731555    /usr/lib/jvm/java-8-oracle/jre/lib/i386/server/libjvm.so
b7040000-b70ad000 rw-p 00989000 08:03 1731555    /usr/lib/jvm/java-8-oracle/jre/lib/i386/server/libjvm.so
b70ad000-b74d6000 rw-p 00000000 00:00 0 
b74d6000-b768a000 r-xp 00000000 08:03 525654     /lib/i386-linux-gnu/libc-2.21.so
b768a000-b768d000 r--p 001b3000 08:03 525654     /lib/i386-linux-gnu/libc-2.21.so
b768d000-b768f000 rw-p 001b6000 08:03 525654     /lib/i386-linux-gnu/libc-2.21.so
b768f000-b7691000 rw-p 00000000 00:00 0 
b7691000-b7694000 r-xp 00000000 08:03 524394     /lib/i386-linux-gnu/libdl-2.21.so
b7694000-b7695000 r--p 00002000 08:03 524394     /lib/i386-linux-gnu/libdl-2.21.so
b7695000-b7696000 rw-p 00003000 08:03 524394     /lib/i386-linux-gnu/libdl-2.21.so
b7696000-b76aa000 r-xp 00000000 08:03 1468308    /usr/lib/jvm/java-8-oracle/lib/i386/jli/libjli.so
b76aa000-b76ab000 rw-p 00014000 08:03 1468308    /usr/lib/jvm/java-8-oracle/lib/i386/jli/libjli.so
b76ab000-b76ac000 rw-p 00000000 00:00 0 
b76ac000-b76c5000 r-xp 00000000 08:03 524391     /lib/i386-linux-gnu/libpthread-2.21.so
b76c5000-b76c6000 r--p 00018000 08:03 524391     /lib/i386-linux-gnu/libpthread-2.21.so
b76c6000-b76c7000 rw-p 00019000 08:03 524391     /lib/i386-linux-gnu/libpthread-2.21.so
b76c7000-b76ca000 rw-p 00000000 00:00 0 
b76ca000-b76cb000 rw-p 00000000 00:00 0 
b76cb000-b76cc000 r--p 005e0000 08:03 1188778    /usr/lib/locale/locale-archive
b76cc000-b76cd000 r--p 00859000 08:03 1188778    /usr/lib/locale/locale-archive
b76cd000-b76d5000 r-xp 00000000 08:03 524389     /lib/i386-linux-gnu/libnss_compat-2.21.so
b76d5000-b76d6000 r--p 00007000 08:03 524389     /lib/i386-linux-gnu/libnss_compat-2.21.so
b76d6000-b76d7000 rw-p 00008000 08:03 524389     /lib/i386-linux-gnu/libnss_compat-2.21.so
b76d7000-b76d8000 rw-p 00000000 00:00 0 
b76d8000-b76d9000 ---p 00000000 00:00 0 
b76d9000-b76e4000 r-xp 00000000 08:03 1731521    /usr/lib/jvm/java-8-oracle/jre/lib/i386/libverify.so
b76e4000-b76e5000 rw-p 0000b000 08:03 1731521    /usr/lib/jvm/java-8-oracle/jre/lib/i386/libverify.so
b76e5000-b76e7000 rw-p 00000000 00:00 0 
b76e7000-b76e9000 r--p 00000000 00:00 0          [vvar]
b76e9000-b76ea000 r-xp 00000000 00:00 0          [vdso]
b76ea000-b770c000 r-xp 00000000 08:03 525584     /lib/i386-linux-gnu/ld-2.21.so
b770c000-b770d000 r--p 00021000 08:03 525584     /lib/i386-linux-gnu/ld-2.21.so
b770d000-b770e000 rw-p 00022000 08:03 525584     /lib/i386-linux-gnu/ld-2.21.so
bfbfb000-bfbfc000 rwxp 00000000 00:00 0 
bfc2e000-bfc4f000 rw-p 00000000 00:00 0          [stack]

VM Arguments:
jvm_args: -Djava.awt.headless=true -Xmx1024M -Dfile.encoding=UTF-8 -Duser.country=US -Duser.language=en -Duser.variant 
java_command: com.android.dx.command.Main --dex --force-jumbo --num-threads=4 --multi-dex --output /home/mycomputer/Geeksfarm/update/AdvanceApp/app/build/intermediates/transforms/dex/debug/folders/1000/10/com.android.support-support-v4-23.4.0_f43f9d6695b7f6748d421e497388fc7a07c21cf9 /home/mycomputer/Geeksfarm/update/AdvanceApp/app/build/intermediates/exploded-aar/com.android.support/support-v4/23.4.0/jars/classes.jar
java_class_path (initial): /home/mycomputer/Android/Sdk/build-tools/23.0.1/lib/dx.jar
Launcher Type: SUN_STANDARD

Environment Variables:
JAVA_HOME=/usr/lib/jvm/java-8-oracle
PATH=/usr/local/sbin:/usr/local/bin:/usr/sbin:/usr/bin:/sbin:/bin:/usr/games:/usr/local/games:/usr/lib/jvm/java-8-oracle/bin:/usr/lib/jvm/java-8-oracle/db/bin:/usr/lib/jvm/java-8-oracle/jre/bin:/home/mycomputer/.rvm/bin
LD_LIBRARY_PATH=/home/mycomputer/android-studio/bin:
SHELL=/bin/bash
DISPLAY=:0

Signal Handlers:
SIGSEGV: [libjvm.so+0x8d4e30], sa_mask[0]=11111111011111111101111111111110, sa_flags=SA_RESTART|SA_SIGINFO
SIGBUS: [libjvm.so+0x8d4e30], sa_mask[0]=11111111011111111101111111111110, sa_flags=SA_RESTART|SA_SIGINFO
SIGFPE: [libjvm.so+0x753000], sa_mask[0]=11111111011111111101111111111110, sa_flags=SA_RESTART|SA_SIGINFO
SIGPIPE: [libjvm.so+0x753000], sa_mask[0]=11111111011111111101111111111110, sa_flags=SA_RESTART|SA_SIGINFO
SIGXFSZ: [libjvm.so+0x753000], sa_mask[0]=11111111011111111101111111111110, sa_flags=SA_RESTART|SA_SIGINFO
SIGILL: [libjvm.so+0x753000], sa_mask[0]=11111111011111111101111111111110, sa_flags=SA_RESTART|SA_SIGINFO
SIGUSR1: SIG_DFL, sa_mask[0]=00000000000000000000000000000000, sa_flags=none
SIGUSR2: [libjvm.so+0x754680], sa_mask[0]=00100000000000000000000000000000, sa_flags=SA_RESTART|SA_SIGINFO
SIGHUP: [libjvm.so+0x755b30], sa_mask[0]=11111111011111111101111111111110, sa_flags=SA_RESTART|SA_SIGINFO
SIGINT: [libjvm.so+0x755b30], sa_mask[0]=11111111011111111101111111111110, sa_flags=SA_RESTART|SA_SIGINFO
SIGTERM: [libjvm.so+0x755b30], sa_mask[0]=11111111011111111101111111111110, sa_flags=SA_RESTART|SA_SIGINFO
SIGQUIT: [libjvm.so+0x755b30], sa_mask[0]=11111111011111111101111111111110, sa_flags=SA_RESTART|SA_SIGINFO


---------------  S Y S T E M  ---------------

OS:DISTRIB_ID=Ubuntu
DISTRIB_RELEASE=15.10
DISTRIB_CODENAME=wily
DISTRIB_DESCRIPTION="Ubuntu 15.10"

uname:Linux 4.2.0-42-generic #49-Ubuntu SMP Tue Jun 28 21:24:45 UTC 2016 i686
libc:glibc 2.21 NPTL 2.21 
rlimit: STACK 8192k, CORE 0k, NPROC 32076, NOFILE 65536, AS infinity
load average:2,96 1,93 1,67

/proc/meminfo:
MemTotal:        4138828 kB
MemFree:          248752 kB
MemAvailable:     206488 kB
Buffers:            6204 kB
Cached:           122924 kB
SwapCached:            0 kB
Active:          3701344 kB
Inactive:          77656 kB
Active(anon):    3651164 kB
Inactive(anon):    48008 kB
Active(file):      50180 kB
Inactive(file):    29648 kB
Unevictable:           0 kB
Mlocked:               0 kB
HighTotal:       3280392 kB
HighFree:          59816 kB
LowTotal:         858436 kB
LowFree:          188936 kB
SwapTotal:             0 kB
SwapFree:              0 kB
Dirty:               656 kB
Writeback:             0 kB
AnonPages:       3649908 kB
Mapped:           108588 kB
Shmem:             49272 kB
Slab:              44344 kB
SReclaimable:      20856 kB
SUnreclaim:        23488 kB
KernelStack:        5720 kB
PageTables:        23368 kB
NFS_Unstable:          0 kB
Bounce:               16 kB
WritebackTmp:          0 kB
CommitLimit:     2069412 kB
Committed_AS:   10426848 kB
VmallocTotal:     122880 kB
VmallocUsed:       41296 kB
VmallocChunk:      76484 kB
AnonHugePages:   1949696 kB
CmaTotal:              0 kB
CmaFree:               0 kB
HugePages_Total:       0
HugePages_Free:        0
HugePages_Rsvd:        0
HugePages_Surp:        0
Hugepagesize:       2048 kB
DirectMap4k:       30712 kB
DirectMap2M:      882688 kB


CPU:total 2 (2 cores per cpu, 1 threads per core) family 6 model 23 stepping 10, cmov, cx8, fxsr, mmx, sse, sse2, sse3, ssse3, sse4.1, tsc

/proc/cpuinfo:
processor	: 0
vendor_id	: GenuineIntel
cpu family	: 6
model		: 23
model name	: Intel(R) Core(TM)2 Duo CPU     E7500  @ 2.93GHz
stepping	: 10
microcode	: 0xa07
cpu MHz		: 2936.000
cache size	: 3072 KB
physical id	: 0
siblings	: 2
core id		: 0
cpu cores	: 2
apicid		: 0
initial apicid	: 0
fdiv_bug	: no
f00f_bug	: no
coma_bug	: no
fpu		: yes
fpu_exception	: yes
cpuid level	: 13
wp		: yes
flags		: fpu vme de pse tsc msr pae mce cx8 apic sep mtrr pge mca cmov pat pse36 clflush dts acpi mmx fxsr sse sse2 ss ht tm pbe nx lm constant_tsc arch_perfmon pebs bts aperfmperf pni dtes64 monitor ds_cpl vmx est tm2 ssse3 cx16 xtpr pdcm sse4_1 xsave lahf_lm dtherm tpr_shadow vnmi flexpriority
bugs		:
bogomips	: 5866.76
clflush size	: 64
cache_alignment	: 64
address sizes	: 36 bits physical, 48 bits virtual
power management:

processor	: 1
vendor_id	: GenuineIntel
cpu family	: 6
model		: 23
model name	: Intel(R) Core(TM)2 Duo CPU     E7500  @ 2.93GHz
stepping	: 10
microcode	: 0xa07
cpu MHz		: 2936.000
cache size	: 3072 KB
physical id	: 0
siblings	: 2
core id		: 1
cpu cores	: 2
apicid		: 1
initial apicid	: 1
fdiv_bug	: no
f00f_bug	: no
coma_bug	: no
fpu		: yes
fpu_exception	: yes
cpuid level	: 13
wp		: yes
flags		: fpu vme de pse tsc msr pae mce cx8 apic sep mtrr pge mca cmov pat pse36 clflush dts acpi mmx fxsr sse sse2 ss ht tm pbe nx lm constant_tsc arch_perfmon pebs bts aperfmperf pni dtes64 monitor ds_cpl vmx est tm2 ssse3 cx16 xtpr pdcm sse4_1 xsave lahf_lm dtherm tpr_shadow vnmi flexpriority
bugs		:
bogomips	: 5866.76
clflush size	: 64
cache_alignment	: 64
address sizes	: 36 bits physical, 48 bits virtual
power management:



Memory: 4k page, physical 4138828k(248752k free), swap 0k(0k free)

vm_info: Java HotSpot(TM) Server VM (25.101-b13) for linux-x86 JRE (1.8.0_101-b13), built on Jun 22 2016 02:31:35 by "java_re" with gcc 4.3.0 20080428 (Red Hat 4.3.0-8)

time: Fri Sep 23 15:46:41 2016
elapsed time: 8 seconds (0d 0h 0m 8s)

